<?xml version="1.0" encoding="utf-8"?>
<CoverageSession xmlns:xsd="http://www.w3.org/2001/XMLSchema" xmlns:xsi="http://www.w3.org/2001/XMLSchema-instance" Version="4.6.0.0">
  <Summary numSequencePoints="779" visitedSequencePoints="487" numBranchPoints="198" visitedBranchPoints="155" sequenceCoverage="62.52" branchCoverage="78.28" maxCyclomaticComplexity="159" minCyclomaticComplexity="1" maxCrapScore="168.13" minCrapScore="1" visitedClasses="5" numClasses="9" visitedMethods="12" numMethods="24" />
  <Modules>
    <Module hash="68-68-35-6D-AC-51-7C-EC-63-BA-B7-72-70-AE-8E-41-5A-1D-FD-3A">
      <Summary numSequencePoints="779" visitedSequencePoints="487" numBranchPoints="198" visitedBranchPoints="155" sequenceCoverage="62.52" branchCoverage="78.28" maxCyclomaticComplexity="159" minCyclomaticComplexity="1" maxCrapScore="168.13" minCrapScore="1" visitedClasses="5" numClasses="9" visitedMethods="12" numMethods="24" />
      <ModulePath>C:\Users\caleb\source\repos\Chordnomicon Prototype 1\Chordnomicon Prototype 1\bin\Debug\Chordnomicon Prototype 1.exe</ModulePath>
      <ModuleTime>2018-05-22T03:37:21.3973036Z</ModuleTime>
      <ModuleName>Chordnomicon Prototype 1</ModuleName>
      <Files>
        <File uid="1" fullPath="C:\Users\caleb\source\repos\Chordnomicon Prototype 1\Chordnomicon Prototype 1\Chord.cs" />
        <File uid="2" fullPath="C:\Users\caleb\source\repos\Chordnomicon Prototype 1\Chordnomicon Prototype 1\ChordFactory.cs" />
        <File uid="3" fullPath="C:\Users\caleb\source\repos\Chordnomicon Prototype 1\Chordnomicon Prototype 1\ChordFactoryTest.cs" />
        <File uid="4" fullPath="C:\Users\caleb\source\repos\Chordnomicon Prototype 1\Chordnomicon Prototype 1\Mode.cs" />
        <File uid="5" fullPath="C:\Users\caleb\source\repos\Chordnomicon Prototype 1\Chordnomicon Prototype 1\Note.cs" />
        <File uid="6" fullPath="C:\Users\caleb\source\repos\Chordnomicon Prototype 1\Chordnomicon Prototype 1\NoteFactory.cs" />
        <File uid="7" fullPath="C:\Users\caleb\source\repos\Chordnomicon Prototype 1\Chordnomicon Prototype 1\NoteFactoryTest.cs" />
        <File uid="8" fullPath="C:\Users\caleb\source\repos\Chordnomicon Prototype 1\Chordnomicon Prototype 1\Program.cs" />
        <File uid="9" fullPath="C:\Users\caleb\source\repos\Chordnomicon Prototype 1\Chordnomicon Prototype 1\Progression.cs" />
      </Files>
      <Classes>
        <Class>
          <Summary numSequencePoints="26" visitedSequencePoints="17" numBranchPoints="8" visitedBranchPoints="5" sequenceCoverage="65.38" branchCoverage="62.5" maxCyclomaticComplexity="2" minCyclomaticComplexity="1" maxCrapScore="2" minCrapScore="1" visitedClasses="1" numClasses="1" visitedMethods="3" numMethods="6" />
          <FullName>Chordnomicon_Prototype_1.Chord</FullName>
          <Methods>
            <Method visited="true" cyclomaticComplexity="1" nPathComplexity="0" sequenceCoverage="100" branchCoverage="100" crapScore="1" isConstructor="true" isStatic="false" isGetter="false" isSetter="false">
              <Summary numSequencePoints="4" visitedSequencePoints="4" numBranchPoints="1" visitedBranchPoints="1" sequenceCoverage="100" branchCoverage="100" maxCyclomaticComplexity="1" minCyclomaticComplexity="1" maxCrapScore="1" minCrapScore="1" visitedClasses="0" numClasses="0" visitedMethods="1" numMethods="1" />
              <MetadataToken>100663297</MetadataToken>
              <Name>System.Void Chordnomicon_Prototype_1.Chord::.ctor()</Name>
              <FileRef uid="1" />
              <SequencePoints>
                <SequencePoint vc="44" uspid="1" ordinal="0" offset="0" sl="17" sc="9" el="17" ec="45" bec="0" bev="0" fileid="1">
                  <TrackedMethodRefs>
                    <TrackedMethodRef uid="1" vc="43" />
                  </TrackedMethodRefs>
                </SequencePoint>
                <SequencePoint vc="44" uspid="2" ordinal="1" offset="11" sl="12" sc="9" el="12" ec="23" bec="0" bev="0" fileid="1">
                  <TrackedMethodRefs>
                    <TrackedMethodRef uid="1" vc="43" />
                  </TrackedMethodRefs>
                </SequencePoint>
                <SequencePoint vc="44" uspid="3" ordinal="2" offset="18" sl="12" sc="24" el="12" ec="25" bec="0" bev="0" fileid="1">
                  <TrackedMethodRefs>
                    <TrackedMethodRef uid="1" vc="43" />
                  </TrackedMethodRefs>
                </SequencePoint>
                <SequencePoint vc="44" uspid="4" ordinal="3" offset="19" sl="12" sc="26" el="12" ec="27" bec="0" bev="0" fileid="1">
                  <TrackedMethodRefs>
                    <TrackedMethodRef uid="1" vc="43" />
                  </TrackedMethodRefs>
                </SequencePoint>
              </SequencePoints>
              <BranchPoints />
              <MethodPoint xsi:type="SequencePoint" vc="44" uspid="1" ordinal="0" offset="0" sl="17" sc="9" el="17" ec="45" bec="0" bev="0" fileid="1">
                <TrackedMethodRefs>
                  <TrackedMethodRef uid="1" vc="43" />
                </TrackedMethodRefs>
              </MethodPoint>
            </Method>
            <Method visited="false" cyclomaticComplexity="1" nPathComplexity="0" sequenceCoverage="0" branchCoverage="0" crapScore="2" isConstructor="false" isStatic="false" isGetter="false" isSetter="false">
              <Summary numSequencePoints="3" visitedSequencePoints="0" numBranchPoints="1" visitedBranchPoints="0" sequenceCoverage="0" branchCoverage="0" maxCyclomaticComplexity="1" minCyclomaticComplexity="1" maxCrapScore="2" minCrapScore="2" visitedClasses="0" numClasses="0" visitedMethods="0" numMethods="1" />
              <MetadataToken>100663298</MetadataToken>
              <Name>System.Void Chordnomicon_Prototype_1.Chord::setName(System.String)</Name>
              <FileRef uid="1" />
              <SequencePoints>
                <SequencePoint vc="0" uspid="5" ordinal="0" offset="0" sl="15" sc="43" el="15" ec="44" bec="0" bev="0" fileid="1" />
                <SequencePoint vc="0" uspid="6" ordinal="1" offset="1" sl="15" sc="45" el="15" ec="58" bec="0" bev="0" fileid="1" />
                <SequencePoint vc="0" uspid="7" ordinal="2" offset="8" sl="15" sc="59" el="15" ec="60" bec="0" bev="0" fileid="1" />
              </SequencePoints>
              <BranchPoints />
              <MethodPoint xsi:type="SequencePoint" vc="0" uspid="5" ordinal="0" offset="0" sl="15" sc="43" el="15" ec="44" bec="0" bev="0" fileid="1" />
            </Method>
            <Method visited="true" cyclomaticComplexity="1" nPathComplexity="0" sequenceCoverage="100" branchCoverage="100" crapScore="1" isConstructor="false" isStatic="false" isGetter="false" isSetter="false">
              <Summary numSequencePoints="3" visitedSequencePoints="3" numBranchPoints="1" visitedBranchPoints="1" sequenceCoverage="100" branchCoverage="100" maxCyclomaticComplexity="1" minCyclomaticComplexity="1" maxCrapScore="1" minCrapScore="1" visitedClasses="0" numClasses="0" visitedMethods="1" numMethods="1" />
              <MetadataToken>100663299</MetadataToken>
              <Name>System.Void Chordnomicon_Prototype_1.Chord::addNote(Chordnomicon_Prototype_1.Note)</Name>
              <FileRef uid="1" />
              <SequencePoints>
                <SequencePoint vc="179" uspid="8" ordinal="0" offset="0" sl="18" sc="40" el="18" ec="41" bec="0" bev="0" fileid="1">
                  <TrackedMethodRefs>
                    <TrackedMethodRef uid="1" vc="179" />
                  </TrackedMethodRefs>
                </SequencePoint>
                <SequencePoint vc="179" uspid="9" ordinal="1" offset="1" sl="18" sc="42" el="18" ec="58" bec="0" bev="0" fileid="1">
                  <TrackedMethodRefs>
                    <TrackedMethodRef uid="1" vc="179" />
                  </TrackedMethodRefs>
                </SequencePoint>
                <SequencePoint vc="179" uspid="10" ordinal="2" offset="14" sl="18" sc="59" el="18" ec="60" bec="0" bev="0" fileid="1">
                  <TrackedMethodRefs>
                    <TrackedMethodRef uid="1" vc="179" />
                  </TrackedMethodRefs>
                </SequencePoint>
              </SequencePoints>
              <BranchPoints />
              <MethodPoint xsi:type="SequencePoint" vc="179" uspid="8" ordinal="0" offset="0" sl="18" sc="40" el="18" ec="41" bec="0" bev="0" fileid="1">
                <TrackedMethodRefs>
                  <TrackedMethodRef uid="1" vc="179" />
                </TrackedMethodRefs>
              </MethodPoint>
            </Method>
            <Method visited="true" cyclomaticComplexity="2" nPathComplexity="2" sequenceCoverage="100" branchCoverage="100" crapScore="2" isConstructor="false" isStatic="false" isGetter="false" isSetter="false">
              <Summary numSequencePoints="10" visitedSequencePoints="10" numBranchPoints="3" visitedBranchPoints="3" sequenceCoverage="100" branchCoverage="100" maxCyclomaticComplexity="2" minCyclomaticComplexity="2" maxCrapScore="2" minCrapScore="2" visitedClasses="0" numClasses="0" visitedMethods="1" numMethods="1" />
              <MetadataToken>100663300</MetadataToken>
              <Name>System.String Chordnomicon_Prototype_1.Chord::getNotes()</Name>
              <FileRef uid="1" />
              <SequencePoints>
                <SequencePoint vc="43" uspid="11" ordinal="0" offset="0" sl="20" sc="9" el="20" ec="10" bec="0" bev="0" fileid="1">
                  <TrackedMethodRefs>
                    <TrackedMethodRef uid="1" vc="43" />
                  </TrackedMethodRefs>
                </SequencePoint>
                <SequencePoint vc="43" uspid="12" ordinal="1" offset="1" sl="21" sc="13" el="21" ec="64" bec="0" bev="0" fileid="1">
                  <TrackedMethodRefs>
                    <TrackedMethodRef uid="1" vc="43" />
                  </TrackedMethodRefs>
                </SequencePoint>
                <SequencePoint vc="43" uspid="13" ordinal="2" offset="19" sl="22" sc="18" el="22" ec="27" bec="0" bev="0" fileid="1">
                  <TrackedMethodRefs>
                    <TrackedMethodRef uid="1" vc="43" />
                  </TrackedMethodRefs>
                </SequencePoint>
                <SequencePoint vc="136" uspid="14" ordinal="3" offset="23" sl="23" sc="13" el="23" ec="14" bec="0" bev="0" fileid="1">
                  <TrackedMethodRefs>
                    <TrackedMethodRef uid="1" vc="136" />
                  </TrackedMethodRefs>
                </SequencePoint>
                <SequencePoint vc="136" uspid="15" ordinal="4" offset="24" sl="24" sc="17" el="24" ec="83" bec="0" bev="0" fileid="1">
                  <TrackedMethodRefs>
                    <TrackedMethodRef uid="1" vc="136" />
                  </TrackedMethodRefs>
                </SequencePoint>
                <SequencePoint vc="136" uspid="16" ordinal="5" offset="53" sl="25" sc="13" el="25" ec="14" bec="0" bev="0" fileid="1">
                  <TrackedMethodRefs>
                    <TrackedMethodRef uid="1" vc="136" />
                  </TrackedMethodRefs>
                </SequencePoint>
                <SequencePoint vc="136" uspid="17" ordinal="6" offset="54" sl="22" sc="48" el="22" ec="51" bec="0" bev="0" fileid="1">
                  <TrackedMethodRefs>
                    <TrackedMethodRef uid="1" vc="136" />
                  </TrackedMethodRefs>
                </SequencePoint>
                <SequencePoint vc="179" uspid="18" ordinal="7" offset="58" sl="22" sc="29" el="22" ec="46" bec="2" bev="2" fileid="1">
                  <TrackedMethodRefs>
                    <TrackedMethodRef uid="1" vc="179" />
                  </TrackedMethodRefs>
                </SequencePoint>
                <SequencePoint vc="43" uspid="19" ordinal="8" offset="76" sl="26" sc="13" el="26" ec="33" bec="0" bev="0" fileid="1">
                  <TrackedMethodRefs>
                    <TrackedMethodRef uid="1" vc="43" />
                  </TrackedMethodRefs>
                </SequencePoint>
                <SequencePoint vc="43" uspid="20" ordinal="9" offset="80" sl="27" sc="9" el="27" ec="10" bec="0" bev="0" fileid="1">
                  <TrackedMethodRefs>
                    <TrackedMethodRef uid="1" vc="43" />
                  </TrackedMethodRefs>
                </SequencePoint>
              </SequencePoints>
              <BranchPoints>
                <BranchPoint vc="43" uspid="21" ordinal="0" offset="74" sl="22" path="0" offsetend="76" fileid="1">
                  <TrackedMethodRefs>
                    <TrackedMethodRef uid="1" vc="43" />
                  </TrackedMethodRefs>
                </BranchPoint>
                <BranchPoint vc="136" uspid="22" ordinal="1" offset="74" sl="22" path="1" offsetend="23" fileid="1">
                  <TrackedMethodRefs>
                    <TrackedMethodRef uid="1" vc="136" />
                  </TrackedMethodRefs>
                </BranchPoint>
              </BranchPoints>
              <MethodPoint xsi:type="SequencePoint" vc="43" uspid="11" ordinal="0" offset="0" sl="20" sc="9" el="20" ec="10" bec="0" bev="0" fileid="1">
                <TrackedMethodRefs>
                  <TrackedMethodRef uid="1" vc="43" />
                </TrackedMethodRefs>
              </MethodPoint>
            </Method>
            <Method visited="false" cyclomaticComplexity="1" nPathComplexity="0" sequenceCoverage="0" branchCoverage="0" crapScore="2" isConstructor="false" isStatic="false" isGetter="false" isSetter="false">
              <Summary numSequencePoints="3" visitedSequencePoints="0" numBranchPoints="1" visitedBranchPoints="0" sequenceCoverage="0" branchCoverage="0" maxCyclomaticComplexity="1" minCyclomaticComplexity="1" maxCrapScore="2" minCrapScore="2" visitedClasses="0" numClasses="0" visitedMethods="0" numMethods="1" />
              <MetadataToken>100663301</MetadataToken>
              <Name>System.Int32 Chordnomicon_Prototype_1.Chord::getSize()</Name>
              <FileRef uid="1" />
              <SequencePoints>
                <SequencePoint vc="0" uspid="23" ordinal="0" offset="0" sl="28" sc="30" el="28" ec="31" bec="0" bev="0" fileid="1" />
                <SequencePoint vc="0" uspid="24" ordinal="1" offset="1" sl="28" sc="32" el="28" ec="51" bec="0" bev="0" fileid="1" />
                <SequencePoint vc="0" uspid="25" ordinal="2" offset="15" sl="28" sc="52" el="28" ec="53" bec="0" bev="0" fileid="1" />
              </SequencePoints>
              <BranchPoints />
              <MethodPoint xsi:type="SequencePoint" vc="0" uspid="23" ordinal="0" offset="0" sl="28" sc="30" el="28" ec="31" bec="0" bev="0" fileid="1" />
            </Method>
            <Method visited="false" cyclomaticComplexity="1" nPathComplexity="0" sequenceCoverage="0" branchCoverage="0" crapScore="2" isConstructor="false" isStatic="false" isGetter="false" isSetter="false">
              <Summary numSequencePoints="3" visitedSequencePoints="0" numBranchPoints="1" visitedBranchPoints="0" sequenceCoverage="0" branchCoverage="0" maxCyclomaticComplexity="1" minCyclomaticComplexity="1" maxCrapScore="2" minCrapScore="2" visitedClasses="0" numClasses="0" visitedMethods="0" numMethods="1" />
              <MetadataToken>100663302</MetadataToken>
              <Name>System.Int32 Chordnomicon_Prototype_1.Chord::getTonicValue()</Name>
              <FileRef uid="1" />
              <SequencePoints>
                <SequencePoint vc="0" uspid="26" ordinal="0" offset="0" sl="29" sc="36" el="29" ec="37" bec="0" bev="0" fileid="1" />
                <SequencePoint vc="0" uspid="27" ordinal="1" offset="1" sl="29" sc="38" el="29" ec="75" bec="0" bev="0" fileid="1" />
                <SequencePoint vc="0" uspid="28" ordinal="2" offset="21" sl="29" sc="76" el="29" ec="77" bec="0" bev="0" fileid="1" />
              </SequencePoints>
              <BranchPoints />
              <MethodPoint xsi:type="SequencePoint" vc="0" uspid="26" ordinal="0" offset="0" sl="29" sc="36" el="29" ec="37" bec="0" bev="0" fileid="1" />
            </Method>
          </Methods>
        </Class>
        <Class>
          <Summary numSequencePoints="275" visitedSequencePoints="256" numBranchPoints="94" visitedBranchPoints="86" sequenceCoverage="93.09" branchCoverage="91.49" maxCyclomaticComplexity="159" minCyclomaticComplexity="1" maxCrapScore="168.13" minCrapScore="2" visitedClasses="1" numClasses="1" visitedMethods="2" numMethods="2" />
          <FullName>Chordnomicon_Prototype_1.ChordFactory</FullName>
          <Methods>
            <Method visited="true" cyclomaticComplexity="159" nPathComplexity="8192" sequenceCoverage="92.88" branchCoverage="91.21" crapScore="168.13" isConstructor="false" isStatic="true" isGetter="false" isSetter="false">
              <Summary numSequencePoints="267" visitedSequencePoints="248" numBranchPoints="91" visitedBranchPoints="83" sequenceCoverage="92.88" branchCoverage="91.21" maxCyclomaticComplexity="159" minCyclomaticComplexity="159" maxCrapScore="168.13" minCrapScore="168.13" visitedClasses="0" numClasses="0" visitedMethods="1" numMethods="1" />
              <MetadataToken>100663303</MetadataToken>
              <Name>Chordnomicon_Prototype_1.Chord Chordnomicon_Prototype_1.ChordFactory::getChordByName(System.String)</Name>
              <FileRef uid="2" />
              <SequencePoints>
                <SequencePoint vc="43" uspid="29" ordinal="0" offset="0" sl="12" sc="9" el="12" ec="10" bec="0" bev="0" fileid="2">
                  <TrackedMethodRefs>
                    <TrackedMethodRef uid="1" vc="43" />
                  </TrackedMethodRefs>
                </SequencePoint>
                <SequencePoint vc="43" uspid="30" ordinal="1" offset="1" sl="13" sc="13" el="13" ec="34" bec="0" bev="0" fileid="2">
                  <TrackedMethodRefs>
                    <TrackedMethodRef uid="1" vc="43" />
                  </TrackedMethodRefs>
                </SequencePoint>
                <SequencePoint vc="43" uspid="31" ordinal="2" offset="7" sl="14" sc="13" el="14" ec="40" bec="0" bev="0" fileid="2">
                  <TrackedMethodRefs>
                    <TrackedMethodRef uid="1" vc="43" />
                  </TrackedMethodRefs>
                </SequencePoint>
                <SequencePoint vc="43" uspid="32" ordinal="3" offset="13" sl="15" sc="13" el="15" ec="44" bec="0" bev="0" fileid="2">
                  <TrackedMethodRefs>
                    <TrackedMethodRef uid="1" vc="43" />
                  </TrackedMethodRefs>
                </SequencePoint>
                <SequencePoint vc="43" uspid="33" ordinal="4" offset="20" sl="18" sc="13" el="18" ec="35" bec="2" bev="2" fileid="2">
                  <TrackedMethodRefs>
                    <TrackedMethodRef uid="1" vc="43" />
                  </TrackedMethodRefs>
                </SequencePoint>
                <SequencePoint vc="1" uspid="34" ordinal="5" offset="32" sl="19" sc="13" el="19" ec="14" bec="0" bev="0" fileid="2">
                  <TrackedMethodRefs>
                    <TrackedMethodRef uid="1" vc="1" />
                  </TrackedMethodRefs>
                </SequencePoint>
                <SequencePoint vc="1" uspid="35" ordinal="6" offset="33" sl="20" sc="17" el="20" ec="33" bec="0" bev="0" fileid="2">
                  <TrackedMethodRefs>
                    <TrackedMethodRef uid="1" vc="1" />
                  </TrackedMethodRefs>
                </SequencePoint>
                <SequencePoint vc="1" uspid="36" ordinal="7" offset="35" sl="21" sc="17" el="21" ec="56" bec="0" bev="0" fileid="2">
                  <TrackedMethodRefs>
                    <TrackedMethodRef uid="1" vc="1" />
                  </TrackedMethodRefs>
                </SequencePoint>
                <SequencePoint vc="1" uspid="37" ordinal="8" offset="46" sl="22" sc="22" el="22" ec="31" bec="0" bev="0" fileid="2">
                  <TrackedMethodRefs>
                    <TrackedMethodRef uid="1" vc="1" />
                  </TrackedMethodRefs>
                </SequencePoint>
                <SequencePoint vc="0" uspid="38" ordinal="9" offset="51" sl="22" sc="60" el="22" ec="61" bec="0" bev="0" fileid="2" />
                <SequencePoint vc="0" uspid="39" ordinal="10" offset="52" sl="22" sc="62" el="22" ec="90" bec="0" bev="0" fileid="2" />
                <SequencePoint vc="0" uspid="40" ordinal="11" offset="62" sl="22" sc="91" el="22" ec="92" bec="0" bev="0" fileid="2" />
                <SequencePoint vc="0" uspid="41" ordinal="12" offset="63" sl="22" sc="55" el="22" ec="58" bec="0" bev="0" fileid="2" />
                <SequencePoint vc="1" uspid="42" ordinal="13" offset="69" sl="22" sc="33" el="22" ec="53" bec="2" bev="1" fileid="2">
                  <TrackedMethodRefs>
                    <TrackedMethodRef uid="1" vc="1" />
                  </TrackedMethodRefs>
                </SequencePoint>
                <SequencePoint vc="1" uspid="43" ordinal="14" offset="82" sl="23" sc="13" el="23" ec="14" bec="0" bev="0" fileid="2">
                  <TrackedMethodRefs>
                    <TrackedMethodRef uid="1" vc="1" />
                  </TrackedMethodRefs>
                </SequencePoint>
                <SequencePoint vc="42" uspid="44" ordinal="15" offset="88" sl="24" sc="18" el="24" ec="79" bec="2" bev="2" fileid="2">
                  <TrackedMethodRefs>
                    <TrackedMethodRef uid="1" vc="42" />
                  </TrackedMethodRefs>
                </SequencePoint>
                <SequencePoint vc="4" uspid="45" ordinal="16" offset="120" sl="25" sc="13" el="25" ec="14" bec="0" bev="0" fileid="2">
                  <TrackedMethodRefs>
                    <TrackedMethodRef uid="1" vc="4" />
                  </TrackedMethodRefs>
                </SequencePoint>
                <SequencePoint vc="4" uspid="46" ordinal="17" offset="121" sl="26" sc="17" el="26" ec="70" bec="0" bev="0" fileid="2">
                  <TrackedMethodRefs>
                    <TrackedMethodRef uid="1" vc="4" />
                  </TrackedMethodRefs>
                </SequencePoint>
                <SequencePoint vc="4" uspid="47" ordinal="18" offset="151" sl="27" sc="17" el="27" ec="56" bec="0" bev="0" fileid="2">
                  <TrackedMethodRefs>
                    <TrackedMethodRef uid="1" vc="4" />
                  </TrackedMethodRefs>
                </SequencePoint>
                <SequencePoint vc="4" uspid="48" ordinal="19" offset="162" sl="28" sc="21" el="28" ec="30" bec="0" bev="0" fileid="2">
                  <TrackedMethodRefs>
                    <TrackedMethodRef uid="1" vc="4" />
                  </TrackedMethodRefs>
                </SequencePoint>
                <SequencePoint vc="3" uspid="49" ordinal="20" offset="167" sl="28" sc="59" el="28" ec="60" bec="0" bev="0" fileid="2">
                  <TrackedMethodRefs>
                    <TrackedMethodRef uid="1" vc="3" />
                  </TrackedMethodRefs>
                </SequencePoint>
                <SequencePoint vc="3" uspid="50" ordinal="21" offset="168" sl="28" sc="61" el="28" ec="89" bec="0" bev="0" fileid="2">
                  <TrackedMethodRefs>
                    <TrackedMethodRef uid="1" vc="3" />
                  </TrackedMethodRefs>
                </SequencePoint>
                <SequencePoint vc="3" uspid="51" ordinal="22" offset="178" sl="28" sc="90" el="28" ec="91" bec="0" bev="0" fileid="2">
                  <TrackedMethodRefs>
                    <TrackedMethodRef uid="1" vc="3" />
                  </TrackedMethodRefs>
                </SequencePoint>
                <SequencePoint vc="3" uspid="52" ordinal="23" offset="179" sl="28" sc="54" el="28" ec="57" bec="0" bev="0" fileid="2">
                  <TrackedMethodRefs>
                    <TrackedMethodRef uid="1" vc="3" />
                  </TrackedMethodRefs>
                </SequencePoint>
                <SequencePoint vc="7" uspid="53" ordinal="24" offset="185" sl="28" sc="32" el="28" ec="52" bec="2" bev="2" fileid="2">
                  <TrackedMethodRefs>
                    <TrackedMethodRef uid="1" vc="7" />
                  </TrackedMethodRefs>
                </SequencePoint>
                <SequencePoint vc="4" uspid="54" ordinal="25" offset="198" sl="29" sc="13" el="29" ec="14" bec="0" bev="0" fileid="2">
                  <TrackedMethodRefs>
                    <TrackedMethodRef uid="1" vc="4" />
                  </TrackedMethodRefs>
                </SequencePoint>
                <SequencePoint vc="38" uspid="55" ordinal="26" offset="201" sl="30" sc="18" el="30" ec="79" bec="2" bev="1" fileid="2">
                  <TrackedMethodRefs>
                    <TrackedMethodRef uid="1" vc="38" />
                  </TrackedMethodRefs>
                </SequencePoint>
                <SequencePoint vc="38" uspid="56" ordinal="27" offset="236" sl="31" sc="13" el="31" ec="14" bec="0" bev="0" fileid="2">
                  <TrackedMethodRefs>
                    <TrackedMethodRef uid="1" vc="38" />
                  </TrackedMethodRefs>
                </SequencePoint>
                <SequencePoint vc="38" uspid="57" ordinal="28" offset="237" sl="32" sc="17" el="32" ec="48" bec="0" bev="0" fileid="2">
                  <TrackedMethodRefs>
                    <TrackedMethodRef uid="1" vc="38" />
                  </TrackedMethodRefs>
                </SequencePoint>
                <SequencePoint vc="38" uspid="58" ordinal="29" offset="250" sl="33" sc="17" el="33" ec="56" bec="0" bev="0" fileid="2">
                  <TrackedMethodRefs>
                    <TrackedMethodRef uid="1" vc="38" />
                  </TrackedMethodRefs>
                </SequencePoint>
                <SequencePoint vc="38" uspid="59" ordinal="30" offset="261" sl="34" sc="22" el="34" ec="31" bec="0" bev="0" fileid="2">
                  <TrackedMethodRefs>
                    <TrackedMethodRef uid="1" vc="38" />
                  </TrackedMethodRefs>
                </SequencePoint>
                <SequencePoint vc="138" uspid="60" ordinal="31" offset="266" sl="34" sc="60" el="34" ec="61" bec="0" bev="0" fileid="2">
                  <TrackedMethodRefs>
                    <TrackedMethodRef uid="1" vc="138" />
                  </TrackedMethodRefs>
                </SequencePoint>
                <SequencePoint vc="138" uspid="61" ordinal="32" offset="267" sl="34" sc="62" el="34" ec="90" bec="0" bev="0" fileid="2">
                  <TrackedMethodRefs>
                    <TrackedMethodRef uid="1" vc="138" />
                  </TrackedMethodRefs>
                </SequencePoint>
                <SequencePoint vc="138" uspid="62" ordinal="33" offset="277" sl="34" sc="91" el="34" ec="92" bec="0" bev="0" fileid="2">
                  <TrackedMethodRefs>
                    <TrackedMethodRef uid="1" vc="138" />
                  </TrackedMethodRefs>
                </SequencePoint>
                <SequencePoint vc="138" uspid="63" ordinal="34" offset="278" sl="34" sc="55" el="34" ec="58" bec="0" bev="0" fileid="2">
                  <TrackedMethodRefs>
                    <TrackedMethodRef uid="1" vc="138" />
                  </TrackedMethodRefs>
                </SequencePoint>
                <SequencePoint vc="176" uspid="64" ordinal="35" offset="284" sl="34" sc="33" el="34" ec="53" bec="2" bev="2" fileid="2">
                  <TrackedMethodRefs>
                    <TrackedMethodRef uid="1" vc="176" />
                  </TrackedMethodRefs>
                </SequencePoint>
                <SequencePoint vc="38" uspid="65" ordinal="36" offset="297" sl="35" sc="13" el="35" ec="14" bec="0" bev="0" fileid="2">
                  <TrackedMethodRefs>
                    <TrackedMethodRef uid="1" vc="38" />
                  </TrackedMethodRefs>
                </SequencePoint>
                <SequencePoint vc="0" uspid="66" ordinal="37" offset="300" sl="36" sc="18" el="36" ec="19" bec="0" bev="0" fileid="2" />
                <SequencePoint vc="0" uspid="67" ordinal="38" offset="301" sl="36" sc="20" el="36" ec="107" bec="0" bev="0" fileid="2" />
                <SequencePoint vc="43" uspid="68" ordinal="39" offset="317" sl="38" sc="13" el="38" ec="61" bec="0" bev="0" fileid="2">
                  <TrackedMethodRefs>
                    <TrackedMethodRef uid="1" vc="43" />
                  </TrackedMethodRefs>
                </SequencePoint>
                <SequencePoint vc="43" uspid="69" ordinal="40" offset="325" sl="40" sc="13" el="40" ec="34" bec="0" bev="0" fileid="2">
                  <TrackedMethodRefs>
                    <TrackedMethodRef uid="1" vc="43" />
                  </TrackedMethodRefs>
                </SequencePoint>
                <SequencePoint vc="43" uspid="70" ordinal="41" offset="334" sl="44" sc="13" el="44" ec="39" bec="2" bev="2" fileid="2">
                  <TrackedMethodRefs>
                    <TrackedMethodRef uid="1" vc="43" />
                  </TrackedMethodRefs>
                </SequencePoint>
                <SequencePoint vc="2" uspid="71" ordinal="42" offset="345" sl="45" sc="13" el="45" ec="14" bec="0" bev="0" fileid="2">
                  <TrackedMethodRefs>
                    <TrackedMethodRef uid="1" vc="2" />
                  </TrackedMethodRefs>
                </SequencePoint>
                <SequencePoint vc="2" uspid="72" ordinal="43" offset="346" sl="46" sc="17" el="46" ec="56" bec="0" bev="0" fileid="2">
                  <TrackedMethodRefs>
                    <TrackedMethodRef uid="1" vc="2" />
                  </TrackedMethodRefs>
                </SequencePoint>
                <SequencePoint vc="2" uspid="73" ordinal="44" offset="361" sl="47" sc="17" el="47" ec="56" bec="0" bev="0" fileid="2">
                  <TrackedMethodRefs>
                    <TrackedMethodRef uid="1" vc="2" />
                  </TrackedMethodRefs>
                </SequencePoint>
                <SequencePoint vc="2" uspid="74" ordinal="45" offset="376" sl="48" sc="13" el="48" ec="14" bec="0" bev="0" fileid="2">
                  <TrackedMethodRefs>
                    <TrackedMethodRef uid="1" vc="2" />
                  </TrackedMethodRefs>
                </SequencePoint>
                <SequencePoint vc="41" uspid="75" ordinal="46" offset="382" sl="50" sc="18" el="50" ec="67" bec="2" bev="2" fileid="2">
                  <TrackedMethodRefs>
                    <TrackedMethodRef uid="1" vc="41" />
                  </TrackedMethodRefs>
                </SequencePoint>
                <SequencePoint vc="2" uspid="76" ordinal="47" offset="404" sl="51" sc="13" el="51" ec="14" bec="0" bev="0" fileid="2">
                  <TrackedMethodRefs>
                    <TrackedMethodRef uid="1" vc="2" />
                  </TrackedMethodRefs>
                </SequencePoint>
                <SequencePoint vc="2" uspid="77" ordinal="48" offset="405" sl="52" sc="17" el="52" ec="56" bec="0" bev="0" fileid="2">
                  <TrackedMethodRefs>
                    <TrackedMethodRef uid="1" vc="2" />
                  </TrackedMethodRefs>
                </SequencePoint>
                <SequencePoint vc="2" uspid="78" ordinal="49" offset="420" sl="53" sc="13" el="53" ec="14" bec="0" bev="0" fileid="2">
                  <TrackedMethodRefs>
                    <TrackedMethodRef uid="1" vc="2" />
                  </TrackedMethodRefs>
                </SequencePoint>
                <SequencePoint vc="39" uspid="79" ordinal="50" offset="426" sl="55" sc="18" el="55" ec="136" bec="2" bev="2" fileid="2">
                  <TrackedMethodRefs>
                    <TrackedMethodRef uid="1" vc="39" />
                  </TrackedMethodRefs>
                </SequencePoint>
                <SequencePoint vc="1" uspid="80" ordinal="51" offset="469" sl="56" sc="13" el="56" ec="14" bec="0" bev="0" fileid="2">
                  <TrackedMethodRefs>
                    <TrackedMethodRef uid="1" vc="1" />
                  </TrackedMethodRefs>
                </SequencePoint>
                <SequencePoint vc="1" uspid="81" ordinal="52" offset="470" sl="57" sc="17" el="57" ec="56" bec="0" bev="0" fileid="2">
                  <TrackedMethodRefs>
                    <TrackedMethodRef uid="1" vc="1" />
                  </TrackedMethodRefs>
                </SequencePoint>
                <SequencePoint vc="1" uspid="82" ordinal="53" offset="485" sl="58" sc="17" el="58" ec="56" bec="0" bev="0" fileid="2">
                  <TrackedMethodRefs>
                    <TrackedMethodRef uid="1" vc="1" />
                  </TrackedMethodRefs>
                </SequencePoint>
                <SequencePoint vc="1" uspid="83" ordinal="54" offset="500" sl="59" sc="13" el="59" ec="14" bec="0" bev="0" fileid="2">
                  <TrackedMethodRefs>
                    <TrackedMethodRef uid="1" vc="1" />
                  </TrackedMethodRefs>
                </SequencePoint>
                <SequencePoint vc="38" uspid="84" ordinal="55" offset="506" sl="61" sc="18" el="61" ec="113" bec="2" bev="2" fileid="2">
                  <TrackedMethodRefs>
                    <TrackedMethodRef uid="1" vc="38" />
                  </TrackedMethodRefs>
                </SequencePoint>
                <SequencePoint vc="1" uspid="85" ordinal="56" offset="542" sl="62" sc="13" el="62" ec="14" bec="0" bev="0" fileid="2">
                  <TrackedMethodRefs>
                    <TrackedMethodRef uid="1" vc="1" />
                  </TrackedMethodRefs>
                </SequencePoint>
                <SequencePoint vc="1" uspid="86" ordinal="57" offset="543" sl="63" sc="17" el="63" ec="56" bec="0" bev="0" fileid="2">
                  <TrackedMethodRefs>
                    <TrackedMethodRef uid="1" vc="1" />
                  </TrackedMethodRefs>
                </SequencePoint>
                <SequencePoint vc="1" uspid="87" ordinal="58" offset="558" sl="64" sc="17" el="64" ec="56" bec="0" bev="0" fileid="2">
                  <TrackedMethodRefs>
                    <TrackedMethodRef uid="1" vc="1" />
                  </TrackedMethodRefs>
                </SequencePoint>
                <SequencePoint vc="1" uspid="88" ordinal="59" offset="573" sl="65" sc="13" el="65" ec="14" bec="0" bev="0" fileid="2">
                  <TrackedMethodRefs>
                    <TrackedMethodRef uid="1" vc="1" />
                  </TrackedMethodRefs>
                </SequencePoint>
                <SequencePoint vc="37" uspid="89" ordinal="60" offset="579" sl="67" sc="18" el="67" ec="136" bec="2" bev="2" fileid="2">
                  <TrackedMethodRefs>
                    <TrackedMethodRef uid="1" vc="37" />
                  </TrackedMethodRefs>
                </SequencePoint>
                <SequencePoint vc="1" uspid="90" ordinal="61" offset="622" sl="68" sc="13" el="68" ec="14" bec="0" bev="0" fileid="2">
                  <TrackedMethodRefs>
                    <TrackedMethodRef uid="1" vc="1" />
                  </TrackedMethodRefs>
                </SequencePoint>
                <SequencePoint vc="1" uspid="91" ordinal="62" offset="623" sl="69" sc="17" el="69" ec="56" bec="0" bev="0" fileid="2">
                  <TrackedMethodRefs>
                    <TrackedMethodRef uid="1" vc="1" />
                  </TrackedMethodRefs>
                </SequencePoint>
                <SequencePoint vc="1" uspid="92" ordinal="63" offset="638" sl="70" sc="17" el="70" ec="56" bec="0" bev="0" fileid="2">
                  <TrackedMethodRefs>
                    <TrackedMethodRef uid="1" vc="1" />
                  </TrackedMethodRefs>
                </SequencePoint>
                <SequencePoint vc="1" uspid="93" ordinal="64" offset="653" sl="71" sc="13" el="71" ec="14" bec="0" bev="0" fileid="2">
                  <TrackedMethodRefs>
                    <TrackedMethodRef uid="1" vc="1" />
                  </TrackedMethodRefs>
                </SequencePoint>
                <SequencePoint vc="36" uspid="94" ordinal="65" offset="659" sl="73" sc="18" el="73" ec="136" bec="2" bev="2" fileid="2">
                  <TrackedMethodRefs>
                    <TrackedMethodRef uid="1" vc="36" />
                  </TrackedMethodRefs>
                </SequencePoint>
                <SequencePoint vc="1" uspid="95" ordinal="66" offset="702" sl="74" sc="13" el="74" ec="14" bec="0" bev="0" fileid="2">
                  <TrackedMethodRefs>
                    <TrackedMethodRef uid="1" vc="1" />
                  </TrackedMethodRefs>
                </SequencePoint>
                <SequencePoint vc="1" uspid="96" ordinal="67" offset="703" sl="75" sc="17" el="75" ec="56" bec="0" bev="0" fileid="2">
                  <TrackedMethodRefs>
                    <TrackedMethodRef uid="1" vc="1" />
                  </TrackedMethodRefs>
                </SequencePoint>
                <SequencePoint vc="1" uspid="97" ordinal="68" offset="718" sl="76" sc="17" el="76" ec="56" bec="0" bev="0" fileid="2">
                  <TrackedMethodRefs>
                    <TrackedMethodRef uid="1" vc="1" />
                  </TrackedMethodRefs>
                </SequencePoint>
                <SequencePoint vc="1" uspid="98" ordinal="69" offset="733" sl="77" sc="17" el="77" ec="57" bec="0" bev="0" fileid="2">
                  <TrackedMethodRefs>
                    <TrackedMethodRef uid="1" vc="1" />
                  </TrackedMethodRefs>
                </SequencePoint>
                <SequencePoint vc="1" uspid="99" ordinal="70" offset="749" sl="78" sc="13" el="78" ec="14" bec="0" bev="0" fileid="2">
                  <TrackedMethodRefs>
                    <TrackedMethodRef uid="1" vc="1" />
                  </TrackedMethodRefs>
                </SequencePoint>
                <SequencePoint vc="35" uspid="100" ordinal="71" offset="755" sl="80" sc="18" el="80" ec="90" bec="2" bev="2" fileid="2">
                  <TrackedMethodRefs>
                    <TrackedMethodRef uid="1" vc="35" />
                  </TrackedMethodRefs>
                </SequencePoint>
                <SequencePoint vc="2" uspid="101" ordinal="72" offset="784" sl="81" sc="13" el="81" ec="14" bec="0" bev="0" fileid="2">
                  <TrackedMethodRefs>
                    <TrackedMethodRef uid="1" vc="2" />
                  </TrackedMethodRefs>
                </SequencePoint>
                <SequencePoint vc="2" uspid="102" ordinal="73" offset="785" sl="82" sc="17" el="82" ec="56" bec="0" bev="0" fileid="2">
                  <TrackedMethodRefs>
                    <TrackedMethodRef uid="1" vc="2" />
                  </TrackedMethodRefs>
                </SequencePoint>
                <SequencePoint vc="2" uspid="103" ordinal="74" offset="800" sl="83" sc="17" el="83" ec="56" bec="0" bev="0" fileid="2">
                  <TrackedMethodRefs>
                    <TrackedMethodRef uid="1" vc="2" />
                  </TrackedMethodRefs>
                </SequencePoint>
                <SequencePoint vc="2" uspid="104" ordinal="75" offset="815" sl="84" sc="17" el="84" ec="57" bec="0" bev="0" fileid="2">
                  <TrackedMethodRefs>
                    <TrackedMethodRef uid="1" vc="2" />
                  </TrackedMethodRefs>
                </SequencePoint>
                <SequencePoint vc="2" uspid="105" ordinal="76" offset="831" sl="85" sc="13" el="85" ec="14" bec="0" bev="0" fileid="2">
                  <TrackedMethodRefs>
                    <TrackedMethodRef uid="1" vc="2" />
                  </TrackedMethodRefs>
                </SequencePoint>
                <SequencePoint vc="33" uspid="106" ordinal="77" offset="837" sl="87" sc="18" el="87" ec="113" bec="2" bev="2" fileid="2">
                  <TrackedMethodRefs>
                    <TrackedMethodRef uid="1" vc="33" />
                  </TrackedMethodRefs>
                </SequencePoint>
                <SequencePoint vc="1" uspid="107" ordinal="78" offset="873" sl="88" sc="13" el="88" ec="14" bec="0" bev="0" fileid="2">
                  <TrackedMethodRefs>
                    <TrackedMethodRef uid="1" vc="1" />
                  </TrackedMethodRefs>
                </SequencePoint>
                <SequencePoint vc="1" uspid="108" ordinal="79" offset="874" sl="89" sc="17" el="89" ec="56" bec="0" bev="0" fileid="2">
                  <TrackedMethodRefs>
                    <TrackedMethodRef uid="1" vc="1" />
                  </TrackedMethodRefs>
                </SequencePoint>
                <SequencePoint vc="1" uspid="109" ordinal="80" offset="889" sl="90" sc="17" el="90" ec="56" bec="0" bev="0" fileid="2">
                  <TrackedMethodRefs>
                    <TrackedMethodRef uid="1" vc="1" />
                  </TrackedMethodRefs>
                </SequencePoint>
                <SequencePoint vc="1" uspid="110" ordinal="81" offset="904" sl="91" sc="13" el="91" ec="14" bec="0" bev="0" fileid="2">
                  <TrackedMethodRefs>
                    <TrackedMethodRef uid="1" vc="1" />
                  </TrackedMethodRefs>
                </SequencePoint>
                <SequencePoint vc="32" uspid="111" ordinal="82" offset="910" sl="93" sc="18" el="93" ec="113" bec="2" bev="2" fileid="2">
                  <TrackedMethodRefs>
                    <TrackedMethodRef uid="1" vc="32" />
                  </TrackedMethodRefs>
                </SequencePoint>
                <SequencePoint vc="1" uspid="112" ordinal="83" offset="946" sl="94" sc="13" el="94" ec="14" bec="0" bev="0" fileid="2">
                  <TrackedMethodRefs>
                    <TrackedMethodRef uid="1" vc="1" />
                  </TrackedMethodRefs>
                </SequencePoint>
                <SequencePoint vc="1" uspid="113" ordinal="84" offset="947" sl="95" sc="17" el="95" ec="56" bec="0" bev="0" fileid="2">
                  <TrackedMethodRefs>
                    <TrackedMethodRef uid="1" vc="1" />
                  </TrackedMethodRefs>
                </SequencePoint>
                <SequencePoint vc="1" uspid="114" ordinal="85" offset="962" sl="96" sc="17" el="96" ec="56" bec="0" bev="0" fileid="2">
                  <TrackedMethodRefs>
                    <TrackedMethodRef uid="1" vc="1" />
                  </TrackedMethodRefs>
                </SequencePoint>
                <SequencePoint vc="1" uspid="115" ordinal="86" offset="977" sl="97" sc="13" el="97" ec="14" bec="0" bev="0" fileid="2">
                  <TrackedMethodRefs>
                    <TrackedMethodRef uid="1" vc="1" />
                  </TrackedMethodRefs>
                </SequencePoint>
                <SequencePoint vc="31" uspid="116" ordinal="87" offset="983" sl="99" sc="18" el="100" ec="83" bec="2" bev="2" fileid="2">
                  <TrackedMethodRefs>
                    <TrackedMethodRef uid="1" vc="31" />
                  </TrackedMethodRefs>
                </SequencePoint>
                <SequencePoint vc="1" uspid="117" ordinal="88" offset="1040" sl="101" sc="13" el="101" ec="14" bec="0" bev="0" fileid="2">
                  <TrackedMethodRefs>
                    <TrackedMethodRef uid="1" vc="1" />
                  </TrackedMethodRefs>
                </SequencePoint>
                <SequencePoint vc="1" uspid="118" ordinal="89" offset="1041" sl="102" sc="17" el="102" ec="56" bec="0" bev="0" fileid="2">
                  <TrackedMethodRefs>
                    <TrackedMethodRef uid="1" vc="1" />
                  </TrackedMethodRefs>
                </SequencePoint>
                <SequencePoint vc="1" uspid="119" ordinal="90" offset="1056" sl="103" sc="17" el="103" ec="56" bec="0" bev="0" fileid="2">
                  <TrackedMethodRefs>
                    <TrackedMethodRef uid="1" vc="1" />
                  </TrackedMethodRefs>
                </SequencePoint>
                <SequencePoint vc="1" uspid="120" ordinal="91" offset="1071" sl="104" sc="17" el="104" ec="56" bec="0" bev="0" fileid="2">
                  <TrackedMethodRefs>
                    <TrackedMethodRef uid="1" vc="1" />
                  </TrackedMethodRefs>
                </SequencePoint>
                <SequencePoint vc="1" uspid="121" ordinal="92" offset="1086" sl="105" sc="13" el="105" ec="14" bec="0" bev="0" fileid="2">
                  <TrackedMethodRefs>
                    <TrackedMethodRef uid="1" vc="1" />
                  </TrackedMethodRefs>
                </SequencePoint>
                <SequencePoint vc="30" uspid="122" ordinal="93" offset="1092" sl="107" sc="18" el="107" ec="67" bec="2" bev="2" fileid="2">
                  <TrackedMethodRefs>
                    <TrackedMethodRef uid="1" vc="30" />
                  </TrackedMethodRefs>
                </SequencePoint>
                <SequencePoint vc="7" uspid="123" ordinal="94" offset="1117" sl="108" sc="13" el="108" ec="14" bec="0" bev="0" fileid="2">
                  <TrackedMethodRefs>
                    <TrackedMethodRef uid="1" vc="7" />
                  </TrackedMethodRefs>
                </SequencePoint>
                <SequencePoint vc="7" uspid="124" ordinal="95" offset="1118" sl="109" sc="17" el="109" ec="56" bec="0" bev="0" fileid="2">
                  <TrackedMethodRefs>
                    <TrackedMethodRef uid="1" vc="7" />
                  </TrackedMethodRefs>
                </SequencePoint>
                <SequencePoint vc="7" uspid="125" ordinal="96" offset="1133" sl="110" sc="16" el="110" ec="42" bec="2" bev="2" fileid="2">
                  <TrackedMethodRefs>
                    <TrackedMethodRef uid="1" vc="7" />
                  </TrackedMethodRefs>
                </SequencePoint>
                <SequencePoint vc="2" uspid="126" ordinal="97" offset="1145" sl="111" sc="16" el="111" ec="17" bec="0" bev="0" fileid="2">
                  <TrackedMethodRefs>
                    <TrackedMethodRef uid="1" vc="2" />
                  </TrackedMethodRefs>
                </SequencePoint>
                <SequencePoint vc="2" uspid="127" ordinal="98" offset="1146" sl="112" sc="21" el="112" ec="60" bec="0" bev="0" fileid="2">
                  <TrackedMethodRefs>
                    <TrackedMethodRef uid="1" vc="2" />
                  </TrackedMethodRefs>
                </SequencePoint>
                <SequencePoint vc="2" uspid="128" ordinal="99" offset="1161" sl="113" sc="21" el="113" ec="61" bec="0" bev="0" fileid="2">
                  <TrackedMethodRefs>
                    <TrackedMethodRef uid="1" vc="2" />
                  </TrackedMethodRefs>
                </SequencePoint>
                <SequencePoint vc="2" uspid="129" ordinal="100" offset="1177" sl="114" sc="16" el="114" ec="17" bec="0" bev="0" fileid="2">
                  <TrackedMethodRefs>
                    <TrackedMethodRef uid="1" vc="2" />
                  </TrackedMethodRefs>
                </SequencePoint>
                <SequencePoint vc="5" uspid="130" ordinal="101" offset="1183" sl="115" sc="21" el="115" ec="45" bec="2" bev="2" fileid="2">
                  <TrackedMethodRefs>
                    <TrackedMethodRef uid="1" vc="5" />
                  </TrackedMethodRefs>
                </SequencePoint>
                <SequencePoint vc="2" uspid="131" ordinal="102" offset="1196" sl="116" sc="16" el="116" ec="17" bec="0" bev="0" fileid="2">
                  <TrackedMethodRefs>
                    <TrackedMethodRef uid="1" vc="2" />
                  </TrackedMethodRefs>
                </SequencePoint>
                <SequencePoint vc="2" uspid="132" ordinal="103" offset="1197" sl="117" sc="21" el="117" ec="60" bec="0" bev="0" fileid="2">
                  <TrackedMethodRefs>
                    <TrackedMethodRef uid="1" vc="2" />
                  </TrackedMethodRefs>
                </SequencePoint>
                <SequencePoint vc="2" uspid="133" ordinal="104" offset="1212" sl="118" sc="21" el="118" ec="61" bec="0" bev="0" fileid="2">
                  <TrackedMethodRefs>
                    <TrackedMethodRef uid="1" vc="2" />
                  </TrackedMethodRefs>
                </SequencePoint>
                <SequencePoint vc="2" uspid="134" ordinal="105" offset="1228" sl="119" sc="21" el="119" ec="139" bec="2" bev="2" fileid="2">
                  <TrackedMethodRefs>
                    <TrackedMethodRef uid="1" vc="2" />
                  </TrackedMethodRefs>
                </SequencePoint>
                <SequencePoint vc="1" uspid="135" ordinal="106" offset="1271" sl="120" sc="21" el="120" ec="22" bec="0" bev="0" fileid="2">
                  <TrackedMethodRefs>
                    <TrackedMethodRef uid="1" vc="1" />
                  </TrackedMethodRefs>
                </SequencePoint>
                <SequencePoint vc="1" uspid="136" ordinal="107" offset="1272" sl="121" sc="25" el="121" ec="64" bec="0" bev="0" fileid="2">
                  <TrackedMethodRefs>
                    <TrackedMethodRef uid="1" vc="1" />
                  </TrackedMethodRefs>
                </SequencePoint>
                <SequencePoint vc="1" uspid="137" ordinal="108" offset="1287" sl="122" sc="21" el="122" ec="22" bec="0" bev="0" fileid="2">
                  <TrackedMethodRefs>
                    <TrackedMethodRef uid="1" vc="1" />
                  </TrackedMethodRefs>
                </SequencePoint>
                <SequencePoint vc="2" uspid="138" ordinal="109" offset="1288" sl="123" sc="17" el="123" ec="18" bec="0" bev="0" fileid="2">
                  <TrackedMethodRefs>
                    <TrackedMethodRef uid="1" vc="2" />
                  </TrackedMethodRefs>
                </SequencePoint>
                <SequencePoint vc="3" uspid="139" ordinal="110" offset="1294" sl="124" sc="21" el="125" ec="64" bec="2" bev="1" fileid="2">
                  <TrackedMethodRefs>
                    <TrackedMethodRef uid="1" vc="3" />
                  </TrackedMethodRefs>
                </SequencePoint>
                <SequencePoint vc="3" uspid="140" ordinal="111" offset="1347" sl="126" sc="17" el="126" ec="18" bec="0" bev="0" fileid="2">
                  <TrackedMethodRefs>
                    <TrackedMethodRef uid="1" vc="3" />
                  </TrackedMethodRefs>
                </SequencePoint>
                <SequencePoint vc="3" uspid="141" ordinal="112" offset="1348" sl="127" sc="21" el="127" ec="60" bec="0" bev="0" fileid="2">
                  <TrackedMethodRefs>
                    <TrackedMethodRef uid="1" vc="3" />
                  </TrackedMethodRefs>
                </SequencePoint>
                <SequencePoint vc="3" uspid="142" ordinal="113" offset="1363" sl="128" sc="21" el="128" ec="61" bec="0" bev="0" fileid="2">
                  <TrackedMethodRefs>
                    <TrackedMethodRef uid="1" vc="3" />
                  </TrackedMethodRefs>
                </SequencePoint>
                <SequencePoint vc="3" uspid="143" ordinal="114" offset="1379" sl="129" sc="21" el="130" ec="64" bec="2" bev="2" fileid="2">
                  <TrackedMethodRefs>
                    <TrackedMethodRef uid="1" vc="3" />
                  </TrackedMethodRefs>
                </SequencePoint>
                <SequencePoint vc="1" uspid="144" ordinal="115" offset="1422" sl="131" sc="21" el="131" ec="22" bec="0" bev="0" fileid="2">
                  <TrackedMethodRefs>
                    <TrackedMethodRef uid="1" vc="1" />
                  </TrackedMethodRefs>
                </SequencePoint>
                <SequencePoint vc="1" uspid="145" ordinal="116" offset="1423" sl="132" sc="25" el="132" ec="64" bec="0" bev="0" fileid="2">
                  <TrackedMethodRefs>
                    <TrackedMethodRef uid="1" vc="1" />
                  </TrackedMethodRefs>
                </SequencePoint>
                <SequencePoint vc="1" uspid="146" ordinal="117" offset="1438" sl="133" sc="21" el="133" ec="22" bec="0" bev="0" fileid="2">
                  <TrackedMethodRefs>
                    <TrackedMethodRef uid="1" vc="1" />
                  </TrackedMethodRefs>
                </SequencePoint>
                <SequencePoint vc="2" uspid="147" ordinal="118" offset="1441" sl="134" sc="26" el="135" ec="64" bec="2" bev="1" fileid="2">
                  <TrackedMethodRefs>
                    <TrackedMethodRef uid="1" vc="2" />
                  </TrackedMethodRefs>
                </SequencePoint>
                <SequencePoint vc="2" uspid="148" ordinal="119" offset="1484" sl="136" sc="21" el="136" ec="22" bec="0" bev="0" fileid="2">
                  <TrackedMethodRefs>
                    <TrackedMethodRef uid="1" vc="2" />
                  </TrackedMethodRefs>
                </SequencePoint>
                <SequencePoint vc="2" uspid="149" ordinal="120" offset="1485" sl="137" sc="25" el="137" ec="64" bec="0" bev="0" fileid="2">
                  <TrackedMethodRefs>
                    <TrackedMethodRef uid="1" vc="2" />
                  </TrackedMethodRefs>
                </SequencePoint>
                <SequencePoint vc="2" uspid="150" ordinal="121" offset="1500" sl="138" sc="21" el="138" ec="22" bec="0" bev="0" fileid="2">
                  <TrackedMethodRefs>
                    <TrackedMethodRef uid="1" vc="2" />
                  </TrackedMethodRefs>
                </SequencePoint>
                <SequencePoint vc="0" uspid="151" ordinal="122" offset="1503" sl="139" sc="26" el="139" ec="27" bec="0" bev="0" fileid="2" />
                <SequencePoint vc="0" uspid="152" ordinal="123" offset="1504" sl="139" sc="28" el="139" ec="115" bec="0" bev="0" fileid="2" />
                <SequencePoint vc="3" uspid="153" ordinal="124" offset="1520" sl="140" sc="17" el="140" ec="18" bec="0" bev="0" fileid="2">
                  <TrackedMethodRefs>
                    <TrackedMethodRef uid="1" vc="3" />
                  </TrackedMethodRefs>
                </SequencePoint>
                <SequencePoint vc="0" uspid="154" ordinal="125" offset="1523" sl="141" sc="21" el="141" ec="22" bec="0" bev="0" fileid="2" />
                <SequencePoint vc="0" uspid="155" ordinal="126" offset="1524" sl="141" sc="23" el="141" ec="110" bec="0" bev="0" fileid="2" />
                <SequencePoint vc="7" uspid="156" ordinal="127" offset="1540" sl="142" sc="13" el="142" ec="14" bec="0" bev="0" fileid="2">
                  <TrackedMethodRefs>
                    <TrackedMethodRef uid="1" vc="7" />
                  </TrackedMethodRefs>
                </SequencePoint>
                <SequencePoint vc="23" uspid="157" ordinal="128" offset="1546" sl="144" sc="18" el="144" ec="113" bec="2" bev="2" fileid="2">
                  <TrackedMethodRefs>
                    <TrackedMethodRef uid="1" vc="23" />
                  </TrackedMethodRefs>
                </SequencePoint>
                <SequencePoint vc="3" uspid="158" ordinal="129" offset="1585" sl="145" sc="13" el="145" ec="14" bec="0" bev="0" fileid="2">
                  <TrackedMethodRefs>
                    <TrackedMethodRef uid="1" vc="3" />
                  </TrackedMethodRefs>
                </SequencePoint>
                <SequencePoint vc="3" uspid="159" ordinal="130" offset="1586" sl="146" sc="17" el="146" ec="56" bec="0" bev="0" fileid="2">
                  <TrackedMethodRefs>
                    <TrackedMethodRef uid="1" vc="3" />
                  </TrackedMethodRefs>
                </SequencePoint>
                <SequencePoint vc="3" uspid="160" ordinal="131" offset="1601" sl="147" sc="17" el="147" ec="135" bec="2" bev="2" fileid="2">
                  <TrackedMethodRefs>
                    <TrackedMethodRef uid="1" vc="3" />
                  </TrackedMethodRefs>
                </SequencePoint>
                <SequencePoint vc="1" uspid="161" ordinal="132" offset="1644" sl="148" sc="17" el="148" ec="18" bec="0" bev="0" fileid="2">
                  <TrackedMethodRefs>
                    <TrackedMethodRef uid="1" vc="1" />
                  </TrackedMethodRefs>
                </SequencePoint>
                <SequencePoint vc="1" uspid="162" ordinal="133" offset="1645" sl="148" sc="19" el="148" ec="58" bec="0" bev="0" fileid="2">
                  <TrackedMethodRefs>
                    <TrackedMethodRef uid="1" vc="1" />
                  </TrackedMethodRefs>
                </SequencePoint>
                <SequencePoint vc="1" uspid="163" ordinal="134" offset="1660" sl="148" sc="59" el="148" ec="60" bec="0" bev="0" fileid="2">
                  <TrackedMethodRefs>
                    <TrackedMethodRef uid="1" vc="1" />
                  </TrackedMethodRefs>
                </SequencePoint>
                <SequencePoint vc="2" uspid="164" ordinal="135" offset="1663" sl="149" sc="22" el="149" ec="23" bec="0" bev="0" fileid="2">
                  <TrackedMethodRefs>
                    <TrackedMethodRef uid="1" vc="2" />
                  </TrackedMethodRefs>
                </SequencePoint>
                <SequencePoint vc="2" uspid="165" ordinal="136" offset="1664" sl="149" sc="24" el="149" ec="63" bec="0" bev="0" fileid="2">
                  <TrackedMethodRefs>
                    <TrackedMethodRef uid="1" vc="2" />
                  </TrackedMethodRefs>
                </SequencePoint>
                <SequencePoint vc="2" uspid="166" ordinal="137" offset="1679" sl="149" sc="64" el="149" ec="65" bec="0" bev="0" fileid="2">
                  <TrackedMethodRefs>
                    <TrackedMethodRef uid="1" vc="2" />
                  </TrackedMethodRefs>
                </SequencePoint>
                <SequencePoint vc="3" uspid="167" ordinal="138" offset="1680" sl="150" sc="17" el="150" ec="57" bec="0" bev="0" fileid="2">
                  <TrackedMethodRefs>
                    <TrackedMethodRef uid="1" vc="3" />
                  </TrackedMethodRefs>
                </SequencePoint>
                <SequencePoint vc="3" uspid="168" ordinal="139" offset="1696" sl="151" sc="17" el="151" ec="41" bec="2" bev="2" fileid="2">
                  <TrackedMethodRefs>
                    <TrackedMethodRef uid="1" vc="3" />
                  </TrackedMethodRefs>
                </SequencePoint>
                <SequencePoint vc="1" uspid="169" ordinal="140" offset="1709" sl="151" sc="42" el="151" ec="43" bec="0" bev="0" fileid="2">
                  <TrackedMethodRefs>
                    <TrackedMethodRef uid="1" vc="1" />
                  </TrackedMethodRefs>
                </SequencePoint>
                <SequencePoint vc="1" uspid="170" ordinal="141" offset="1710" sl="151" sc="44" el="151" ec="83" bec="0" bev="0" fileid="2">
                  <TrackedMethodRefs>
                    <TrackedMethodRef uid="1" vc="1" />
                  </TrackedMethodRefs>
                </SequencePoint>
                <SequencePoint vc="1" uspid="171" ordinal="142" offset="1725" sl="151" sc="84" el="151" ec="85" bec="0" bev="0" fileid="2">
                  <TrackedMethodRefs>
                    <TrackedMethodRef uid="1" vc="1" />
                  </TrackedMethodRefs>
                </SequencePoint>
                <SequencePoint vc="3" uspid="172" ordinal="143" offset="1726" sl="152" sc="13" el="152" ec="14" bec="0" bev="0" fileid="2">
                  <TrackedMethodRefs>
                    <TrackedMethodRef uid="1" vc="3" />
                  </TrackedMethodRefs>
                </SequencePoint>
                <SequencePoint vc="20" uspid="173" ordinal="144" offset="1732" sl="154" sc="18" el="155" ec="106" bec="2" bev="2" fileid="2">
                  <TrackedMethodRefs>
                    <TrackedMethodRef uid="1" vc="20" />
                  </TrackedMethodRefs>
                </SequencePoint>
                <SequencePoint vc="1" uspid="174" ordinal="145" offset="1796" sl="156" sc="13" el="156" ec="14" bec="0" bev="0" fileid="2">
                  <TrackedMethodRefs>
                    <TrackedMethodRef uid="1" vc="1" />
                  </TrackedMethodRefs>
                </SequencePoint>
                <SequencePoint vc="1" uspid="175" ordinal="146" offset="1797" sl="157" sc="17" el="157" ec="56" bec="0" bev="0" fileid="2">
                  <TrackedMethodRefs>
                    <TrackedMethodRef uid="1" vc="1" />
                  </TrackedMethodRefs>
                </SequencePoint>
                <SequencePoint vc="1" uspid="176" ordinal="147" offset="1812" sl="158" sc="17" el="158" ec="56" bec="0" bev="0" fileid="2">
                  <TrackedMethodRefs>
                    <TrackedMethodRef uid="1" vc="1" />
                  </TrackedMethodRefs>
                </SequencePoint>
                <SequencePoint vc="1" uspid="177" ordinal="148" offset="1827" sl="159" sc="17" el="159" ec="57" bec="0" bev="0" fileid="2">
                  <TrackedMethodRefs>
                    <TrackedMethodRef uid="1" vc="1" />
                  </TrackedMethodRefs>
                </SequencePoint>
                <SequencePoint vc="1" uspid="178" ordinal="149" offset="1843" sl="160" sc="13" el="160" ec="14" bec="0" bev="0" fileid="2">
                  <TrackedMethodRefs>
                    <TrackedMethodRef uid="1" vc="1" />
                  </TrackedMethodRefs>
                </SequencePoint>
                <SequencePoint vc="19" uspid="179" ordinal="150" offset="1849" sl="162" sc="18" el="162" ec="67" bec="2" bev="2" fileid="2">
                  <TrackedMethodRefs>
                    <TrackedMethodRef uid="1" vc="19" />
                  </TrackedMethodRefs>
                </SequencePoint>
                <SequencePoint vc="2" uspid="180" ordinal="151" offset="1874" sl="163" sc="13" el="163" ec="14" bec="0" bev="0" fileid="2">
                  <TrackedMethodRefs>
                    <TrackedMethodRef uid="1" vc="2" />
                  </TrackedMethodRefs>
                </SequencePoint>
                <SequencePoint vc="2" uspid="181" ordinal="152" offset="1875" sl="164" sc="17" el="164" ec="56" bec="0" bev="0" fileid="2">
                  <TrackedMethodRefs>
                    <TrackedMethodRef uid="1" vc="2" />
                  </TrackedMethodRefs>
                </SequencePoint>
                <SequencePoint vc="2" uspid="182" ordinal="153" offset="1890" sl="165" sc="17" el="165" ec="66" bec="2" bev="2" fileid="2">
                  <TrackedMethodRefs>
                    <TrackedMethodRef uid="1" vc="2" />
                  </TrackedMethodRefs>
                </SequencePoint>
                <SequencePoint vc="1" uspid="183" ordinal="154" offset="1912" sl="166" sc="17" el="166" ec="18" bec="0" bev="0" fileid="2">
                  <TrackedMethodRefs>
                    <TrackedMethodRef uid="1" vc="1" />
                  </TrackedMethodRefs>
                </SequencePoint>
                <SequencePoint vc="1" uspid="184" ordinal="155" offset="1913" sl="167" sc="21" el="167" ec="60" bec="0" bev="0" fileid="2">
                  <TrackedMethodRefs>
                    <TrackedMethodRef uid="1" vc="1" />
                  </TrackedMethodRefs>
                </SequencePoint>
                <SequencePoint vc="1" uspid="185" ordinal="156" offset="1928" sl="168" sc="21" el="168" ec="61" bec="0" bev="0" fileid="2">
                  <TrackedMethodRefs>
                    <TrackedMethodRef uid="1" vc="1" />
                  </TrackedMethodRefs>
                </SequencePoint>
                <SequencePoint vc="1" uspid="186" ordinal="157" offset="1944" sl="169" sc="21" el="169" ec="60" bec="0" bev="0" fileid="2">
                  <TrackedMethodRefs>
                    <TrackedMethodRef uid="1" vc="1" />
                  </TrackedMethodRefs>
                </SequencePoint>
                <SequencePoint vc="1" uspid="187" ordinal="158" offset="1959" sl="170" sc="17" el="170" ec="18" bec="0" bev="0" fileid="2">
                  <TrackedMethodRefs>
                    <TrackedMethodRef uid="1" vc="1" />
                  </TrackedMethodRefs>
                </SequencePoint>
                <SequencePoint vc="1" uspid="188" ordinal="159" offset="1962" sl="171" sc="22" el="172" ec="68" bec="2" bev="1" fileid="2">
                  <TrackedMethodRefs>
                    <TrackedMethodRef uid="1" vc="1" />
                  </TrackedMethodRefs>
                </SequencePoint>
                <SequencePoint vc="1" uspid="189" ordinal="160" offset="2012" sl="173" sc="17" el="173" ec="18" bec="0" bev="0" fileid="2">
                  <TrackedMethodRefs>
                    <TrackedMethodRef uid="1" vc="1" />
                  </TrackedMethodRefs>
                </SequencePoint>
                <SequencePoint vc="1" uspid="190" ordinal="161" offset="2013" sl="174" sc="21" el="174" ec="60" bec="0" bev="0" fileid="2">
                  <TrackedMethodRefs>
                    <TrackedMethodRef uid="1" vc="1" />
                  </TrackedMethodRefs>
                </SequencePoint>
                <SequencePoint vc="1" uspid="191" ordinal="162" offset="2028" sl="175" sc="21" el="175" ec="60" bec="0" bev="0" fileid="2">
                  <TrackedMethodRefs>
                    <TrackedMethodRef uid="1" vc="1" />
                  </TrackedMethodRefs>
                </SequencePoint>
                <SequencePoint vc="1" uspid="192" ordinal="163" offset="2043" sl="176" sc="21" el="176" ec="60" bec="0" bev="0" fileid="2">
                  <TrackedMethodRefs>
                    <TrackedMethodRef uid="1" vc="1" />
                  </TrackedMethodRefs>
                </SequencePoint>
                <SequencePoint vc="1" uspid="193" ordinal="164" offset="2058" sl="177" sc="17" el="177" ec="18" bec="0" bev="0" fileid="2">
                  <TrackedMethodRefs>
                    <TrackedMethodRef uid="1" vc="1" />
                  </TrackedMethodRefs>
                </SequencePoint>
                <SequencePoint vc="0" uspid="194" ordinal="165" offset="2061" sl="178" sc="22" el="178" ec="23" bec="0" bev="0" fileid="2" />
                <SequencePoint vc="0" uspid="195" ordinal="166" offset="2062" sl="178" sc="24" el="178" ec="111" bec="0" bev="0" fileid="2" />
                <SequencePoint vc="2" uspid="196" ordinal="167" offset="2078" sl="179" sc="13" el="179" ec="14" bec="0" bev="0" fileid="2">
                  <TrackedMethodRefs>
                    <TrackedMethodRef uid="1" vc="2" />
                  </TrackedMethodRefs>
                </SequencePoint>
                <SequencePoint vc="17" uspid="197" ordinal="168" offset="2084" sl="181" sc="18" el="182" ec="129" bec="2" bev="2" fileid="2">
                  <TrackedMethodRefs>
                    <TrackedMethodRef uid="1" vc="17" />
                  </TrackedMethodRefs>
                </SequencePoint>
                <SequencePoint vc="1" uspid="198" ordinal="169" offset="2155" sl="183" sc="13" el="183" ec="14" bec="0" bev="0" fileid="2">
                  <TrackedMethodRefs>
                    <TrackedMethodRef uid="1" vc="1" />
                  </TrackedMethodRefs>
                </SequencePoint>
                <SequencePoint vc="1" uspid="199" ordinal="170" offset="2156" sl="184" sc="17" el="184" ec="56" bec="0" bev="0" fileid="2">
                  <TrackedMethodRefs>
                    <TrackedMethodRef uid="1" vc="1" />
                  </TrackedMethodRefs>
                </SequencePoint>
                <SequencePoint vc="1" uspid="200" ordinal="171" offset="2171" sl="185" sc="17" el="185" ec="56" bec="0" bev="0" fileid="2">
                  <TrackedMethodRefs>
                    <TrackedMethodRef uid="1" vc="1" />
                  </TrackedMethodRefs>
                </SequencePoint>
                <SequencePoint vc="1" uspid="201" ordinal="172" offset="2186" sl="186" sc="17" el="186" ec="57" bec="0" bev="0" fileid="2">
                  <TrackedMethodRefs>
                    <TrackedMethodRef uid="1" vc="1" />
                  </TrackedMethodRefs>
                </SequencePoint>
                <SequencePoint vc="1" uspid="202" ordinal="173" offset="2202" sl="187" sc="17" el="187" ec="56" bec="0" bev="0" fileid="2">
                  <TrackedMethodRefs>
                    <TrackedMethodRef uid="1" vc="1" />
                  </TrackedMethodRefs>
                </SequencePoint>
                <SequencePoint vc="1" uspid="203" ordinal="174" offset="2217" sl="188" sc="13" el="188" ec="14" bec="0" bev="0" fileid="2">
                  <TrackedMethodRefs>
                    <TrackedMethodRef uid="1" vc="1" />
                  </TrackedMethodRefs>
                </SequencePoint>
                <SequencePoint vc="16" uspid="204" ordinal="175" offset="2223" sl="190" sc="18" el="190" ec="90" bec="2" bev="2" fileid="2">
                  <TrackedMethodRefs>
                    <TrackedMethodRef uid="1" vc="16" />
                  </TrackedMethodRefs>
                </SequencePoint>
                <SequencePoint vc="1" uspid="205" ordinal="176" offset="2252" sl="191" sc="13" el="191" ec="14" bec="0" bev="0" fileid="2">
                  <TrackedMethodRefs>
                    <TrackedMethodRef uid="1" vc="1" />
                  </TrackedMethodRefs>
                </SequencePoint>
                <SequencePoint vc="1" uspid="206" ordinal="177" offset="2253" sl="192" sc="17" el="192" ec="56" bec="0" bev="0" fileid="2">
                  <TrackedMethodRefs>
                    <TrackedMethodRef uid="1" vc="1" />
                  </TrackedMethodRefs>
                </SequencePoint>
                <SequencePoint vc="1" uspid="207" ordinal="178" offset="2268" sl="193" sc="17" el="193" ec="56" bec="0" bev="0" fileid="2">
                  <TrackedMethodRefs>
                    <TrackedMethodRef uid="1" vc="1" />
                  </TrackedMethodRefs>
                </SequencePoint>
                <SequencePoint vc="1" uspid="208" ordinal="179" offset="2283" sl="194" sc="17" el="194" ec="56" bec="0" bev="0" fileid="2">
                  <TrackedMethodRefs>
                    <TrackedMethodRef uid="1" vc="1" />
                  </TrackedMethodRefs>
                </SequencePoint>
                <SequencePoint vc="1" uspid="209" ordinal="180" offset="2298" sl="195" sc="17" el="195" ec="57" bec="0" bev="0" fileid="2">
                  <TrackedMethodRefs>
                    <TrackedMethodRef uid="1" vc="1" />
                  </TrackedMethodRefs>
                </SequencePoint>
                <SequencePoint vc="1" uspid="210" ordinal="181" offset="2314" sl="196" sc="13" el="196" ec="14" bec="0" bev="0" fileid="2">
                  <TrackedMethodRefs>
                    <TrackedMethodRef uid="1" vc="1" />
                  </TrackedMethodRefs>
                </SequencePoint>
                <SequencePoint vc="15" uspid="211" ordinal="182" offset="2320" sl="198" sc="18" el="198" ec="113" bec="2" bev="2" fileid="2">
                  <TrackedMethodRefs>
                    <TrackedMethodRef uid="1" vc="15" />
                  </TrackedMethodRefs>
                </SequencePoint>
                <SequencePoint vc="1" uspid="212" ordinal="183" offset="2356" sl="199" sc="13" el="199" ec="14" bec="0" bev="0" fileid="2">
                  <TrackedMethodRefs>
                    <TrackedMethodRef uid="1" vc="1" />
                  </TrackedMethodRefs>
                </SequencePoint>
                <SequencePoint vc="1" uspid="213" ordinal="184" offset="2357" sl="200" sc="17" el="200" ec="56" bec="0" bev="0" fileid="2">
                  <TrackedMethodRefs>
                    <TrackedMethodRef uid="1" vc="1" />
                  </TrackedMethodRefs>
                </SequencePoint>
                <SequencePoint vc="1" uspid="214" ordinal="185" offset="2372" sl="201" sc="17" el="201" ec="56" bec="0" bev="0" fileid="2">
                  <TrackedMethodRefs>
                    <TrackedMethodRef uid="1" vc="1" />
                  </TrackedMethodRefs>
                </SequencePoint>
                <SequencePoint vc="1" uspid="215" ordinal="186" offset="2387" sl="202" sc="17" el="202" ec="56" bec="0" bev="0" fileid="2">
                  <TrackedMethodRefs>
                    <TrackedMethodRef uid="1" vc="1" />
                  </TrackedMethodRefs>
                </SequencePoint>
                <SequencePoint vc="1" uspid="216" ordinal="187" offset="2402" sl="203" sc="17" el="203" ec="57" bec="0" bev="0" fileid="2">
                  <TrackedMethodRefs>
                    <TrackedMethodRef uid="1" vc="1" />
                  </TrackedMethodRefs>
                </SequencePoint>
                <SequencePoint vc="1" uspid="217" ordinal="188" offset="2418" sl="204" sc="13" el="204" ec="14" bec="0" bev="0" fileid="2">
                  <TrackedMethodRefs>
                    <TrackedMethodRef uid="1" vc="1" />
                  </TrackedMethodRefs>
                </SequencePoint>
                <SequencePoint vc="14" uspid="218" ordinal="189" offset="2424" sl="206" sc="18" el="206" ec="90" bec="2" bev="2" fileid="2">
                  <TrackedMethodRefs>
                    <TrackedMethodRef uid="1" vc="14" />
                  </TrackedMethodRefs>
                </SequencePoint>
                <SequencePoint vc="1" uspid="219" ordinal="190" offset="2453" sl="207" sc="13" el="207" ec="14" bec="0" bev="0" fileid="2">
                  <TrackedMethodRefs>
                    <TrackedMethodRef uid="1" vc="1" />
                  </TrackedMethodRefs>
                </SequencePoint>
                <SequencePoint vc="1" uspid="220" ordinal="191" offset="2454" sl="208" sc="17" el="208" ec="56" bec="0" bev="0" fileid="2">
                  <TrackedMethodRefs>
                    <TrackedMethodRef uid="1" vc="1" />
                  </TrackedMethodRefs>
                </SequencePoint>
                <SequencePoint vc="1" uspid="221" ordinal="192" offset="2469" sl="209" sc="17" el="209" ec="56" bec="0" bev="0" fileid="2">
                  <TrackedMethodRefs>
                    <TrackedMethodRef uid="1" vc="1" />
                  </TrackedMethodRefs>
                </SequencePoint>
                <SequencePoint vc="1" uspid="222" ordinal="193" offset="2484" sl="210" sc="17" el="210" ec="56" bec="0" bev="0" fileid="2">
                  <TrackedMethodRefs>
                    <TrackedMethodRef uid="1" vc="1" />
                  </TrackedMethodRefs>
                </SequencePoint>
                <SequencePoint vc="1" uspid="223" ordinal="194" offset="2500" sl="211" sc="17" el="211" ec="57" bec="0" bev="0" fileid="2">
                  <TrackedMethodRefs>
                    <TrackedMethodRef uid="1" vc="1" />
                  </TrackedMethodRefs>
                </SequencePoint>
                <SequencePoint vc="1" uspid="224" ordinal="195" offset="2516" sl="212" sc="17" el="212" ec="56" bec="0" bev="0" fileid="2">
                  <TrackedMethodRefs>
                    <TrackedMethodRef uid="1" vc="1" />
                  </TrackedMethodRefs>
                </SequencePoint>
                <SequencePoint vc="1" uspid="225" ordinal="196" offset="2531" sl="213" sc="13" el="213" ec="14" bec="0" bev="0" fileid="2">
                  <TrackedMethodRefs>
                    <TrackedMethodRef uid="1" vc="1" />
                  </TrackedMethodRefs>
                </SequencePoint>
                <SequencePoint vc="13" uspid="226" ordinal="197" offset="2537" sl="215" sc="18" el="216" ec="86" bec="2" bev="2" fileid="2">
                  <TrackedMethodRefs>
                    <TrackedMethodRef uid="1" vc="13" />
                  </TrackedMethodRefs>
                </SequencePoint>
                <SequencePoint vc="1" uspid="227" ordinal="198" offset="2594" sl="217" sc="13" el="217" ec="14" bec="0" bev="0" fileid="2">
                  <TrackedMethodRefs>
                    <TrackedMethodRef uid="1" vc="1" />
                  </TrackedMethodRefs>
                </SequencePoint>
                <SequencePoint vc="1" uspid="228" ordinal="199" offset="2595" sl="218" sc="17" el="218" ec="56" bec="0" bev="0" fileid="2">
                  <TrackedMethodRefs>
                    <TrackedMethodRef uid="1" vc="1" />
                  </TrackedMethodRefs>
                </SequencePoint>
                <SequencePoint vc="1" uspid="229" ordinal="200" offset="2610" sl="219" sc="17" el="219" ec="56" bec="0" bev="0" fileid="2">
                  <TrackedMethodRefs>
                    <TrackedMethodRef uid="1" vc="1" />
                  </TrackedMethodRefs>
                </SequencePoint>
                <SequencePoint vc="1" uspid="230" ordinal="201" offset="2625" sl="220" sc="17" el="220" ec="56" bec="0" bev="0" fileid="2">
                  <TrackedMethodRefs>
                    <TrackedMethodRef uid="1" vc="1" />
                  </TrackedMethodRefs>
                </SequencePoint>
                <SequencePoint vc="1" uspid="231" ordinal="202" offset="2641" sl="221" sc="17" el="221" ec="57" bec="0" bev="0" fileid="2">
                  <TrackedMethodRefs>
                    <TrackedMethodRef uid="1" vc="1" />
                  </TrackedMethodRefs>
                </SequencePoint>
                <SequencePoint vc="1" uspid="232" ordinal="203" offset="2657" sl="222" sc="17" el="222" ec="58" bec="0" bev="0" fileid="2">
                  <TrackedMethodRefs>
                    <TrackedMethodRef uid="1" vc="1" />
                  </TrackedMethodRefs>
                </SequencePoint>
                <SequencePoint vc="1" uspid="233" ordinal="204" offset="2672" sl="223" sc="13" el="223" ec="14" bec="0" bev="0" fileid="2">
                  <TrackedMethodRefs>
                    <TrackedMethodRef uid="1" vc="1" />
                  </TrackedMethodRefs>
                </SequencePoint>
                <SequencePoint vc="12" uspid="234" ordinal="205" offset="2678" sl="225" sc="18" el="226" ec="129" bec="2" bev="2" fileid="2">
                  <TrackedMethodRefs>
                    <TrackedMethodRef uid="1" vc="12" />
                  </TrackedMethodRefs>
                </SequencePoint>
                <SequencePoint vc="1" uspid="235" ordinal="206" offset="2749" sl="227" sc="13" el="227" ec="14" bec="0" bev="0" fileid="2">
                  <TrackedMethodRefs>
                    <TrackedMethodRef uid="1" vc="1" />
                  </TrackedMethodRefs>
                </SequencePoint>
                <SequencePoint vc="1" uspid="236" ordinal="207" offset="2750" sl="228" sc="17" el="228" ec="56" bec="0" bev="0" fileid="2">
                  <TrackedMethodRefs>
                    <TrackedMethodRef uid="1" vc="1" />
                  </TrackedMethodRefs>
                </SequencePoint>
                <SequencePoint vc="1" uspid="237" ordinal="208" offset="2765" sl="229" sc="17" el="229" ec="56" bec="0" bev="0" fileid="2">
                  <TrackedMethodRefs>
                    <TrackedMethodRef uid="1" vc="1" />
                  </TrackedMethodRefs>
                </SequencePoint>
                <SequencePoint vc="1" uspid="238" ordinal="209" offset="2780" sl="230" sc="17" el="230" ec="56" bec="0" bev="0" fileid="2">
                  <TrackedMethodRefs>
                    <TrackedMethodRef uid="1" vc="1" />
                  </TrackedMethodRefs>
                </SequencePoint>
                <SequencePoint vc="1" uspid="239" ordinal="210" offset="2796" sl="231" sc="17" el="231" ec="57" bec="0" bev="0" fileid="2">
                  <TrackedMethodRefs>
                    <TrackedMethodRef uid="1" vc="1" />
                  </TrackedMethodRefs>
                </SequencePoint>
                <SequencePoint vc="1" uspid="240" ordinal="211" offset="2812" sl="232" sc="17" el="232" ec="56" bec="0" bev="0" fileid="2">
                  <TrackedMethodRefs>
                    <TrackedMethodRef uid="1" vc="1" />
                  </TrackedMethodRefs>
                </SequencePoint>
[...]
                <SequencePoint vc="0" uspid="1135" ordinal="68" offset="1162" sl="130" sc="13" el="130" ec="57" bec="0" bev="0" fileid="7" />
                <SequencePoint vc="0" uspid="1136" ordinal="69" offset="1176" sl="131" sc="13" el="131" ec="51" bec="0" bev="0" fileid="7" />
                <SequencePoint vc="0" uspid="1137" ordinal="70" offset="1198" sl="132" sc="13" el="132" ec="58" bec="0" bev="0" fileid="7" />
                <SequencePoint vc="0" uspid="1138" ordinal="71" offset="1212" sl="133" sc="13" el="133" ec="52" bec="0" bev="0" fileid="7" />
                <SequencePoint vc="0" uspid="1139" ordinal="72" offset="1234" sl="134" sc="13" el="134" ec="58" bec="0" bev="0" fileid="7" />
                <SequencePoint vc="0" uspid="1140" ordinal="73" offset="1248" sl="135" sc="13" el="135" ec="51" bec="0" bev="0" fileid="7" />
                <SequencePoint vc="0" uspid="1141" ordinal="74" offset="1270" sl="136" sc="13" el="136" ec="58" bec="0" bev="0" fileid="7" />
                <SequencePoint vc="0" uspid="1142" ordinal="75" offset="1284" sl="137" sc="13" el="137" ec="52" bec="0" bev="0" fileid="7" />
                <SequencePoint vc="0" uspid="1143" ordinal="76" offset="1306" sl="139" sc="13" el="139" ec="51" bec="0" bev="0" fileid="7" />
                <SequencePoint vc="0" uspid="1144" ordinal="77" offset="1317" sl="140" sc="13" el="140" ec="57" bec="0" bev="0" fileid="7" />
                <SequencePoint vc="0" uspid="1145" ordinal="78" offset="1330" sl="141" sc="13" el="141" ec="51" bec="0" bev="0" fileid="7" />
                <SequencePoint vc="0" uspid="1146" ordinal="79" offset="1352" sl="142" sc="13" el="142" ec="57" bec="0" bev="0" fileid="7" />
                <SequencePoint vc="0" uspid="1147" ordinal="80" offset="1365" sl="143" sc="13" el="143" ec="52" bec="0" bev="0" fileid="7" />
                <SequencePoint vc="0" uspid="1148" ordinal="81" offset="1387" sl="144" sc="13" el="144" ec="57" bec="0" bev="0" fileid="7" />
                <SequencePoint vc="0" uspid="1149" ordinal="82" offset="1400" sl="145" sc="13" el="145" ec="51" bec="0" bev="0" fileid="7" />
                <SequencePoint vc="0" uspid="1150" ordinal="83" offset="1422" sl="146" sc="13" el="146" ec="57" bec="0" bev="0" fileid="7" />
                <SequencePoint vc="0" uspid="1151" ordinal="84" offset="1435" sl="147" sc="13" el="147" ec="51" bec="0" bev="0" fileid="7" />
                <SequencePoint vc="0" uspid="1152" ordinal="85" offset="1457" sl="148" sc="13" el="148" ec="57" bec="0" bev="0" fileid="7" />
                <SequencePoint vc="0" uspid="1153" ordinal="86" offset="1470" sl="149" sc="13" el="149" ec="52" bec="0" bev="0" fileid="7" />
                <SequencePoint vc="0" uspid="1154" ordinal="87" offset="1492" sl="150" sc="13" el="150" ec="57" bec="0" bev="0" fileid="7" />
                <SequencePoint vc="0" uspid="1155" ordinal="88" offset="1505" sl="151" sc="13" el="151" ec="51" bec="0" bev="0" fileid="7" />
                <SequencePoint vc="0" uspid="1156" ordinal="89" offset="1527" sl="152" sc="13" el="152" ec="57" bec="0" bev="0" fileid="7" />
                <SequencePoint vc="0" uspid="1157" ordinal="90" offset="1540" sl="153" sc="13" el="153" ec="52" bec="0" bev="0" fileid="7" />
                <SequencePoint vc="0" uspid="1158" ordinal="91" offset="1562" sl="154" sc="13" el="154" ec="57" bec="0" bev="0" fileid="7" />
                <SequencePoint vc="0" uspid="1159" ordinal="92" offset="1575" sl="155" sc="13" el="155" ec="51" bec="0" bev="0" fileid="7" />
                <SequencePoint vc="0" uspid="1160" ordinal="93" offset="1597" sl="156" sc="13" el="156" ec="57" bec="0" bev="0" fileid="7" />
                <SequencePoint vc="0" uspid="1161" ordinal="94" offset="1611" sl="157" sc="13" el="157" ec="51" bec="0" bev="0" fileid="7" />
                <SequencePoint vc="0" uspid="1162" ordinal="95" offset="1633" sl="158" sc="13" el="158" ec="58" bec="0" bev="0" fileid="7" />
                <SequencePoint vc="0" uspid="1163" ordinal="96" offset="1647" sl="159" sc="13" el="159" ec="52" bec="0" bev="0" fileid="7" />
                <SequencePoint vc="0" uspid="1164" ordinal="97" offset="1669" sl="160" sc="13" el="160" ec="58" bec="0" bev="0" fileid="7" />
                <SequencePoint vc="0" uspid="1165" ordinal="98" offset="1683" sl="161" sc="13" el="161" ec="51" bec="0" bev="0" fileid="7" />
                <SequencePoint vc="0" uspid="1166" ordinal="99" offset="1705" sl="162" sc="13" el="162" ec="58" bec="0" bev="0" fileid="7" />
                <SequencePoint vc="0" uspid="1167" ordinal="100" offset="1719" sl="163" sc="13" el="163" ec="52" bec="0" bev="0" fileid="7" />
                <SequencePoint vc="0" uspid="1168" ordinal="101" offset="1741" sl="165" sc="13" el="165" ec="52" bec="0" bev="0" fileid="7" />
                <SequencePoint vc="0" uspid="1169" ordinal="102" offset="1752" sl="166" sc="13" el="166" ec="57" bec="0" bev="0" fileid="7" />
                <SequencePoint vc="0" uspid="1170" ordinal="103" offset="1765" sl="167" sc="13" el="167" ec="51" bec="0" bev="0" fileid="7" />
                <SequencePoint vc="0" uspid="1171" ordinal="104" offset="1787" sl="168" sc="13" el="168" ec="57" bec="0" bev="0" fileid="7" />
                <SequencePoint vc="0" uspid="1172" ordinal="105" offset="1800" sl="169" sc="13" el="169" ec="52" bec="0" bev="0" fileid="7" />
                <SequencePoint vc="0" uspid="1173" ordinal="106" offset="1822" sl="170" sc="13" el="170" ec="57" bec="0" bev="0" fileid="7" />
                <SequencePoint vc="0" uspid="1174" ordinal="107" offset="1835" sl="171" sc="13" el="171" ec="51" bec="0" bev="0" fileid="7" />
                <SequencePoint vc="0" uspid="1175" ordinal="108" offset="1857" sl="172" sc="13" el="172" ec="57" bec="0" bev="0" fileid="7" />
                <SequencePoint vc="0" uspid="1176" ordinal="109" offset="1870" sl="173" sc="13" el="173" ec="51" bec="0" bev="0" fileid="7" />
                <SequencePoint vc="0" uspid="1177" ordinal="110" offset="1892" sl="174" sc="13" el="174" ec="57" bec="0" bev="0" fileid="7" />
                <SequencePoint vc="0" uspid="1178" ordinal="111" offset="1905" sl="175" sc="13" el="175" ec="52" bec="0" bev="0" fileid="7" />
                <SequencePoint vc="0" uspid="1179" ordinal="112" offset="1927" sl="176" sc="13" el="176" ec="57" bec="0" bev="0" fileid="7" />
                <SequencePoint vc="0" uspid="1180" ordinal="113" offset="1940" sl="177" sc="13" el="177" ec="51" bec="0" bev="0" fileid="7" />
                <SequencePoint vc="0" uspid="1181" ordinal="114" offset="1962" sl="178" sc="13" el="178" ec="57" bec="0" bev="0" fileid="7" />
                <SequencePoint vc="0" uspid="1182" ordinal="115" offset="1975" sl="179" sc="13" el="179" ec="52" bec="0" bev="0" fileid="7" />
                <SequencePoint vc="0" uspid="1183" ordinal="116" offset="1997" sl="180" sc="13" el="180" ec="57" bec="0" bev="0" fileid="7" />
                <SequencePoint vc="0" uspid="1184" ordinal="117" offset="2010" sl="181" sc="13" el="181" ec="51" bec="0" bev="0" fileid="7" />
                <SequencePoint vc="0" uspid="1185" ordinal="118" offset="2032" sl="182" sc="13" el="182" ec="57" bec="0" bev="0" fileid="7" />
                <SequencePoint vc="0" uspid="1186" ordinal="119" offset="2046" sl="183" sc="13" el="183" ec="51" bec="0" bev="0" fileid="7" />
                <SequencePoint vc="0" uspid="1187" ordinal="120" offset="2068" sl="184" sc="13" el="184" ec="58" bec="0" bev="0" fileid="7" />
                <SequencePoint vc="0" uspid="1188" ordinal="121" offset="2082" sl="185" sc="13" el="185" ec="52" bec="0" bev="0" fileid="7" />
                <SequencePoint vc="0" uspid="1189" ordinal="122" offset="2104" sl="186" sc="13" el="186" ec="58" bec="0" bev="0" fileid="7" />
                <SequencePoint vc="0" uspid="1190" ordinal="123" offset="2118" sl="187" sc="13" el="187" ec="51" bec="0" bev="0" fileid="7" />
                <SequencePoint vc="0" uspid="1191" ordinal="124" offset="2140" sl="188" sc="13" el="188" ec="58" bec="0" bev="0" fileid="7" />
                <SequencePoint vc="0" uspid="1192" ordinal="125" offset="2154" sl="189" sc="13" el="189" ec="52" bec="0" bev="0" fileid="7" />
                <SequencePoint vc="0" uspid="1193" ordinal="126" offset="2176" sl="191" sc="13" el="191" ec="52" bec="0" bev="0" fileid="7" />
                <SequencePoint vc="0" uspid="1194" ordinal="127" offset="2187" sl="192" sc="13" el="192" ec="57" bec="0" bev="0" fileid="7" />
                <SequencePoint vc="0" uspid="1195" ordinal="128" offset="2200" sl="193" sc="13" el="193" ec="52" bec="0" bev="0" fileid="7" />
                <SequencePoint vc="0" uspid="1196" ordinal="129" offset="2222" sl="195" sc="13" el="195" ec="52" bec="0" bev="0" fileid="7" />
                <SequencePoint vc="0" uspid="1197" ordinal="130" offset="2233" sl="196" sc="13" el="196" ec="57" bec="0" bev="0" fileid="7" />
                <SequencePoint vc="0" uspid="1198" ordinal="131" offset="2246" sl="197" sc="13" el="197" ec="52" bec="0" bev="0" fileid="7" />
                <SequencePoint vc="0" uspid="1199" ordinal="132" offset="2268" sl="199" sc="13" el="199" ec="52" bec="0" bev="0" fileid="7" />
                <SequencePoint vc="0" uspid="1200" ordinal="133" offset="2279" sl="200" sc="13" el="200" ec="58" bec="0" bev="0" fileid="7" />
                <SequencePoint vc="0" uspid="1201" ordinal="134" offset="2293" sl="201" sc="13" el="201" ec="52" bec="0" bev="0" fileid="7" />
                <SequencePoint vc="0" uspid="1202" ordinal="135" offset="2315" sl="203" sc="13" el="203" ec="52" bec="0" bev="0" fileid="7" />
                <SequencePoint vc="0" uspid="1203" ordinal="136" offset="2326" sl="204" sc="13" el="204" ec="58" bec="0" bev="0" fileid="7" />
                <SequencePoint vc="0" uspid="1204" ordinal="137" offset="2340" sl="205" sc="13" el="205" ec="52" bec="0" bev="0" fileid="7" />
                <SequencePoint vc="0" uspid="1205" ordinal="138" offset="2362" sl="206" sc="9" el="206" ec="10" bec="0" bev="0" fileid="7" />
              </SequencePoints>
              <BranchPoints />
              <MethodPoint xsi:type="SequencePoint" vc="0" uspid="1067" ordinal="0" offset="0" sl="60" sc="9" el="60" ec="10" bec="0" bev="0" fileid="7" />
            </Method>
            <Method visited="false" cyclomaticComplexity="1" nPathComplexity="0" sequenceCoverage="0" branchCoverage="0" crapScore="2" isConstructor="true" isStatic="false" isGetter="false" isSetter="false">
              <Summary numSequencePoints="0" visitedSequencePoints="0" numBranchPoints="0" visitedBranchPoints="0" sequenceCoverage="0" branchCoverage="0" maxCyclomaticComplexity="1" minCyclomaticComplexity="1" maxCrapScore="2" minCrapScore="2" visitedClasses="0" numClasses="0" visitedMethods="0" numMethods="0" />
              <MetadataToken>100663321</MetadataToken>
              <Name>System.Void Chordnomicon_Prototype_1.NoteFactoryTest::.ctor()</Name>
              <SequencePoints />
              <BranchPoints />
              <MethodPoint vc="0" uspid="1206" ordinal="0" offset="0" />
            </Method>
          </Methods>
        </Class>
        <Class>
          <Summary numSequencePoints="5" visitedSequencePoints="0" numBranchPoints="1" visitedBranchPoints="0" sequenceCoverage="0" branchCoverage="0" maxCyclomaticComplexity="1" minCyclomaticComplexity="1" maxCrapScore="2" minCrapScore="2" visitedClasses="0" numClasses="1" visitedMethods="0" numMethods="1" />
          <FullName>Chordnomicon_Prototype_1.Program</FullName>
          <Methods>
            <Method visited="false" cyclomaticComplexity="1" nPathComplexity="0" sequenceCoverage="0" branchCoverage="0" crapScore="2" isConstructor="false" isStatic="true" isGetter="false" isSetter="false">
              <Summary numSequencePoints="5" visitedSequencePoints="0" numBranchPoints="1" visitedBranchPoints="0" sequenceCoverage="0" branchCoverage="0" maxCyclomaticComplexity="1" minCyclomaticComplexity="1" maxCrapScore="2" minCrapScore="2" visitedClasses="0" numClasses="0" visitedMethods="0" numMethods="1" />
              <MetadataToken>100663322</MetadataToken>
              <Name>System.Void Chordnomicon_Prototype_1.Program::Main(System.String[])</Name>
              <FileRef uid="8" />
              <SequencePoints>
                <SequencePoint vc="0" uspid="1207" ordinal="0" offset="0" sl="12" sc="9" el="12" ec="10" bec="0" bev="0" fileid="8" />
                <SequencePoint vc="0" uspid="1208" ordinal="1" offset="1" sl="13" sc="13" el="15" ec="73" bec="0" bev="0" fileid="8" />
                <SequencePoint vc="0" uspid="1209" ordinal="2" offset="7" sl="16" sc="13" el="16" ec="49" bec="0" bev="0" fileid="8" />
                <SequencePoint vc="0" uspid="1210" ordinal="3" offset="14" sl="17" sc="13" el="17" ec="39" bec="0" bev="0" fileid="8" />
                <SequencePoint vc="0" uspid="1211" ordinal="4" offset="20" sl="18" sc="9" el="18" ec="10" bec="0" bev="0" fileid="8" />
              </SequencePoints>
              <BranchPoints />
              <MethodPoint xsi:type="SequencePoint" vc="0" uspid="1207" ordinal="0" offset="0" sl="12" sc="9" el="12" ec="10" bec="0" bev="0" fileid="8" />
            </Method>
            <Method visited="false" cyclomaticComplexity="1" nPathComplexity="0" sequenceCoverage="0" branchCoverage="0" crapScore="2" isConstructor="true" isStatic="false" isGetter="false" isSetter="false">
              <Summary numSequencePoints="0" visitedSequencePoints="0" numBranchPoints="0" visitedBranchPoints="0" sequenceCoverage="0" branchCoverage="0" maxCyclomaticComplexity="1" minCyclomaticComplexity="1" maxCrapScore="2" minCrapScore="2" visitedClasses="0" numClasses="0" visitedMethods="0" numMethods="0" />
              <MetadataToken>100663323</MetadataToken>
              <Name>System.Void Chordnomicon_Prototype_1.Program::.ctor()</Name>
              <SequencePoints />
              <BranchPoints />
              <MethodPoint vc="0" uspid="1212" ordinal="0" offset="0" />
            </Method>
          </Methods>
        </Class>
        <Class>
          <Summary numSequencePoints="7" visitedSequencePoints="0" numBranchPoints="3" visitedBranchPoints="0" sequenceCoverage="0" branchCoverage="0" maxCyclomaticComplexity="1" minCyclomaticComplexity="1" maxCrapScore="2" minCrapScore="2" visitedClasses="0" numClasses="1" visitedMethods="0" numMethods="3" />
          <FullName>Chordnomicon_Prototype_1.Progression</FullName>
          <Methods>
            <Method visited="false" cyclomaticComplexity="1" nPathComplexity="0" sequenceCoverage="0" branchCoverage="0" crapScore="2" isConstructor="false" isStatic="true" isGetter="false" isSetter="false">
              <Summary numSequencePoints="3" visitedSequencePoints="0" numBranchPoints="1" visitedBranchPoints="0" sequenceCoverage="0" branchCoverage="0" maxCyclomaticComplexity="1" minCyclomaticComplexity="1" maxCrapScore="2" minCrapScore="2" visitedClasses="0" numClasses="0" visitedMethods="0" numMethods="1" />
              <MetadataToken>100663324</MetadataToken>
              <Name>System.Void Chordnomicon_Prototype_1.Progression::changeKey(Chordnomicon_Prototype_1.Note)</Name>
              <FileRef uid="9" />
              <SequencePoints>
                <SequencePoint vc="0" uspid="1213" ordinal="0" offset="0" sl="14" sc="9" el="14" ec="10" bec="0" bev="0" fileid="9" />
                <SequencePoint vc="0" uspid="1214" ordinal="1" offset="1" sl="15" sc="13" el="15" ec="24" bec="0" bev="0" fileid="9" />
                <SequencePoint vc="0" uspid="1215" ordinal="2" offset="7" sl="16" sc="9" el="16" ec="10" bec="0" bev="0" fileid="9" />
              </SequencePoints>
              <BranchPoints />
              <MethodPoint xsi:type="SequencePoint" vc="0" uspid="1213" ordinal="0" offset="0" sl="14" sc="9" el="14" ec="10" bec="0" bev="0" fileid="9" />
            </Method>
            <Method visited="false" cyclomaticComplexity="1" nPathComplexity="0" sequenceCoverage="0" branchCoverage="0" crapScore="2" isConstructor="false" isStatic="true" isGetter="false" isSetter="false">
              <Summary numSequencePoints="3" visitedSequencePoints="0" numBranchPoints="1" visitedBranchPoints="0" sequenceCoverage="0" branchCoverage="0" maxCyclomaticComplexity="1" minCyclomaticComplexity="1" maxCrapScore="2" minCrapScore="2" visitedClasses="0" numClasses="0" visitedMethods="0" numMethods="1" />
              <MetadataToken>100663325</MetadataToken>
              <Name>Chordnomicon_Prototype_1.Note Chordnomicon_Prototype_1.Progression::getKey()</Name>
              <FileRef uid="9" />
              <SequencePoints>
                <SequencePoint vc="0" uspid="1216" ordinal="0" offset="0" sl="17" sc="37" el="17" ec="38" bec="0" bev="0" fileid="9" />
                <SequencePoint vc="0" uspid="1217" ordinal="1" offset="1" sl="17" sc="39" el="17" ec="51" bec="0" bev="0" fileid="9" />
                <SequencePoint vc="0" uspid="1218" ordinal="2" offset="9" sl="17" sc="52" el="17" ec="53" bec="0" bev="0" fileid="9" />
              </SequencePoints>
              <BranchPoints />
              <MethodPoint xsi:type="SequencePoint" vc="0" uspid="1216" ordinal="0" offset="0" sl="17" sc="37" el="17" ec="38" bec="0" bev="0" fileid="9" />
            </Method>
            <Method visited="false" cyclomaticComplexity="1" nPathComplexity="0" sequenceCoverage="0" branchCoverage="0" crapScore="2" isConstructor="true" isStatic="false" isGetter="false" isSetter="false">
              <Summary numSequencePoints="0" visitedSequencePoints="0" numBranchPoints="0" visitedBranchPoints="0" sequenceCoverage="0" branchCoverage="0" maxCyclomaticComplexity="1" minCyclomaticComplexity="1" maxCrapScore="2" minCrapScore="2" visitedClasses="0" numClasses="0" visitedMethods="0" numMethods="0" />
              <MetadataToken>100663326</MetadataToken>
              <Name>System.Void Chordnomicon_Prototype_1.Progression::.ctor()</Name>
              <SequencePoints />
              <BranchPoints />
              <MethodPoint vc="0" uspid="1219" ordinal="0" offset="0" />
            </Method>
            <Method visited="false" cyclomaticComplexity="1" nPathComplexity="0" sequenceCoverage="0" branchCoverage="0" crapScore="2" isConstructor="true" isStatic="true" isGetter="false" isSetter="false">
              <Summary numSequencePoints="1" visitedSequencePoints="0" numBranchPoints="1" visitedBranchPoints="0" sequenceCoverage="0" branchCoverage="0" maxCyclomaticComplexity="1" minCyclomaticComplexity="1" maxCrapScore="2" minCrapScore="2" visitedClasses="0" numClasses="0" visitedMethods="0" numMethods="1" />
              <MetadataToken>100663327</MetadataToken>
              <Name>System.Void Chordnomicon_Prototype_1.Progression::.cctor()</Name>
              <FileRef uid="9" />
              <SequencePoints>
                <SequencePoint vc="0" uspid="1220" ordinal="0" offset="0" sl="11" sc="9" el="11" ec="53" bec="0" bev="0" fileid="9" />
              </SequencePoints>
              <BranchPoints />
              <MethodPoint xsi:type="SequencePoint" vc="0" uspid="1220" ordinal="0" offset="0" sl="11" sc="9" el="11" ec="53" bec="0" bev="0" fileid="9" />
            </Method>
          </Methods>
        </Class>
      </Classes>
      <TrackedMethods>
        <TrackedMethod uid="1" token="100663306" name="System.Void Chordnomicon_Prototype_1.ChordFactoryTest::ChordFactoryTest_getChrodByName()" strategy="NUnitTest" />
        <TrackedMethod uid="2" token="100663319" name="System.Void Chordnomicon_Prototype_1.NoteFactoryTest::NoteFactoryTest_getNoteByName()" strategy="NUnitTest" />
        <TrackedMethod uid="3" token="100663320" name="System.Void Chordnomicon_Prototype_1.NoteFactoryTest::NoteFactoryTest_getNoteByValue()" strategy="NUnitTest" />
      </TrackedMethods>
    </Module>
  </Modules>
</CoverageSession>