<?xml version="1.0" encoding="utf-8"?>
<CoverageSession xmlns:xsd="http://www.w3.org/2001/XMLSchema" xmlns:xsi="http://www.w3.org/2001/XMLSchema-instance" Version="4.6.0.0">
  <Summary numSequencePoints="2862" visitedSequencePoints="657" numBranchPoints="805" visitedBranchPoints="247" sequenceCoverage="22.96" branchCoverage="30.68" maxCyclomaticComplexity="173" minCyclomaticComplexity="1" maxCrapScore="13340" minCrapScore="1" visitedClasses="7" numClasses="22" visitedMethods="16" numMethods="91" />
  <Modules>
    <Module hash="F9-BE-4B-12-96-51-2F-7F-D4-38-C9-45-70-3D-51-F5-75-B8-3B-2D">
      <Summary numSequencePoints="2862" visitedSequencePoints="657" numBranchPoints="805" visitedBranchPoints="247" sequenceCoverage="22.96" branchCoverage="30.68" maxCyclomaticComplexity="173" minCyclomaticComplexity="1" maxCrapScore="13340" minCrapScore="1" visitedClasses="7" numClasses="22" visitedMethods="16" numMethods="91" />
      <ModulePath>C:\Users\caleb\source\repos\Chordnomicon Prototype 1\Chordnomicon Prototype 1\bin\Debug\Chordnomicon Prototype 1.exe</ModulePath>
      <ModuleTime>2018-05-27T08:16:45.6841062Z</ModuleTime>
      <ModuleName>Chordnomicon Prototype 1</ModuleName>
      <Files>
        <File uid="1" fullPath="C:\Users\caleb\source\repos\Chordnomicon Prototype 1\Chordnomicon Prototype 1\Chord.cs" />
        <File uid="2" fullPath="C:\Users\caleb\source\repos\Chordnomicon Prototype 1\Chordnomicon Prototype 1\ChordController.cs" />
        <File uid="3" fullPath="C:\Users\caleb\source\repos\Chordnomicon Prototype 1\Chordnomicon Prototype 1\ChordControllerTest.cs" />
        <File uid="4" fullPath="C:\Users\caleb\source\repos\Chordnomicon Prototype 1\Chordnomicon Prototype 1\ChordFactory.cs" />
        <File uid="5" fullPath="C:\Users\caleb\source\repos\Chordnomicon Prototype 1\Chordnomicon Prototype 1\ChordFactoryTest.cs" />
        <File uid="6" fullPath="C:\Users\caleb\source\repos\Chordnomicon Prototype 1\Chordnomicon Prototype 1\Guitar.cs" />
        <File uid="7" fullPath="C:\Users\caleb\source\repos\Chordnomicon Prototype 1\Chordnomicon Prototype 1\Interval.cs" />
        <File uid="8" fullPath="C:\Users\caleb\source\repos\Chordnomicon Prototype 1\Chordnomicon Prototype 1\IntervalFactory.cs" />
        <File uid="9" fullPath="C:\Users\caleb\source\repos\Chordnomicon Prototype 1\Chordnomicon Prototype 1\Mode.cs" />
        <File uid="10" fullPath="C:\Users\caleb\source\repos\Chordnomicon Prototype 1\Chordnomicon Prototype 1\ModeTest.cs" />
        <File uid="11" fullPath="C:\Users\caleb\source\repos\Chordnomicon Prototype 1\Chordnomicon Prototype 1\Note.cs" />
        <File uid="12" fullPath="C:\Users\caleb\source\repos\Chordnomicon Prototype 1\Chordnomicon Prototype 1\NoteController.cs" />
        <File uid="13" fullPath="C:\Users\caleb\source\repos\Chordnomicon Prototype 1\Chordnomicon Prototype 1\NoteFactory.cs" />
        <File uid="14" fullPath="C:\Users\caleb\source\repos\Chordnomicon Prototype 1\Chordnomicon Prototype 1\NoteFactoryTest.cs" />
        <File uid="15" fullPath="C:\Users\caleb\source\repos\Chordnomicon Prototype 1\Chordnomicon Prototype 1\Program.cs" />
        <File uid="16" fullPath="C:\Users\caleb\source\repos\Chordnomicon Prototype 1\Chordnomicon Prototype 1\Progression.cs" />
        <File uid="17" fullPath="C:\Users\caleb\source\repos\Chordnomicon Prototype 1\Chordnomicon Prototype 1\ProgressionTest.cs" />
        <File uid="18" fullPath="C:\Users\caleb\source\repos\Chordnomicon Prototype 1\Chordnomicon Prototype 1\TabChord.cs" />
        <File uid="19" fullPath="C:\Users\caleb\source\repos\Chordnomicon Prototype 1\Chordnomicon Prototype 1\TabChordFactory.cs" />
        <File uid="20" fullPath="C:\Users\caleb\source\repos\Chordnomicon Prototype 1\Chordnomicon Prototype 1\TabChordFactoryTest.cs" />
        <File uid="21" fullPath="C:\Users\caleb\source\repos\Chordnomicon Prototype 1\Chordnomicon Prototype 1\TabController.cs" />
        <File uid="22" fullPath="C:\Users\caleb\source\repos\Chordnomicon Prototype 1\Chordnomicon Prototype 1\TabControllerTest.cs" />
      </Files>
      <Classes>
        <Class>
          <Summary numSequencePoints="35" visitedSequencePoints="23" numBranchPoints="11" visitedBranchPoints="7" sequenceCoverage="65.71" branchCoverage="63.64" maxCyclomaticComplexity="2" minCyclomaticComplexity="1" maxCrapScore="2" minCrapScore="1" visitedClasses="1" numClasses="1" visitedMethods="5" numMethods="9" />
          <FullName>Chordnomicon_Prototype_1.Chord</FullName>
          <Methods>
            <Method visited="true" cyclomaticComplexity="1" nPathComplexity="0" sequenceCoverage="100" branchCoverage="100" crapScore="1" isConstructor="true" isStatic="false" isGetter="false" isSetter="false">
              <Summary numSequencePoints="4" visitedSequencePoints="4" numBranchPoints="1" visitedBranchPoints="1" sequenceCoverage="100" branchCoverage="100" maxCyclomaticComplexity="1" minCyclomaticComplexity="1" maxCrapScore="1" minCrapScore="1" visitedClasses="0" numClasses="0" visitedMethods="1" numMethods="1" />
              <MetadataToken>100663297</MetadataToken>
              <Name>System.Void Chordnomicon_Prototype_1.Chord::.ctor()</Name>
              <FileRef uid="1" />
              <SequencePoints>
                <SequencePoint vc="44" uspid="1" ordinal="0" offset="0" sl="18" sc="9" el="18" ec="45" bec="0" bev="0" fileid="1">
                  <TrackedMethodRefs>
                    <TrackedMethodRef uid="2" vc="43" />
                  </TrackedMethodRefs>
                </SequencePoint>
                <SequencePoint vc="44" uspid="2" ordinal="1" offset="11" sl="12" sc="9" el="12" ec="23" bec="0" bev="0" fileid="1">
                  <TrackedMethodRefs>
                    <TrackedMethodRef uid="2" vc="43" />
                  </TrackedMethodRefs>
                </SequencePoint>
                <SequencePoint vc="44" uspid="3" ordinal="2" offset="18" sl="12" sc="24" el="12" ec="25" bec="0" bev="0" fileid="1">
                  <TrackedMethodRefs>
                    <TrackedMethodRef uid="2" vc="43" />
                  </TrackedMethodRefs>
                </SequencePoint>
                <SequencePoint vc="44" uspid="4" ordinal="3" offset="19" sl="12" sc="26" el="12" ec="27" bec="0" bev="0" fileid="1">
                  <TrackedMethodRefs>
                    <TrackedMethodRef uid="2" vc="43" />
                  </TrackedMethodRefs>
                </SequencePoint>
              </SequencePoints>
              <BranchPoints />
              <MethodPoint xsi:type="SequencePoint" vc="44" uspid="1" ordinal="0" offset="0" sl="18" sc="9" el="18" ec="45" bec="0" bev="0" fileid="1">
                <TrackedMethodRefs>
                  <TrackedMethodRef uid="2" vc="43" />
                </TrackedMethodRefs>
              </MethodPoint>
            </Method>
            <Method visited="true" cyclomaticComplexity="1" nPathComplexity="0" sequenceCoverage="100" branchCoverage="100" crapScore="1" isConstructor="false" isStatic="false" isGetter="false" isSetter="false">
              <Summary numSequencePoints="3" visitedSequencePoints="3" numBranchPoints="1" visitedBranchPoints="1" sequenceCoverage="100" branchCoverage="100" maxCyclomaticComplexity="1" minCyclomaticComplexity="1" maxCrapScore="1" minCrapScore="1" visitedClasses="0" numClasses="0" visitedMethods="1" numMethods="1" />
              <MetadataToken>100663298</MetadataToken>
              <Name>System.String Chordnomicon_Prototype_1.Chord::getName()</Name>
              <FileRef uid="1" />
              <SequencePoints>
                <SequencePoint vc="1" uspid="5" ordinal="0" offset="0" sl="15" sc="33" el="15" ec="34" bec="0" bev="0" fileid="1">
                  <TrackedMethodRefs>
                    <TrackedMethodRef uid="2" vc="1" />
                  </TrackedMethodRefs>
                </SequencePoint>
                <SequencePoint vc="1" uspid="6" ordinal="1" offset="1" sl="15" sc="35" el="15" ec="48" bec="0" bev="0" fileid="1">
                  <TrackedMethodRefs>
                    <TrackedMethodRef uid="2" vc="1" />
                  </TrackedMethodRefs>
                </SequencePoint>
                <SequencePoint vc="1" uspid="7" ordinal="2" offset="10" sl="15" sc="49" el="15" ec="50" bec="0" bev="0" fileid="1">
                  <TrackedMethodRefs>
                    <TrackedMethodRef uid="2" vc="1" />
                  </TrackedMethodRefs>
                </SequencePoint>
              </SequencePoints>
              <BranchPoints />
              <MethodPoint xsi:type="SequencePoint" vc="1" uspid="5" ordinal="0" offset="0" sl="15" sc="33" el="15" ec="34" bec="0" bev="0" fileid="1">
                <TrackedMethodRefs>
                  <TrackedMethodRef uid="2" vc="1" />
                </TrackedMethodRefs>
              </MethodPoint>
            </Method>
            <Method visited="true" cyclomaticComplexity="1" nPathComplexity="0" sequenceCoverage="100" branchCoverage="100" crapScore="1" isConstructor="false" isStatic="false" isGetter="false" isSetter="false">
              <Summary numSequencePoints="3" visitedSequencePoints="3" numBranchPoints="1" visitedBranchPoints="1" sequenceCoverage="100" branchCoverage="100" maxCyclomaticComplexity="1" minCyclomaticComplexity="1" maxCrapScore="1" minCrapScore="1" visitedClasses="0" numClasses="0" visitedMethods="1" numMethods="1" />
              <MetadataToken>100663299</MetadataToken>
              <Name>System.Void Chordnomicon_Prototype_1.Chord::setName(System.String)</Name>
              <FileRef uid="1" />
              <SequencePoints>
                <SequencePoint vc="43" uspid="8" ordinal="0" offset="0" sl="16" sc="42" el="16" ec="43" bec="0" bev="0" fileid="1">
                  <TrackedMethodRefs>
                    <TrackedMethodRef uid="2" vc="43" />
                  </TrackedMethodRefs>
                </SequencePoint>
                <SequencePoint vc="43" uspid="9" ordinal="1" offset="1" sl="16" sc="44" el="16" ec="57" bec="0" bev="0" fileid="1">
                  <TrackedMethodRefs>
                    <TrackedMethodRef uid="2" vc="43" />
                  </TrackedMethodRefs>
                </SequencePoint>
                <SequencePoint vc="43" uspid="10" ordinal="2" offset="8" sl="16" sc="58" el="16" ec="59" bec="0" bev="0" fileid="1">
                  <TrackedMethodRefs>
                    <TrackedMethodRef uid="2" vc="43" />
                  </TrackedMethodRefs>
                </SequencePoint>
              </SequencePoints>
              <BranchPoints />
              <MethodPoint xsi:type="SequencePoint" vc="43" uspid="8" ordinal="0" offset="0" sl="16" sc="42" el="16" ec="43" bec="0" bev="0" fileid="1">
                <TrackedMethodRefs>
                  <TrackedMethodRef uid="2" vc="43" />
                </TrackedMethodRefs>
              </MethodPoint>
            </Method>
            <Method visited="true" cyclomaticComplexity="1" nPathComplexity="0" sequenceCoverage="100" branchCoverage="100" crapScore="1" isConstructor="false" isStatic="false" isGetter="false" isSetter="false">
              <Summary numSequencePoints="3" visitedSequencePoints="3" numBranchPoints="1" visitedBranchPoints="1" sequenceCoverage="100" branchCoverage="100" maxCyclomaticComplexity="1" minCyclomaticComplexity="1" maxCrapScore="1" minCrapScore="1" visitedClasses="0" numClasses="0" visitedMethods="1" numMethods="1" />
              <MetadataToken>100663300</MetadataToken>
              <Name>System.Void Chordnomicon_Prototype_1.Chord::addNote(Chordnomicon_Prototype_1.Note)</Name>
              <FileRef uid="1" />
              <SequencePoints>
                <SequencePoint vc="181" uspid="11" ordinal="0" offset="0" sl="19" sc="40" el="19" ec="41" bec="0" bev="0" fileid="1">
                  <TrackedMethodRefs>
                    <TrackedMethodRef uid="2" vc="181" />
                  </TrackedMethodRefs>
                </SequencePoint>
                <SequencePoint vc="181" uspid="12" ordinal="1" offset="1" sl="19" sc="42" el="19" ec="58" bec="0" bev="0" fileid="1">
                  <TrackedMethodRefs>
                    <TrackedMethodRef uid="2" vc="181" />
                  </TrackedMethodRefs>
                </SequencePoint>
                <SequencePoint vc="181" uspid="13" ordinal="2" offset="14" sl="19" sc="59" el="19" ec="60" bec="0" bev="0" fileid="1">
                  <TrackedMethodRefs>
                    <TrackedMethodRef uid="2" vc="181" />
                  </TrackedMethodRefs>
                </SequencePoint>
              </SequencePoints>
              <BranchPoints />
              <MethodPoint xsi:type="SequencePoint" vc="181" uspid="11" ordinal="0" offset="0" sl="19" sc="40" el="19" ec="41" bec="0" bev="0" fileid="1">
                <TrackedMethodRefs>
                  <TrackedMethodRef uid="2" vc="181" />
                </TrackedMethodRefs>
              </MethodPoint>
            </Method>
            <Method visited="false" cyclomaticComplexity="1" nPathComplexity="0" sequenceCoverage="0" branchCoverage="0" crapScore="2" isConstructor="false" isStatic="false" isGetter="false" isSetter="false">
              <Summary numSequencePoints="3" visitedSequencePoints="0" numBranchPoints="1" visitedBranchPoints="0" sequenceCoverage="0" branchCoverage="0" maxCyclomaticComplexity="1" minCyclomaticComplexity="1" maxCrapScore="2" minCrapScore="2" visitedClasses="0" numClasses="0" visitedMethods="0" numMethods="1" />
              <MetadataToken>100663301</MetadataToken>
              <Name>System.Void Chordnomicon_Prototype_1.Chord::insertNote(Chordnomicon_Prototype_1.Note,System.Int32)</Name>
              <FileRef uid="1" />
              <SequencePoints>
                <SequencePoint vc="0" uspid="14" ordinal="0" offset="0" sl="20" sc="54" el="20" ec="55" bec="0" bev="0" fileid="1" />
                <SequencePoint vc="0" uspid="15" ordinal="1" offset="1" sl="20" sc="56" el="20" ec="82" bec="0" bev="0" fileid="1" />
                <SequencePoint vc="0" uspid="16" ordinal="2" offset="15" sl="20" sc="83" el="20" ec="84" bec="0" bev="0" fileid="1" />
              </SequencePoints>
              <BranchPoints />
              <MethodPoint xsi:type="SequencePoint" vc="0" uspid="14" ordinal="0" offset="0" sl="20" sc="54" el="20" ec="55" bec="0" bev="0" fileid="1" />
            </Method>
            <Method visited="true" cyclomaticComplexity="2" nPathComplexity="2" sequenceCoverage="100" branchCoverage="100" crapScore="2" isConstructor="false" isStatic="false" isGetter="false" isSetter="false">
              <Summary numSequencePoints="10" visitedSequencePoints="10" numBranchPoints="3" visitedBranchPoints="3" sequenceCoverage="100" branchCoverage="100" maxCyclomaticComplexity="2" minCyclomaticComplexity="2" maxCrapScore="2" minCrapScore="2" visitedClasses="0" numClasses="0" visitedMethods="1" numMethods="1" />
              <MetadataToken>100663302</MetadataToken>
              <Name>System.String Chordnomicon_Prototype_1.Chord::getNotes()</Name>
              <FileRef uid="1" />
              <SequencePoints>
                <SequencePoint vc="43" uspid="17" ordinal="0" offset="0" sl="22" sc="9" el="22" ec="10" bec="0" bev="0" fileid="1">
                  <TrackedMethodRefs>
                    <TrackedMethodRef uid="2" vc="43" />
                  </TrackedMethodRefs>
                </SequencePoint>
                <SequencePoint vc="43" uspid="18" ordinal="1" offset="1" sl="23" sc="13" el="23" ec="64" bec="0" bev="0" fileid="1">
                  <TrackedMethodRefs>
                    <TrackedMethodRef uid="2" vc="43" />
                  </TrackedMethodRefs>
                </SequencePoint>
                <SequencePoint vc="43" uspid="19" ordinal="2" offset="19" sl="24" sc="18" el="24" ec="27" bec="0" bev="0" fileid="1">
                  <TrackedMethodRefs>
                    <TrackedMethodRef uid="2" vc="43" />
                  </TrackedMethodRefs>
                </SequencePoint>
                <SequencePoint vc="138" uspid="20" ordinal="3" offset="23" sl="25" sc="13" el="25" ec="14" bec="0" bev="0" fileid="1">
                  <TrackedMethodRefs>
                    <TrackedMethodRef uid="2" vc="138" />
                  </TrackedMethodRefs>
                </SequencePoint>
                <SequencePoint vc="138" uspid="21" ordinal="4" offset="24" sl="26" sc="17" el="26" ec="83" bec="0" bev="0" fileid="1">
                  <TrackedMethodRefs>
                    <TrackedMethodRef uid="2" vc="138" />
                  </TrackedMethodRefs>
                </SequencePoint>
                <SequencePoint vc="138" uspid="22" ordinal="5" offset="53" sl="27" sc="13" el="27" ec="14" bec="0" bev="0" fileid="1">
                  <TrackedMethodRefs>
                    <TrackedMethodRef uid="2" vc="138" />
                  </TrackedMethodRefs>
                </SequencePoint>
                <SequencePoint vc="138" uspid="23" ordinal="6" offset="54" sl="24" sc="48" el="24" ec="51" bec="0" bev="0" fileid="1">
                  <TrackedMethodRefs>
                    <TrackedMethodRef uid="2" vc="138" />
                  </TrackedMethodRefs>
                </SequencePoint>
                <SequencePoint vc="181" uspid="24" ordinal="7" offset="58" sl="24" sc="29" el="24" ec="46" bec="2" bev="2" fileid="1">
                  <TrackedMethodRefs>
                    <TrackedMethodRef uid="2" vc="181" />
                  </TrackedMethodRefs>
                </SequencePoint>
                <SequencePoint vc="43" uspid="25" ordinal="8" offset="76" sl="28" sc="13" el="28" ec="33" bec="0" bev="0" fileid="1">
                  <TrackedMethodRefs>
                    <TrackedMethodRef uid="2" vc="43" />
                  </TrackedMethodRefs>
                </SequencePoint>
                <SequencePoint vc="43" uspid="26" ordinal="9" offset="80" sl="29" sc="9" el="29" ec="10" bec="0" bev="0" fileid="1">
                  <TrackedMethodRefs>
                    <TrackedMethodRef uid="2" vc="43" />
                  </TrackedMethodRefs>
                </SequencePoint>
              </SequencePoints>
              <BranchPoints>
                <BranchPoint vc="43" uspid="27" ordinal="0" offset="74" sl="24" path="0" offsetend="76" fileid="1">
                  <TrackedMethodRefs>
                    <TrackedMethodRef uid="2" vc="43" />
                  </TrackedMethodRefs>
                </BranchPoint>
                <BranchPoint vc="138" uspid="28" ordinal="1" offset="74" sl="24" path="1" offsetend="23" fileid="1">
                  <TrackedMethodRefs>
                    <TrackedMethodRef uid="2" vc="138" />
                  </TrackedMethodRefs>
                </BranchPoint>
              </BranchPoints>
              <MethodPoint xsi:type="SequencePoint" vc="43" uspid="17" ordinal="0" offset="0" sl="22" sc="9" el="22" ec="10" bec="0" bev="0" fileid="1">
                <TrackedMethodRefs>
                  <TrackedMethodRef uid="2" vc="43" />
                </TrackedMethodRefs>
              </MethodPoint>
            </Method>
            <Method visited="false" cyclomaticComplexity="1" nPathComplexity="0" sequenceCoverage="0" branchCoverage="0" crapScore="2" isConstructor="false" isStatic="false" isGetter="false" isSetter="false">
              <Summary numSequencePoints="3" visitedSequencePoints="0" numBranchPoints="1" visitedBranchPoints="0" sequenceCoverage="0" branchCoverage="0" maxCyclomaticComplexity="1" minCyclomaticComplexity="1" maxCrapScore="2" minCrapScore="2" visitedClasses="0" numClasses="0" visitedMethods="0" numMethods="1" />
              <MetadataToken>100663303</MetadataToken>
              <Name>System.Int32 Chordnomicon_Prototype_1.Chord::getSize()</Name>
              <FileRef uid="1" />
              <SequencePoints>
                <SequencePoint vc="0" uspid="29" ordinal="0" offset="0" sl="30" sc="30" el="30" ec="31" bec="0" bev="0" fileid="1" />
                <SequencePoint vc="0" uspid="30" ordinal="1" offset="1" sl="30" sc="32" el="30" ec="51" bec="0" bev="0" fileid="1" />
                <SequencePoint vc="0" uspid="31" ordinal="2" offset="15" sl="30" sc="52" el="30" ec="53" bec="0" bev="0" fileid="1" />
              </SequencePoints>
              <BranchPoints />
              <MethodPoint xsi:type="SequencePoint" vc="0" uspid="29" ordinal="0" offset="0" sl="30" sc="30" el="30" ec="31" bec="0" bev="0" fileid="1" />
            </Method>
            <Method visited="false" cyclomaticComplexity="1" nPathComplexity="0" sequenceCoverage="0" branchCoverage="0" crapScore="2" isConstructor="false" isStatic="false" isGetter="false" isSetter="false">
              <Summary numSequencePoints="3" visitedSequencePoints="0" numBranchPoints="1" visitedBranchPoints="0" sequenceCoverage="0" branchCoverage="0" maxCyclomaticComplexity="1" minCyclomaticComplexity="1" maxCrapScore="2" minCrapScore="2" visitedClasses="0" numClasses="0" visitedMethods="0" numMethods="1" />
              <MetadataToken>100663304</MetadataToken>
              <Name>System.Int32 Chordnomicon_Prototype_1.Chord::getTonicValue()</Name>
              <FileRef uid="1" />
              <SequencePoints>
                <SequencePoint vc="0" uspid="32" ordinal="0" offset="0" sl="31" sc="36" el="31" ec="37" bec="0" bev="0" fileid="1" />
                <SequencePoint vc="0" uspid="33" ordinal="1" offset="1" sl="31" sc="38" el="31" ec="75" bec="0" bev="0" fileid="1" />
                <SequencePoint vc="0" uspid="34" ordinal="2" offset="21" sl="31" sc="76" el="31" ec="77" bec="0" bev="0" fileid="1" />
              </SequencePoints>
              <BranchPoints />
              <MethodPoint xsi:type="SequencePoint" vc="0" uspid="32" ordinal="0" offset="0" sl="31" sc="36" el="31" ec="37" bec="0" bev="0" fileid="1" />
            </Method>
            <Method visited="false" cyclomaticComplexity="1" nPathComplexity="0" sequenceCoverage="0" branchCoverage="0" crapScore="2" isConstructor="false" isStatic="false" isGetter="false" isSetter="false">
              <Summary numSequencePoints="3" visitedSequencePoints="0" numBranchPoints="1" visitedBranchPoints="0" sequenceCoverage="0" branchCoverage="0" maxCyclomaticComplexity="1" minCyclomaticComplexity="1" maxCrapScore="2" minCrapScore="2" visitedClasses="0" numClasses="0" visitedMethods="0" numMethods="1" />
              <MetadataToken>100663305</MetadataToken>
              <Name>Chordnomicon_Prototype_1.Note Chordnomicon_Prototype_1.Chord::getNoteAt(System.Int32)</Name>
              <FileRef uid="1" />
              <SequencePoints>
                <SequencePoint vc="0" uspid="35" ordinal="0" offset="0" sl="32" sc="45" el="32" ec="46" bec="0" bev="0" fileid="1" />
                <SequencePoint vc="0" uspid="36" ordinal="1" offset="1" sl="32" sc="47" el="32" ec="80" bec="0" bev="0" fileid="1" />
                <SequencePoint vc="0" uspid="37" ordinal="2" offset="16" sl="32" sc="81" el="32" ec="82" bec="0" bev="0" fileid="1" />
              </SequencePoints>
              <BranchPoints />
              <MethodPoint xsi:type="SequencePoint" vc="0" uspid="35" ordinal="0" offset="0" sl="32" sc="45" el="32" ec="46" bec="0" bev="0" fileid="1" />
            </Method>
          </Methods>
        </Class>
        <Class>
          <Summary numSequencePoints="192" visitedSequencePoints="163" numBranchPoints="104" visitedBranchPoints="90" sequenceCoverage="84.90" branchCoverage="86.54" maxCyclomaticComplexity="173" minCyclomaticComplexity="1" maxCrapScore="250.97" minCrapScore="2" visitedClasses="1" numClasses="1" visitedMethods="1" numMethods="2" />
          <FullName>Chordnomicon_Prototype_1.ChordController</FullName>
          <Methods>
            <Method visited="false" cyclomaticComplexity="1" nPathComplexity="0" sequenceCoverage="0" branchCoverage="0" crapScore="2" isConstructor="true" isStatic="false" isGetter="false" isSetter="false">
              <Summary numSequencePoints="3" visitedSequencePoints="0" numBranchPoints="1" visitedBranchPoints="0" sequenceCoverage="0" branchCoverage="0" maxCyclomaticComplexity="1" minCyclomaticComplexity="1" maxCrapScore="2" minCrapScore="2" visitedClasses="0" numClasses="0" visitedMethods="0" numMethods="1" />
              <MetadataToken>100663306</MetadataToken>
              <Name>System.Void Chordnomicon_Prototype_1.ChordController::.ctor()</Name>
              <FileRef uid="2" />
              <SequencePoints>
                <SequencePoint vc="0" uspid="38" ordinal="0" offset="0" sl="11" sc="9" el="11" ec="34" bec="0" bev="0" fileid="2" />
                <SequencePoint vc="0" uspid="39" ordinal="1" offset="7" sl="11" sc="35" el="11" ec="36" bec="0" bev="0" fileid="2" />
                <SequencePoint vc="0" uspid="40" ordinal="2" offset="8" sl="11" sc="37" el="11" ec="38" bec="0" bev="0" fileid="2" />
              </SequencePoints>
              <BranchPoints />
              <MethodPoint xsi:type="SequencePoint" vc="0" uspid="38" ordinal="0" offset="0" sl="11" sc="9" el="11" ec="34" bec="0" bev="0" fileid="2" />
            </Method>
            <Method visited="true" cyclomaticComplexity="173" nPathComplexity="524288" sequenceCoverage="86.24" branchCoverage="87.38" crapScore="250.97" isConstructor="false" isStatic="true" isGetter="false" isSetter="false">
              <Summary numSequencePoints="189" visitedSequencePoints="163" numBranchPoints="103" visitedBranchPoints="90" sequenceCoverage="86.24" branchCoverage="87.38" maxCyclomaticComplexity="173" minCyclomaticComplexity="173" maxCrapScore="250.97" minCrapScore="250.97" visitedClasses="0" numClasses="0" visitedMethods="1" numMethods="1" />
              <MetadataToken>100663307</MetadataToken>
              <Name>System.Boolean Chordnomicon_Prototype_1.ChordController::checkChordName(System.String)</Name>
              <FileRef uid="2" />
              <SequencePoints>
                <SequencePoint vc="43" uspid="41" ordinal="0" offset="0" sl="13" sc="9" el="13" ec="10" bec="0" bev="0" fileid="2">
                  <TrackedMethodRefs>
                    <TrackedMethodRef uid="2" vc="43" />
                  </TrackedMethodRefs>
                </SequencePoint>
                <SequencePoint vc="43" uspid="42" ordinal="1" offset="1" sl="14" sc="13" el="14" ec="52" bec="0" bev="0" fileid="2">
                  <TrackedMethodRefs>
                    <TrackedMethodRef uid="2" vc="43" />
                  </TrackedMethodRefs>
                </SequencePoint>
                <SequencePoint vc="43" uspid="43" ordinal="2" offset="8" sl="17" sc="13" el="17" ec="35" bec="0" bev="0" fileid="2">
                  <TrackedMethodRefs>
                    <TrackedMethodRef uid="2" vc="43" />
                  </TrackedMethodRefs>
                </SequencePoint>
                <SequencePoint vc="43" uspid="44" ordinal="3" offset="14" sl="19" sc="13" el="19" ec="42" bec="2" bev="1" fileid="2">
                  <TrackedMethodRefs>
                    <TrackedMethodRef uid="2" vc="43" />
                  </TrackedMethodRefs>
                </SequencePoint>
                <SequencePoint vc="0" uspid="45" ordinal="4" offset="29" sl="19" sc="43" el="19" ec="44" bec="0" bev="0" fileid="2" />
                <SequencePoint vc="0" uspid="46" ordinal="5" offset="30" sl="19" sc="45" el="19" ec="58" bec="0" bev="0" fileid="2" />
                <SequencePoint vc="43" uspid="47" ordinal="6" offset="38" sl="21" sc="13" el="22" ec="95" bec="2" bev="1" fileid="2">
                  <TrackedMethodRefs>
                    <TrackedMethodRef uid="2" vc="43" />
                  </TrackedMethodRefs>
                </SequencePoint>
                <SequencePoint vc="43" uspid="48" ordinal="7" offset="96" sl="23" sc="13" el="23" ec="14" bec="0" bev="0" fileid="2">
                  <TrackedMethodRefs>
                    <TrackedMethodRef uid="2" vc="43" />
                  </TrackedMethodRefs>
                </SequencePoint>
                <SequencePoint vc="43" uspid="49" ordinal="8" offset="97" sl="24" sc="17" el="24" ec="57" bec="0" bev="0" fileid="2">
                  <TrackedMethodRefs>
                    <TrackedMethodRef uid="2" vc="43" />
                  </TrackedMethodRefs>
                </SequencePoint>
                <SequencePoint vc="43" uspid="50" ordinal="9" offset="110" sl="25" sc="17" el="25" ec="73" bec="0" bev="0" fileid="2">
                  <TrackedMethodRefs>
                    <TrackedMethodRef uid="2" vc="43" />
                  </TrackedMethodRefs>
                </SequencePoint>
                <SequencePoint vc="43" uspid="51" ordinal="10" offset="124" sl="26" sc="22" el="26" ec="31" bec="0" bev="0" fileid="2">
                  <TrackedMethodRefs>
                    <TrackedMethodRef uid="2" vc="43" />
                  </TrackedMethodRefs>
                </SequencePoint>
                <SequencePoint vc="145" uspid="52" ordinal="11" offset="129" sl="26" sc="69" el="26" ec="70" bec="0" bev="0" fileid="2">
                  <TrackedMethodRefs>
                    <TrackedMethodRef uid="2" vc="145" />
                  </TrackedMethodRefs>
                </SequencePoint>
                <SequencePoint vc="145" uspid="53" ordinal="12" offset="130" sl="26" sc="71" el="26" ec="115" bec="0" bev="0" fileid="2">
                  <TrackedMethodRefs>
                    <TrackedMethodRef uid="2" vc="145" />
                  </TrackedMethodRefs>
                </SequencePoint>
                <SequencePoint vc="145" uspid="54" ordinal="13" offset="140" sl="26" sc="116" el="26" ec="117" bec="0" bev="0" fileid="2">
                  <TrackedMethodRefs>
                    <TrackedMethodRef uid="2" vc="145" />
                  </TrackedMethodRefs>
                </SequencePoint>
                <SequencePoint vc="145" uspid="55" ordinal="14" offset="141" sl="26" sc="64" el="26" ec="67" bec="0" bev="0" fileid="2">
                  <TrackedMethodRefs>
                    <TrackedMethodRef uid="2" vc="145" />
                  </TrackedMethodRefs>
                </SequencePoint>
                <SequencePoint vc="188" uspid="56" ordinal="15" offset="147" sl="26" sc="33" el="26" ec="62" bec="2" bev="2" fileid="2">
                  <TrackedMethodRefs>
                    <TrackedMethodRef uid="2" vc="188" />
                  </TrackedMethodRefs>
                </SequencePoint>
                <SequencePoint vc="43" uspid="57" ordinal="16" offset="165" sl="27" sc="13" el="27" ec="14" bec="0" bev="0" fileid="2">
                  <TrackedMethodRefs>
                    <TrackedMethodRef uid="2" vc="43" />
                  </TrackedMethodRefs>
                </SequencePoint>
                <SequencePoint vc="0" uspid="58" ordinal="17" offset="168" sl="28" sc="18" el="28" ec="19" bec="0" bev="0" fileid="2" />
                <SequencePoint vc="0" uspid="59" ordinal="18" offset="169" sl="28" sc="20" el="28" ec="33" bec="0" bev="0" fileid="2" />
                <SequencePoint vc="43" uspid="60" ordinal="19" offset="177" sl="30" sc="13" el="30" ec="48" bec="2" bev="2" fileid="2">
                  <TrackedMethodRefs>
                    <TrackedMethodRef uid="2" vc="43" />
                  </TrackedMethodRefs>
                </SequencePoint>
                <SequencePoint vc="1" uspid="61" ordinal="20" offset="192" sl="30" sc="49" el="30" ec="50" bec="0" bev="0" fileid="2">
                  <TrackedMethodRefs>
                    <TrackedMethodRef uid="2" vc="1" />
                  </TrackedMethodRefs>
                </SequencePoint>
                <SequencePoint vc="1" uspid="62" ordinal="21" offset="193" sl="30" sc="51" el="30" ec="63" bec="0" bev="0" fileid="2">
                  <TrackedMethodRefs>
                    <TrackedMethodRef uid="2" vc="1" />
                  </TrackedMethodRefs>
                </SequencePoint>
                <SequencePoint vc="42" uspid="63" ordinal="22" offset="201" sl="31" sc="18" el="31" ec="81" bec="2" bev="2" fileid="2">
                  <TrackedMethodRefs>
                    <TrackedMethodRef uid="2" vc="42" />
                  </TrackedMethodRefs>
                </SequencePoint>
                <SequencePoint vc="4" uspid="64" ordinal="23" offset="224" sl="32" sc="13" el="32" ec="14" bec="0" bev="0" fileid="2">
                  <TrackedMethodRefs>
                    <TrackedMethodRef uid="2" vc="4" />
                  </TrackedMethodRefs>
                </SequencePoint>
                <SequencePoint vc="4" uspid="65" ordinal="24" offset="225" sl="33" sc="17" el="33" ec="73" bec="0" bev="0" fileid="2">
                  <TrackedMethodRefs>
                    <TrackedMethodRef uid="2" vc="4" />
                  </TrackedMethodRefs>
                </SequencePoint>
                <SequencePoint vc="4" uspid="66" ordinal="25" offset="244" sl="34" sc="17" el="34" ec="75" bec="0" bev="0" fileid="2">
                  <TrackedMethodRefs>
                    <TrackedMethodRef uid="2" vc="4" />
                  </TrackedMethodRefs>
                </SequencePoint>
                <SequencePoint vc="4" uspid="67" ordinal="26" offset="258" sl="35" sc="22" el="35" ec="31" bec="0" bev="0" fileid="2">
                  <TrackedMethodRefs>
                    <TrackedMethodRef uid="2" vc="4" />
                  </TrackedMethodRefs>
                </SequencePoint>
                <SequencePoint vc="3" uspid="68" ordinal="27" offset="263" sl="36" sc="17" el="36" ec="18" bec="0" bev="0" fileid="2">
                  <TrackedMethodRefs>
                    <TrackedMethodRef uid="2" vc="3" />
                  </TrackedMethodRefs>
                </SequencePoint>
                <SequencePoint vc="3" uspid="69" ordinal="28" offset="264" sl="36" sc="19" el="36" ec="65" bec="0" bev="0" fileid="2">
                  <TrackedMethodRefs>
                    <TrackedMethodRef uid="2" vc="3" />
                  </TrackedMethodRefs>
                </SequencePoint>
                <SequencePoint vc="3" uspid="70" ordinal="29" offset="274" sl="36" sc="66" el="36" ec="67" bec="0" bev="0" fileid="2">
                  <TrackedMethodRefs>
                    <TrackedMethodRef uid="2" vc="3" />
                  </TrackedMethodRefs>
                </SequencePoint>
                <SequencePoint vc="3" uspid="71" ordinal="30" offset="275" sl="35" sc="68" el="35" ec="71" bec="0" bev="0" fileid="2">
                  <TrackedMethodRefs>
                    <TrackedMethodRef uid="2" vc="3" />
                  </TrackedMethodRefs>
                </SequencePoint>
                <SequencePoint vc="7" uspid="72" ordinal="31" offset="281" sl="35" sc="33" el="35" ec="66" bec="2" bev="2" fileid="2">
                  <TrackedMethodRefs>
                    <TrackedMethodRef uid="2" vc="7" />
                  </TrackedMethodRefs>
                </SequencePoint>
                <SequencePoint vc="4" uspid="73" ordinal="32" offset="299" sl="37" sc="13" el="37" ec="14" bec="0" bev="0" fileid="2">
                  <TrackedMethodRefs>
                    <TrackedMethodRef uid="2" vc="4" />
                  </TrackedMethodRefs>
                </SequencePoint>
                <SequencePoint vc="38" uspid="74" ordinal="33" offset="302" sl="38" sc="18" el="38" ec="19" bec="0" bev="0" fileid="2">
                  <TrackedMethodRefs>
                    <TrackedMethodRef uid="2" vc="38" />
                  </TrackedMethodRefs>
                </SequencePoint>
                <SequencePoint vc="38" uspid="75" ordinal="34" offset="303" sl="38" sc="20" el="38" ec="56" bec="0" bev="0" fileid="2">
                  <TrackedMethodRefs>
                    <TrackedMethodRef uid="2" vc="38" />
                  </TrackedMethodRefs>
                </SequencePoint>
                <SequencePoint vc="38" uspid="76" ordinal="35" offset="305" sl="38" sc="57" el="38" ec="58" bec="0" bev="0" fileid="2">
                  <TrackedMethodRefs>
                    <TrackedMethodRef uid="2" vc="38" />
                  </TrackedMethodRefs>
                </SequencePoint>
                <SequencePoint vc="42" uspid="77" ordinal="36" offset="306" sl="40" sc="13" el="40" ec="66" bec="2" bev="1" fileid="2">
                  <TrackedMethodRefs>
                    <TrackedMethodRef uid="2" vc="42" />
                  </TrackedMethodRefs>
                </SequencePoint>
                <SequencePoint vc="0" uspid="78" ordinal="37" offset="321" sl="40" sc="67" el="40" ec="68" bec="0" bev="0" fileid="2" />
                <SequencePoint vc="0" uspid="79" ordinal="38" offset="322" sl="40" sc="69" el="40" ec="82" bec="0" bev="0" fileid="2" />
                <SequencePoint vc="42" uspid="80" ordinal="39" offset="330" sl="42" sc="13" el="42" ec="46" bec="2" bev="2" fileid="2">
                  <TrackedMethodRefs>
                    <TrackedMethodRef uid="2" vc="42" />
                  </TrackedMethodRefs>
                </SequencePoint>
                <SequencePoint vc="1" uspid="81" ordinal="40" offset="345" sl="42" sc="47" el="42" ec="48" bec="0" bev="0" fileid="2">
                  <TrackedMethodRefs>
                    <TrackedMethodRef uid="2" vc="1" />
                  </TrackedMethodRefs>
                </SequencePoint>
                <SequencePoint vc="1" uspid="82" ordinal="41" offset="346" sl="42" sc="49" el="42" ec="61" bec="0" bev="0" fileid="2">
                  <TrackedMethodRefs>
                    <TrackedMethodRef uid="2" vc="1" />
                  </TrackedMethodRefs>
                </SequencePoint>
                <SequencePoint vc="41" uspid="83" ordinal="42" offset="354" sl="45" sc="13" el="45" ec="74" bec="2" bev="2" fileid="2">
                  <TrackedMethodRefs>
                    <TrackedMethodRef uid="2" vc="41" />
                  </TrackedMethodRefs>
                </SequencePoint>
                <SequencePoint vc="2" uspid="84" ordinal="43" offset="376" sl="46" sc="13" el="46" ec="14" bec="0" bev="0" fileid="2">
                  <TrackedMethodRefs>
                    <TrackedMethodRef uid="2" vc="2" />
                  </TrackedMethodRefs>
                </SequencePoint>
                <SequencePoint vc="2" uspid="85" ordinal="44" offset="377" sl="47" sc="17" el="47" ec="29" bec="0" bev="0" fileid="2">
                  <TrackedMethodRefs>
                    <TrackedMethodRef uid="2" vc="2" />
                  </TrackedMethodRefs>
                </SequencePoint>
                <SequencePoint vc="39" uspid="86" ordinal="45" offset="385" sl="50" sc="18" el="50" ec="166" bec="2" bev="2" fileid="2">
                  <TrackedMethodRefs>
                    <TrackedMethodRef uid="2" vc="39" />
                  </TrackedMethodRefs>
                </SequencePoint>
                <SequencePoint vc="1" uspid="87" ordinal="46" offset="428" sl="51" sc="13" el="51" ec="14" bec="0" bev="0" fileid="2">
                  <TrackedMethodRefs>
                    <TrackedMethodRef uid="2" vc="1" />
                  </TrackedMethodRefs>
                </SequencePoint>
                <SequencePoint vc="1" uspid="88" ordinal="47" offset="429" sl="52" sc="17" el="52" ec="29" bec="0" bev="0" fileid="2">
                  <TrackedMethodRefs>
                    <TrackedMethodRef uid="2" vc="1" />
                  </TrackedMethodRefs>
                </SequencePoint>
                <SequencePoint vc="38" uspid="89" ordinal="48" offset="437" sl="55" sc="18" el="55" ec="137" bec="2" bev="2" fileid="2">
                  <TrackedMethodRefs>
                    <TrackedMethodRef uid="2" vc="38" />
                  </TrackedMethodRefs>
                </SequencePoint>
                <SequencePoint vc="1" uspid="90" ordinal="49" offset="473" sl="56" sc="13" el="56" ec="14" bec="0" bev="0" fileid="2">
                  <TrackedMethodRefs>
                    <TrackedMethodRef uid="2" vc="1" />
                  </TrackedMethodRefs>
                </SequencePoint>
                <SequencePoint vc="1" uspid="91" ordinal="50" offset="474" sl="57" sc="17" el="57" ec="29" bec="0" bev="0" fileid="2">
                  <TrackedMethodRefs>
                    <TrackedMethodRef uid="2" vc="1" />
                  </TrackedMethodRefs>
                </SequencePoint>
                <SequencePoint vc="37" uspid="92" ordinal="51" offset="482" sl="60" sc="18" el="60" ec="166" bec="2" bev="2" fileid="2">
                  <TrackedMethodRefs>
                    <TrackedMethodRef uid="2" vc="37" />
                  </TrackedMethodRefs>
                </SequencePoint>
                <SequencePoint vc="1" uspid="93" ordinal="52" offset="525" sl="61" sc="13" el="61" ec="14" bec="0" bev="0" fileid="2">
                  <TrackedMethodRefs>
                    <TrackedMethodRef uid="2" vc="1" />
                  </TrackedMethodRefs>
                </SequencePoint>
                <SequencePoint vc="1" uspid="94" ordinal="53" offset="526" sl="62" sc="17" el="62" ec="29" bec="0" bev="0" fileid="2">
                  <TrackedMethodRefs>
                    <TrackedMethodRef uid="2" vc="1" />
                  </TrackedMethodRefs>
                </SequencePoint>
                <SequencePoint vc="36" uspid="95" ordinal="54" offset="534" sl="65" sc="18" el="65" ec="166" bec="2" bev="2" fileid="2">
                  <TrackedMethodRefs>
                    <TrackedMethodRef uid="2" vc="36" />
                  </TrackedMethodRefs>
                </SequencePoint>
                <SequencePoint vc="1" uspid="96" ordinal="55" offset="577" sl="66" sc="13" el="66" ec="14" bec="0" bev="0" fileid="2">
                  <TrackedMethodRefs>
                    <TrackedMethodRef uid="2" vc="1" />
                  </TrackedMethodRefs>
                </SequencePoint>
                <SequencePoint vc="1" uspid="97" ordinal="56" offset="578" sl="67" sc="17" el="67" ec="29" bec="0" bev="0" fileid="2">
                  <TrackedMethodRefs>
                    <TrackedMethodRef uid="2" vc="1" />
                  </TrackedMethodRefs>
                </SequencePoint>
                <SequencePoint vc="35" uspid="98" ordinal="57" offset="586" sl="70" sc="18" el="70" ec="108" bec="2" bev="2" fileid="2">
                  <TrackedMethodRefs>
                    <TrackedMethodRef uid="2" vc="35" />
                  </TrackedMethodRefs>
                </SequencePoint>
                <SequencePoint vc="2" uspid="99" ordinal="58" offset="615" sl="71" sc="13" el="71" ec="14" bec="0" bev="0" fileid="2">
                  <TrackedMethodRefs>
                    <TrackedMethodRef uid="2" vc="2" />
                  </TrackedMethodRefs>
                </SequencePoint>
                <SequencePoint vc="2" uspid="100" ordinal="59" offset="616" sl="72" sc="17" el="72" ec="29" bec="0" bev="0" fileid="2">
                  <TrackedMethodRefs>
                    <TrackedMethodRef uid="2" vc="2" />
                  </TrackedMethodRefs>
                </SequencePoint>
                <SequencePoint vc="33" uspid="101" ordinal="60" offset="624" sl="75" sc="18" el="75" ec="137" bec="2" bev="2" fileid="2">
                  <TrackedMethodRefs>
                    <TrackedMethodRef uid="2" vc="33" />
                  </TrackedMethodRefs>
                </SequencePoint>
                <SequencePoint vc="1" uspid="102" ordinal="61" offset="660" sl="76" sc="13" el="76" ec="14" bec="0" bev="0" fileid="2">
                  <TrackedMethodRefs>
                    <TrackedMethodRef uid="2" vc="1" />
                  </TrackedMethodRefs>
                </SequencePoint>
                <SequencePoint vc="1" uspid="103" ordinal="62" offset="661" sl="77" sc="17" el="77" ec="29" bec="0" bev="0" fileid="2">
                  <TrackedMethodRefs>
                    <TrackedMethodRef uid="2" vc="1" />
                  </TrackedMethodRefs>
                </SequencePoint>
                <SequencePoint vc="32" uspid="104" ordinal="63" offset="669" sl="80" sc="18" el="80" ec="137" bec="2" bev="2" fileid="2">
                  <TrackedMethodRefs>
                    <TrackedMethodRef uid="2" vc="32" />
                  </TrackedMethodRefs>
                </SequencePoint>
                <SequencePoint vc="1" uspid="105" ordinal="64" offset="705" sl="81" sc="13" el="81" ec="14" bec="0" bev="0" fileid="2">
                  <TrackedMethodRefs>
                    <TrackedMethodRef uid="2" vc="1" />
                  </TrackedMethodRefs>
                </SequencePoint>
                <SequencePoint vc="1" uspid="106" ordinal="65" offset="706" sl="82" sc="17" el="82" ec="29" bec="0" bev="0" fileid="2">
                  <TrackedMethodRefs>
                    <TrackedMethodRef uid="2" vc="1" />
                  </TrackedMethodRefs>
                </SequencePoint>
                <SequencePoint vc="31" uspid="107" ordinal="66" offset="714" sl="85" sc="18" el="86" ec="101" bec="2" bev="2" fileid="2">
                  <TrackedMethodRefs>
                    <TrackedMethodRef uid="2" vc="31" />
                  </TrackedMethodRefs>
                </SequencePoint>
                <SequencePoint vc="1" uspid="108" ordinal="67" offset="771" sl="87" sc="13" el="87" ec="14" bec="0" bev="0" fileid="2">
                  <TrackedMethodRefs>
                    <TrackedMethodRef uid="2" vc="1" />
                  </TrackedMethodRefs>
                </SequencePoint>
                <SequencePoint vc="1" uspid="109" ordinal="68" offset="772" sl="88" sc="17" el="88" ec="29" bec="0" bev="0" fileid="2">
                  <TrackedMethodRefs>
                    <TrackedMethodRef uid="2" vc="1" />
                  </TrackedMethodRefs>
                </SequencePoint>
                <SequencePoint vc="30" uspid="110" ordinal="69" offset="780" sl="91" sc="18" el="91" ec="79" bec="2" bev="2" fileid="2">
                  <TrackedMethodRefs>
                    <TrackedMethodRef uid="2" vc="30" />
                  </TrackedMethodRefs>
                </SequencePoint>
                <SequencePoint vc="7" uspid="111" ordinal="70" offset="805" sl="92" sc="13" el="92" ec="14" bec="0" bev="0" fileid="2">
                  <TrackedMethodRefs>
                    <TrackedMethodRef uid="2" vc="7" />
                  </TrackedMethodRefs>
                </SequencePoint>
                <SequencePoint vc="7" uspid="112" ordinal="71" offset="806" sl="93" sc="17" el="93" ec="49" bec="2" bev="2" fileid="2">
                  <TrackedMethodRefs>
                    <TrackedMethodRef uid="2" vc="7" />
                  </TrackedMethodRefs>
                </SequencePoint>
                <SequencePoint vc="2" uspid="113" ordinal="72" offset="818" sl="94" sc="17" el="94" ec="18" bec="0" bev="0" fileid="2">
                  <TrackedMethodRefs>
                    <TrackedMethodRef uid="2" vc="2" />
                  </TrackedMethodRefs>
                </SequencePoint>
                <SequencePoint vc="2" uspid="114" ordinal="73" offset="819" sl="95" sc="21" el="95" ec="33" bec="0" bev="0" fileid="2">
                  <TrackedMethodRefs>
                    <TrackedMethodRef uid="2" vc="2" />
                  </TrackedMethodRefs>
                </SequencePoint>
                <SequencePoint vc="5" uspid="115" ordinal="74" offset="827" sl="97" sc="22" el="97" ec="52" bec="2" bev="2" fileid="2">
                  <TrackedMethodRefs>
                    <TrackedMethodRef uid="2" vc="5" />
                  </TrackedMethodRefs>
                </SequencePoint>
                <SequencePoint vc="2" uspid="116" ordinal="75" offset="840" sl="98" sc="17" el="98" ec="18" bec="0" bev="0" fileid="2">
                  <TrackedMethodRefs>
                    <TrackedMethodRef uid="2" vc="2" />
                  </TrackedMethodRefs>
                </SequencePoint>
                <SequencePoint vc="2" uspid="117" ordinal="76" offset="841" sl="99" sc="21" el="99" ec="52" bec="2" bev="2" fileid="2">
                  <TrackedMethodRefs>
                    <TrackedMethodRef uid="2" vc="2" />
                  </TrackedMethodRefs>
                </SequencePoint>
                <SequencePoint vc="1" uspid="118" ordinal="77" offset="853" sl="100" sc="21" el="100" ec="22" bec="0" bev="0" fileid="2">
                  <TrackedMethodRefs>
                    <TrackedMethodRef uid="2" vc="1" />
                  </TrackedMethodRefs>
                </SequencePoint>
                <SequencePoint vc="1" uspid="119" ordinal="78" offset="854" sl="101" sc="25" el="101" ec="37" bec="0" bev="0" fileid="2">
                  <TrackedMethodRefs>
                    <TrackedMethodRef uid="2" vc="1" />
                  </TrackedMethodRefs>
                </SequencePoint>
                <SequencePoint vc="1" uspid="120" ordinal="79" offset="862" sl="103" sc="26" el="103" ec="174" bec="2" bev="1" fileid="2">
                  <TrackedMethodRefs>
                    <TrackedMethodRef uid="2" vc="1" />
                  </TrackedMethodRefs>
                </SequencePoint>
                <SequencePoint vc="1" uspid="121" ordinal="80" offset="905" sl="104" sc="21" el="104" ec="22" bec="0" bev="0" fileid="2">
                  <TrackedMethodRefs>
                    <TrackedMethodRef uid="2" vc="1" />
                  </TrackedMethodRefs>
                </SequencePoint>
                <SequencePoint vc="1" uspid="122" ordinal="81" offset="906" sl="105" sc="25" el="105" ec="37" bec="0" bev="0" fileid="2">
                  <TrackedMethodRefs>
                    <TrackedMethodRef uid="2" vc="1" />
                  </TrackedMethodRefs>
                </SequencePoint>
                <SequencePoint vc="0" uspid="123" ordinal="82" offset="914" sl="107" sc="26" el="107" ec="27" bec="0" bev="0" fileid="2" />
                <SequencePoint vc="0" uspid="124" ordinal="83" offset="915" sl="107" sc="28" el="107" ec="41" bec="0" bev="0" fileid="2" />
                <SequencePoint vc="3" uspid="125" ordinal="84" offset="923" sl="109" sc="22" el="110" ec="77" bec="2" bev="2" fileid="2">
                  <TrackedMethodRefs>
                    <TrackedMethodRef uid="2" vc="3" />
                  </TrackedMethodRefs>
                </SequencePoint>
                <SequencePoint vc="2" uspid="126" ordinal="85" offset="973" sl="111" sc="17" el="111" ec="18" bec="0" bev="0" fileid="2">
                  <TrackedMethodRefs>
                    <TrackedMethodRef uid="2" vc="2" />
                  </TrackedMethodRefs>
                </SequencePoint>
                <SequencePoint vc="2" uspid="127" ordinal="86" offset="974" sl="112" sc="21" el="113" ec="76" bec="2" bev="2" fileid="2">
                  <TrackedMethodRefs>
                    <TrackedMethodRef uid="2" vc="2" />
                  </TrackedMethodRefs>
                </SequencePoint>
                <SequencePoint vc="1" uspid="128" ordinal="87" offset="1017" sl="114" sc="21" el="114" ec="22" bec="0" bev="0" fileid="2">
                  <TrackedMethodRefs>
                    <TrackedMethodRef uid="2" vc="1" />
                  </TrackedMethodRefs>
                </SequencePoint>
                <SequencePoint vc="1" uspid="129" ordinal="88" offset="1018" sl="115" sc="25" el="115" ec="37" bec="0" bev="0" fileid="2">
                  <TrackedMethodRefs>
                    <TrackedMethodRef uid="2" vc="1" />
                  </TrackedMethodRefs>
                </SequencePoint>
                <SequencePoint vc="1" uspid="130" ordinal="89" offset="1026" sl="117" sc="26" el="118" ec="76" bec="2" bev="1" fileid="2">
                  <TrackedMethodRefs>
                    <TrackedMethodRef uid="2" vc="1" />
                  </TrackedMethodRefs>
                </SequencePoint>
                <SequencePoint vc="1" uspid="131" ordinal="90" offset="1069" sl="119" sc="21" el="119" ec="22" bec="0" bev="0" fileid="2">
                  <TrackedMethodRefs>
                    <TrackedMethodRef uid="2" vc="1" />
                  </TrackedMethodRefs>
                </SequencePoint>
                <SequencePoint vc="1" uspid="132" ordinal="91" offset="1070" sl="120" sc="25" el="120" ec="37" bec="0" bev="0" fileid="2">
                  <TrackedMethodRefs>
                    <TrackedMethodRef uid="2" vc="1" />
                  </TrackedMethodRefs>
                </SequencePoint>
                <SequencePoint vc="0" uspid="133" ordinal="92" offset="1078" sl="122" sc="26" el="122" ec="27" bec="0" bev="0" fileid="2" />
                <SequencePoint vc="0" uspid="134" ordinal="93" offset="1079" sl="122" sc="28" el="122" ec="41" bec="0" bev="0" fileid="2" />
                <SequencePoint vc="1" uspid="135" ordinal="94" offset="1087" sl="124" sc="22" el="125" ec="76" bec="2" bev="1" fileid="2">
                  <TrackedMethodRefs>
                    <TrackedMethodRef uid="2" vc="1" />
                  </TrackedMethodRefs>
                </SequencePoint>
                <SequencePoint vc="1" uspid="136" ordinal="95" offset="1130" sl="126" sc="17" el="126" ec="18" bec="0" bev="0" fileid="2">
                  <TrackedMethodRefs>
                    <TrackedMethodRef uid="2" vc="1" />
                  </TrackedMethodRefs>
                </SequencePoint>
                <SequencePoint vc="1" uspid="137" ordinal="96" offset="1131" sl="127" sc="21" el="127" ec="33" bec="0" bev="0" fileid="2">
                  <TrackedMethodRefs>
                    <TrackedMethodRef uid="2" vc="1" />
                  </TrackedMethodRefs>
                </SequencePoint>
                <SequencePoint vc="0" uspid="138" ordinal="97" offset="1139" sl="129" sc="22" el="129" ec="23" bec="0" bev="0" fileid="2" />
                <SequencePoint vc="0" uspid="139" ordinal="98" offset="1140" sl="129" sc="24" el="129" ec="37" bec="0" bev="0" fileid="2" />
                <SequencePoint vc="23" uspid="140" ordinal="99" offset="1148" sl="132" sc="18" el="132" ec="137" bec="2" bev="2" fileid="2">
                  <TrackedMethodRefs>
                    <TrackedMethodRef uid="2" vc="23" />
                  </TrackedMethodRefs>
                </SequencePoint>
                <SequencePoint vc="3" uspid="141" ordinal="100" offset="1187" sl="133" sc="13" el="133" ec="14" bec="0" bev="0" fileid="2">
                  <TrackedMethodRefs>
                    <TrackedMethodRef uid="2" vc="3" />
                  </TrackedMethodRefs>
                </SequencePoint>
                <SequencePoint vc="3" uspid="142" ordinal="101" offset="1188" sl="134" sc="17" el="134" ec="78" bec="2" bev="2" fileid="2">
                  <TrackedMethodRefs>
                    <TrackedMethodRef uid="2" vc="3" />
                  </TrackedMethodRefs>
                </SequencePoint>
                <SequencePoint vc="1" uspid="143" ordinal="102" offset="1210" sl="134" sc="79" el="134" ec="80" bec="0" bev="0" fileid="2">
                  <TrackedMethodRefs>
                    <TrackedMethodRef uid="2" vc="1" />
                  </TrackedMethodRefs>
                </SequencePoint>
                <SequencePoint vc="1" uspid="144" ordinal="103" offset="1211" sl="134" sc="81" el="134" ec="93" bec="0" bev="0" fileid="2">
                  <TrackedMethodRefs>
                    <TrackedMethodRef uid="2" vc="1" />
                  </TrackedMethodRefs>
                </SequencePoint>
                <SequencePoint vc="2" uspid="145" ordinal="104" offset="1219" sl="135" sc="22" el="135" ec="83" bec="2" bev="2" fileid="2">
                  <TrackedMethodRefs>
                    <TrackedMethodRef uid="2" vc="2" />
                  </TrackedMethodRefs>
                </SequencePoint>
                <SequencePoint vc="1" uspid="146" ordinal="105" offset="1241" sl="135" sc="84" el="135" ec="85" bec="0" bev="0" fileid="2">
                  <TrackedMethodRefs>
                    <TrackedMethodRef uid="2" vc="1" />
                  </TrackedMethodRefs>
                </SequencePoint>
                <SequencePoint vc="1" uspid="147" ordinal="106" offset="1242" sl="135" sc="86" el="135" ec="98" bec="0" bev="0" fileid="2">
                  <TrackedMethodRefs>
                    <TrackedMethodRef uid="2" vc="1" />
                  </TrackedMethodRefs>
                </SequencePoint>
                <SequencePoint vc="1" uspid="148" ordinal="107" offset="1250" sl="136" sc="22" el="136" ec="199" bec="2" bev="1" fileid="2">
                  <TrackedMethodRefs>
                    <TrackedMethodRef uid="2" vc="1" />
                  </TrackedMethodRefs>
                </SequencePoint>
                <SequencePoint vc="1" uspid="149" ordinal="108" offset="1300" sl="137" sc="17" el="137" ec="18" bec="0" bev="0" fileid="2">
                  <TrackedMethodRefs>
                    <TrackedMethodRef uid="2" vc="1" />
                  </TrackedMethodRefs>
                </SequencePoint>
                <SequencePoint vc="1" uspid="150" ordinal="109" offset="1301" sl="137" sc="19" el="137" ec="31" bec="0" bev="0" fileid="2">
                  <TrackedMethodRefs>
                    <TrackedMethodRef uid="2" vc="1" />
                  </TrackedMethodRefs>
                </SequencePoint>
                <SequencePoint vc="0" uspid="151" ordinal="110" offset="1309" sl="138" sc="22" el="138" ec="23" bec="0" bev="0" fileid="2" />
                <SequencePoint vc="0" uspid="152" ordinal="111" offset="1310" sl="138" sc="24" el="138" ec="37" bec="0" bev="0" fileid="2" />
                <SequencePoint vc="20" uspid="153" ordinal="112" offset="1318" sl="141" sc="18" el="142" ec="130" bec="2" bev="2" fileid="2">
                  <TrackedMethodRefs>
                    <TrackedMethodRef uid="2" vc="20" />
                  </TrackedMethodRefs>
                </SequencePoint>
                <SequencePoint vc="1" uspid="154" ordinal="113" offset="1382" sl="143" sc="13" el="143" ec="14" bec="0" bev="0" fileid="2">
                  <TrackedMethodRefs>
                    <TrackedMethodRef uid="2" vc="1" />
                  </TrackedMethodRefs>
                </SequencePoint>
                <SequencePoint vc="1" uspid="155" ordinal="114" offset="1383" sl="144" sc="17" el="144" ec="29" bec="0" bev="0" fileid="2">
                  <TrackedMethodRefs>
                    <TrackedMethodRef uid="2" vc="1" />
                  </TrackedMethodRefs>
                </SequencePoint>
                <SequencePoint vc="19" uspid="156" ordinal="115" offset="1391" sl="147" sc="18" el="147" ec="79" bec="2" bev="2" fileid="2">
                  <TrackedMethodRefs>
                    <TrackedMethodRef uid="2" vc="19" />
                  </TrackedMethodRefs>
                </SequencePoint>
                <SequencePoint vc="2" uspid="157" ordinal="116" offset="1413" sl="148" sc="13" el="148" ec="14" bec="0" bev="0" fileid="2">
                  <TrackedMethodRefs>
                    <TrackedMethodRef uid="2" vc="2" />
                  </TrackedMethodRefs>
                </SequencePoint>
                <SequencePoint vc="2" uspid="158" ordinal="117" offset="1414" sl="149" sc="17" el="149" ec="78" bec="2" bev="2" fileid="2">
                  <TrackedMethodRefs>
                    <TrackedMethodRef uid="2" vc="2" />
                  </TrackedMethodRefs>
                </SequencePoint>
                <SequencePoint vc="1" uspid="159" ordinal="118" offset="1436" sl="150" sc="17" el="150" ec="18" bec="0" bev="0" fileid="2">
                  <TrackedMethodRefs>
                    <TrackedMethodRef uid="2" vc="1" />
                  </TrackedMethodRefs>
                </SequencePoint>
                <SequencePoint vc="1" uspid="160" ordinal="119" offset="1437" sl="151" sc="21" el="151" ec="33" bec="0" bev="0" fileid="2">
                  <TrackedMethodRefs>
                    <TrackedMethodRef uid="2" vc="1" />
                  </TrackedMethodRefs>
                </SequencePoint>
                <SequencePoint vc="1" uspid="161" ordinal="120" offset="1445" sl="153" sc="22" el="154" ec="79" bec="2" bev="1" fileid="2">
                  <TrackedMethodRefs>
                    <TrackedMethodRef uid="2" vc="1" />
                  </TrackedMethodRefs>
                </SequencePoint>
                <SequencePoint vc="1" uspid="162" ordinal="121" offset="1495" sl="155" sc="17" el="155" ec="18" bec="0" bev="0" fileid="2">
                  <TrackedMethodRefs>
                    <TrackedMethodRef uid="2" vc="1" />
                  </TrackedMethodRefs>
                </SequencePoint>
                <SequencePoint vc="1" uspid="163" ordinal="122" offset="1496" sl="156" sc="21" el="156" ec="33" bec="0" bev="0" fileid="2">
                  <TrackedMethodRefs>
                    <TrackedMethodRef uid="2" vc="1" />
                  </TrackedMethodRefs>
                </SequencePoint>
                <SequencePoint vc="0" uspid="164" ordinal="123" offset="1504" sl="158" sc="22" el="158" ec="23" bec="0" bev="0" fileid="2" />
                <SequencePoint vc="0" uspid="165" ordinal="124" offset="1505" sl="158" sc="24" el="158" ec="37" bec="0" bev="0" fileid="2" />
                <SequencePoint vc="17" uspid="166" ordinal="125" offset="1513" sl="161" sc="18" el="162" ec="159" bec="2" bev="2" fileid="2">
                  <TrackedMethodRefs>
                    <TrackedMethodRef uid="2" vc="17" />
                  </TrackedMethodRefs>
                </SequencePoint>
                <SequencePoint vc="1" uspid="167" ordinal="126" offset="1584" sl="163" sc="13" el="163" ec="14" bec="0" bev="0" fileid="2">
                  <TrackedMethodRefs>
                    <TrackedMethodRef uid="2" vc="1" />
                  </TrackedMethodRefs>
                </SequencePoint>
                <SequencePoint vc="1" uspid="168" ordinal="127" offset="1585" sl="164" sc="17" el="164" ec="29" bec="0" bev="0" fileid="2">
                  <TrackedMethodRefs>
                    <TrackedMethodRef uid="2" vc="1" />
                  </TrackedMethodRefs>
                </SequencePoint>
                <SequencePoint vc="16" uspid="169" ordinal="128" offset="1593" sl="167" sc="18" el="167" ec="108" bec="2" bev="2" fileid="2">
                  <TrackedMethodRefs>
                    <TrackedMethodRef uid="2" vc="16" />
                  </TrackedMethodRefs>
                </SequencePoint>
                <SequencePoint vc="1" uspid="170" ordinal="129" offset="1622" sl="168" sc="13" el="168" ec="14" bec="0" bev="0" fileid="2">
                  <TrackedMethodRefs>
                    <TrackedMethodRef uid="2" vc="1" />
                  </TrackedMethodRefs>
                </SequencePoint>
                <SequencePoint vc="1" uspid="171" ordinal="130" offset="1623" sl="169" sc="17" el="169" ec="29" bec="0" bev="0" fileid="2">
                  <TrackedMethodRefs>
                    <TrackedMethodRef uid="2" vc="1" />
                  </TrackedMethodRefs>
                </SequencePoint>
                <SequencePoint vc="15" uspid="172" ordinal="131" offset="1631" sl="172" sc="18" el="172" ec="137" bec="2" bev="2" fileid="2">
                  <TrackedMethodRefs>
                    <TrackedMethodRef uid="2" vc="15" />
                  </TrackedMethodRefs>
                </SequencePoint>
                <SequencePoint vc="1" uspid="173" ordinal="132" offset="1667" sl="173" sc="13" el="173" ec="14" bec="0" bev="0" fileid="2">
                  <TrackedMethodRefs>
                    <TrackedMethodRef uid="2" vc="1" />
                  </TrackedMethodRefs>
                </SequencePoint>
                <SequencePoint vc="1" uspid="174" ordinal="133" offset="1668" sl="174" sc="17" el="174" ec="29" bec="0" bev="0" fileid="2">
                  <TrackedMethodRefs>
                    <TrackedMethodRef uid="2" vc="1" />
                  </TrackedMethodRefs>
                </SequencePoint>
                <SequencePoint vc="14" uspid="175" ordinal="134" offset="1676" sl="177" sc="18" el="177" ec="108" bec="2" bev="2" fileid="2">
                  <TrackedMethodRefs>
                    <TrackedMethodRef uid="2" vc="14" />
                  </TrackedMethodRefs>
                </SequencePoint>
                <SequencePoint vc="1" uspid="176" ordinal="135" offset="1705" sl="178" sc="13" el="178" ec="14" bec="0" bev="0" fileid="2">
                  <TrackedMethodRefs>
                    <TrackedMethodRef uid="2" vc="1" />
                  </TrackedMethodRefs>
                </SequencePoint>
                <SequencePoint vc="1" uspid="177" ordinal="136" offset="1706" sl="179" sc="17" el="179" ec="29" bec="0" bev="0" fileid="2">
                  <TrackedMethodRefs>
                    <TrackedMethodRef uid="2" vc="1" />
                  </TrackedMethodRefs>
                </SequencePoint>
                <SequencePoint vc="13" uspid="178" ordinal="137" offset="1714" sl="182" sc="18" el="183" ec="104" bec="2" bev="2" fileid="2">
                  <TrackedMethodRefs>
                    <TrackedMethodRef uid="2" vc="13" />
                  </TrackedMethodRefs>
                </SequencePoint>
                <SequencePoint vc="1" uspid="179" ordinal="138" offset="1771" sl="184" sc="13" el="184" ec="14" bec="0" bev="0" fileid="2">
                  <TrackedMethodRefs>
                    <TrackedMethodRef uid="2" vc="1" />
                  </TrackedMethodRefs>
                </SequencePoint>
                <SequencePoint vc="1" uspid="180" ordinal="139" offset="1772" sl="185" sc="17" el="185" ec="29" bec="0" bev="0" fileid="2">
                  <TrackedMethodRefs>
                    <TrackedMethodRef uid="2" vc="1" />
                  </TrackedMethodRefs>
                </SequencePoint>
                <SequencePoint vc="12" uspid="181" ordinal="140" offset="1780" sl="188" sc="18" el="189" ec="159" bec="2" bev="2" fileid="2">
                  <TrackedMethodRefs>
                    <TrackedMethodRef uid="2" vc="12" />
                  </TrackedMethodRefs>
                </SequencePoint>
                <SequencePoint vc="1" uspid="182" ordinal="141" offset="1851" sl="190" sc="13" el="190" ec="14" bec="0" bev="0" fileid="2">
                  <TrackedMethodRefs>
                    <TrackedMethodRef uid="2" vc="1" />
                  </TrackedMethodRefs>
                </SequencePoint>
                <SequencePoint vc="1" uspid="183" ordinal="142" offset="1852" sl="191" sc="17" el="191" ec="29" bec="0" bev="0" fileid="2">
                  <TrackedMethodRefs>
                    <TrackedMethodRef uid="2" vc="1" />
                  </TrackedMethodRefs>
                </SequencePoint>
                <SequencePoint vc="11" uspid="184" ordinal="143" offset="1860" sl="195" sc="18" el="195" ec="50" bec="2" bev="1" fileid="2">
                  <TrackedMethodRefs>
                    <TrackedMethodRef uid="2" vc="11" />
                  </TrackedMethodRefs>
                </SequencePoint>
                <SequencePoint vc="11" uspid="185" ordinal="144" offset="1878" sl="196" sc="13" el="196" ec="14" bec="0" bev="0" fileid="2">
                  <TrackedMethodRefs>
                    <TrackedMethodRef uid="2" vc="11" />
                  </TrackedMethodRefs>
                </SequencePoint>
                <SequencePoint vc="11" uspid="186" ordinal="145" offset="1879" sl="198" sc="17" el="198" ec="47" bec="2" bev="2" fileid="2">
                  <TrackedMethodRefs>
                    <TrackedMethodRef uid="2" vc="11" />
                  </TrackedMethodRefs>
                </SequencePoint>
                <SequencePoint vc="6" uspid="187" ordinal="146" offset="1892" sl="199" sc="17" el="199" ec="18" bec="0" bev="0" fileid="2">
                  <TrackedMethodRefs>
                    <TrackedMethodRef uid="2" vc="6" />
                  </TrackedMethodRefs>
                </SequencePoint>
                <SequencePoint vc="6" uspid="188" ordinal="147" offset="1893" sl="200" sc="21" el="200" ec="79" bec="0" bev="0" fileid="2">
                  <TrackedMethodRefs>
                    <TrackedMethodRef uid="2" vc="6" />
                  </TrackedMethodRefs>
                </SequencePoint>
                <SequencePoint vc="6" uspid="189" ordinal="148" offset="1905" sl="201" sc="26" el="201" ec="35" bec="0" bev="0" fileid="2">
                  <TrackedMethodRefs>
                    <TrackedMethodRef uid="2" vc="6" />
                  </TrackedMethodRefs>
                </SequencePoint>
                <SequencePoint vc="10" uspid="190" ordinal="149" offset="1910" sl="201" sc="74" el="201" ec="75" bec="0" bev="0" fileid="2">
                  <TrackedMethodRefs>
                    <TrackedMethodRef uid="2" vc="10" />
                  </TrackedMethodRefs>
                </SequencePoint>
                <SequencePoint vc="10" uspid="191" ordinal="150" offset="1911" sl="201" sc="76" el="201" ec="123" bec="0" bev="0" fileid="2">
                  <TrackedMethodRefs>
                    <TrackedMethodRef uid="2" vc="10" />
                  </TrackedMethodRefs>
                </SequencePoint>
                <SequencePoint vc="10" uspid="192" ordinal="151" offset="1922" sl="201" sc="124" el="201" ec="125" bec="0" bev="0" fileid="2">
                  <TrackedMethodRefs>
                    <TrackedMethodRef uid="2" vc="10" />
                  </TrackedMethodRefs>
                </SequencePoint>
                <SequencePoint vc="10" uspid="193" ordinal="152" offset="1923" sl="201" sc="69" el="201" ec="72" bec="0" bev="0" fileid="2">
                  <TrackedMethodRefs>
                    <TrackedMethodRef uid="2" vc="10" />
                  </TrackedMethodRefs>
                </SequencePoint>
                <SequencePoint vc="16" uspid="194" ordinal="153" offset="1929" sl="201" sc="37" el="201" ec="67" bec="2" bev="2" fileid="2">
                  <TrackedMethodRefs>
                    <TrackedMethodRef uid="2" vc="16" />
                  </TrackedMethodRefs>
                </SequencePoint>
                <SequencePoint vc="6" uspid="195" ordinal="154" offset="1944" sl="202" sc="17" el="202" ec="18" bec="0" bev="0" fileid="2">
                  <TrackedMethodRefs>
                    <TrackedMethodRef uid="2" vc="6" />
                  </TrackedMethodRefs>
                </SequencePoint>
                <SequencePoint vc="5" uspid="196" ordinal="155" offset="1947" sl="204" sc="17" el="204" ec="18" bec="0" bev="0" fileid="2">
                  <TrackedMethodRefs>
                    <TrackedMethodRef uid="2" vc="5" />
                  </TrackedMethodRefs>
                </SequencePoint>
                <SequencePoint vc="5" uspid="197" ordinal="156" offset="1948" sl="205" sc="21" el="205" ec="58" bec="0" bev="0" fileid="2">
                  <TrackedMethodRefs>
                    <TrackedMethodRef uid="2" vc="5" />
                  </TrackedMethodRefs>
                </SequencePoint>
                <SequencePoint vc="5" uspid="198" ordinal="157" offset="1951" sl="206" sc="17" el="206" ec="18" bec="0" bev="0" fileid="2">
                  <TrackedMethodRefs>
                    <TrackedMethodRef uid="2" vc="5" />
                  </TrackedMethodRefs>
                </SequencePoint>
                <SequencePoint vc="11" uspid="199" ordinal="158" offset="1952" sl="208" sc="17" el="208" ec="52" bec="2" bev="2" fileid="2">
                  <TrackedMethodRefs>
                    <TrackedMethodRef uid="2" vc="11" />
                  </TrackedMethodRefs>
                </SequencePoint>
                <SequencePoint vc="2" uspid="200" ordinal="159" offset="1964" sl="209" sc="17" el="209" ec="18" bec="0" bev="0" fileid="2">
                  <TrackedMethodRefs>
                    <TrackedMethodRef uid="2" vc="2" />
                  </TrackedMethodRefs>
                </SequencePoint>
                <SequencePoint vc="2" uspid="201" ordinal="160" offset="1965" sl="210" sc="21" el="210" ec="33" bec="0" bev="0" fileid="2">
                  <TrackedMethodRefs>
                    <TrackedMethodRef uid="2" vc="2" />
                  </TrackedMethodRefs>
                </SequencePoint>
                <SequencePoint vc="9" uspid="202" ordinal="161" offset="1973" sl="213" sc="22" el="213" ec="89" bec="2" bev="2" fileid="2">
                  <TrackedMethodRefs>
                    <TrackedMethodRef uid="2" vc="9" />
                  </TrackedMethodRefs>
                </SequencePoint>
                <SequencePoint vc="2" uspid="203" ordinal="162" offset="1997" sl="214" sc="17" el="214" ec="18" bec="0" bev="0" fileid="2">
                  <TrackedMethodRefs>
                    <TrackedMethodRef uid="2" vc="2" />
                  </TrackedMethodRefs>
                </SequencePoint>
                <SequencePoint vc="2" uspid="204" ordinal="163" offset="1998" sl="215" sc="21" el="215" ec="33" bec="0" bev="0" fileid="2">
                  <TrackedMethodRefs>
                    <TrackedMethodRef uid="2" vc="2" />
                  </TrackedMethodRefs>
                </SequencePoint>
                <SequencePoint vc="7" uspid="205" ordinal="164" offset="2006" sl="218" sc="22" el="218" ec="89" bec="2" bev="2" fileid="2">
                  <TrackedMethodRefs>
                    <TrackedMethodRef uid="2" vc="7" />
                  </TrackedMethodRefs>
                </SequencePoint>
                <SequencePoint vc="6" uspid="206" ordinal="165" offset="2030" sl="219" sc="17" el="219" ec="18" bec="0" bev="0" fileid="2">
                  <TrackedMethodRefs>
                    <TrackedMethodRef uid="2" vc="6" />
                  </TrackedMethodRefs>
                </SequencePoint>
                <SequencePoint vc="6" uspid="207" ordinal="166" offset="2031" sl="220" sc="21" el="220" ec="56" bec="2" bev="2" fileid="2">
                  <TrackedMethodRefs>
                    <TrackedMethodRef uid="2" vc="6" />
                  </TrackedMethodRefs>
                </SequencePoint>
                <SequencePoint vc="4" uspid="208" ordinal="167" offset="2044" sl="220" sc="57" el="220" ec="58" bec="0" bev="0" fileid="2">
                  <TrackedMethodRefs>
                    <TrackedMethodRef uid="2" vc="4" />
                  </TrackedMethodRefs>
                </SequencePoint>
                <SequencePoint vc="4" uspid="209" ordinal="168" offset="2045" sl="220" sc="59" el="220" ec="71" bec="0" bev="0" fileid="2">
                  <TrackedMethodRefs>
                    <TrackedMethodRef uid="2" vc="4" />
                  </TrackedMethodRefs>
                </SequencePoint>
                <SequencePoint vc="2" uspid="210" ordinal="169" offset="2053" sl="221" sc="26" el="221" ec="125" bec="2" bev="1" fileid="2">
                  <TrackedMethodRefs>
                    <TrackedMethodRef uid="2" vc="2" />
                  </TrackedMethodRefs>
                </SequencePoint>
                <SequencePoint vc="2" uspid="211" ordinal="170" offset="2085" sl="222" sc="21" el="222" ec="22" bec="0" bev="0" fileid="2">
                  <TrackedMethodRefs>
                    <TrackedMethodRef uid="2" vc="2" />
                  </TrackedMethodRefs>
                </SequencePoint>
                <SequencePoint vc="2" uspid="212" ordinal="171" offset="2086" sl="222" sc="23" el="222" ec="35" bec="0" bev="0" fileid="2">
                  <TrackedMethodRefs>
                    <TrackedMethodRef uid="2" vc="2" />
                  </TrackedMethodRefs>
                </SequencePoint>
                <SequencePoint vc="0" uspid="213" ordinal="172" offset="2091" sl="223" sc="26" el="223" ec="27" bec="0" bev="0" fileid="2" />
                <SequencePoint vc="0" uspid="214" ordinal="173" offset="2092" sl="223" sc="28" el="223" ec="41" bec="0" bev="0" fileid="2" />
                <SequencePoint vc="1" uspid="215" ordinal="174" offset="2097" sl="226" sc="22" el="226" ec="89" bec="2" bev="1" fileid="2">
                  <TrackedMethodRefs>
                    <TrackedMethodRef uid="2" vc="1" />
                  </TrackedMethodRefs>
                </SequencePoint>
                <SequencePoint vc="1" uspid="216" ordinal="175" offset="2121" sl="227" sc="17" el="227" ec="18" bec="0" bev="0" fileid="2">
                  <TrackedMethodRefs>
                    <TrackedMethodRef uid="2" vc="1" />
                  </TrackedMethodRefs>
                </SequencePoint>
                <SequencePoint vc="1" uspid="217" ordinal="176" offset="2122" sl="228" sc="21" el="228" ec="56" bec="2" bev="1" fileid="2">
                  <TrackedMethodRefs>
                    <TrackedMethodRef uid="2" vc="1" />
                  </TrackedMethodRefs>
                </SequencePoint>
                <SequencePoint vc="0" uspid="218" ordinal="177" offset="2135" sl="228" sc="57" el="228" ec="58" bec="0" bev="0" fileid="2" />
                <SequencePoint vc="0" uspid="219" ordinal="178" offset="2136" sl="228" sc="59" el="228" ec="71" bec="0" bev="0" fileid="2" />
                <SequencePoint vc="1" uspid="220" ordinal="179" offset="2141" sl="229" sc="26" el="229" ec="189" bec="2" bev="1" fileid="2">
                  <TrackedMethodRefs>
                    <TrackedMethodRef uid="2" vc="1" />
                  </TrackedMethodRefs>
                </SequencePoint>
                <SequencePoint vc="1" uspid="221" ordinal="180" offset="2189" sl="230" sc="21" el="230" ec="22" bec="0" bev="0" fileid="2">
                  <TrackedMethodRefs>
                    <TrackedMethodRef uid="2" vc="1" />
                  </TrackedMethodRefs>
                </SequencePoint>
                <SequencePoint vc="1" uspid="222" ordinal="181" offset="2190" sl="231" sc="25" el="231" ec="37" bec="0" bev="0" fileid="2">
                  <TrackedMethodRefs>
                    <TrackedMethodRef uid="2" vc="1" />
                  </TrackedMethodRefs>
                </SequencePoint>
                <SequencePoint vc="0" uspid="223" ordinal="182" offset="2195" sl="233" sc="26" el="233" ec="27" bec="0" bev="0" fileid="2" />
                <SequencePoint vc="0" uspid="224" ordinal="183" offset="2196" sl="233" sc="28" el="233" ec="41" bec="0" bev="0" fileid="2" />
                <SequencePoint vc="0" uspid="225" ordinal="184" offset="2201" sl="235" sc="22" el="235" ec="23" bec="0" bev="0" fileid="2" />
                <SequencePoint vc="0" uspid="226" ordinal="185" offset="2202" sl="235" sc="24" el="235" ec="37" bec="0" bev="0" fileid="2" />
                <SequencePoint vc="0" uspid="227" ordinal="186" offset="2207" sl="237" sc="18" el="237" ec="19" bec="0" bev="0" fileid="2" />
                <SequencePoint vc="0" uspid="228" ordinal="187" offset="2208" sl="237" sc="20" el="237" ec="33" bec="0" bev="0" fileid="2" />
                <SequencePoint vc="43" uspid="229" ordinal="188" offset="2213" sl="239" sc="9" el="239" ec="10" bec="0" bev="0" fileid="2">
                  <TrackedMethodRefs>
                    <TrackedMethodRef uid="2" vc="43" />
                  </TrackedMethodRefs>
                </SequencePoint>
              </SequencePoints>
              <BranchPoints>
                <BranchPoint vc="0" uspid="230" ordinal="0" offset="27" sl="19" path="0" offsetend="29" fileid="2" />
                <BranchPoint vc="43" uspid="231" ordinal="1" offset="27" sl="19" path="1" offsetend="38" fileid="2">
                  <TrackedMethodRefs>
                    <TrackedMethodRef uid="2" vc="43" />
                  </TrackedMethodRefs>
                </BranchPoint>
                <BranchPoint vc="43" uspid="244" ordinal="14" offset="94" sl="21" path="0" offsetend="96" fileid="2">
                  <TrackedMethodRefs>
                    <TrackedMethodRef uid="2" vc="43" />
                  </TrackedMethodRefs>
                </BranchPoint>
[...]
                <SequencePoint vc="0" uspid="4202" ordinal="49" offset="1140" sl="67" sc="13" el="67" ec="61" bec="0" bev="0" fileid="20" />
                <SequencePoint vc="0" uspid="4203" ordinal="50" offset="1163" sl="68" sc="13" el="68" ec="99" bec="0" bev="0" fileid="20" />
                <SequencePoint vc="0" uspid="4204" ordinal="51" offset="1191" sl="69" sc="13" el="69" ec="61" bec="0" bev="0" fileid="20" />
                <SequencePoint vc="0" uspid="4205" ordinal="52" offset="1214" sl="70" sc="13" el="70" ec="61" bec="0" bev="0" fileid="20" />
                <SequencePoint vc="0" uspid="4206" ordinal="53" offset="1237" sl="71" sc="13" el="71" ec="61" bec="0" bev="0" fileid="20" />
                <SequencePoint vc="0" uspid="4207" ordinal="54" offset="1260" sl="72" sc="13" el="72" ec="61" bec="0" bev="0" fileid="20" />
                <SequencePoint vc="0" uspid="4208" ordinal="55" offset="1283" sl="73" sc="13" el="73" ec="61" bec="0" bev="0" fileid="20" />
                <SequencePoint vc="0" uspid="4209" ordinal="56" offset="1306" sl="74" sc="13" el="74" ec="61" bec="0" bev="0" fileid="20" />
                <SequencePoint vc="0" uspid="4210" ordinal="57" offset="1329" sl="75" sc="13" el="75" ec="103" bec="0" bev="0" fileid="20" />
                <SequencePoint vc="0" uspid="4211" ordinal="58" offset="1357" sl="76" sc="13" el="76" ec="61" bec="0" bev="0" fileid="20" />
                <SequencePoint vc="0" uspid="4212" ordinal="59" offset="1380" sl="77" sc="13" el="77" ec="61" bec="0" bev="0" fileid="20" />
                <SequencePoint vc="0" uspid="4213" ordinal="60" offset="1403" sl="78" sc="13" el="78" ec="61" bec="0" bev="0" fileid="20" />
                <SequencePoint vc="0" uspid="4214" ordinal="61" offset="1426" sl="79" sc="13" el="79" ec="61" bec="0" bev="0" fileid="20" />
                <SequencePoint vc="0" uspid="4215" ordinal="62" offset="1449" sl="80" sc="13" el="80" ec="61" bec="0" bev="0" fileid="20" />
                <SequencePoint vc="0" uspid="4216" ordinal="63" offset="1472" sl="81" sc="13" el="81" ec="61" bec="0" bev="0" fileid="20" />
                <SequencePoint vc="0" uspid="4217" ordinal="64" offset="1495" sl="82" sc="13" el="82" ec="101" bec="0" bev="0" fileid="20" />
                <SequencePoint vc="0" uspid="4218" ordinal="65" offset="1523" sl="83" sc="13" el="83" ec="61" bec="0" bev="0" fileid="20" />
                <SequencePoint vc="0" uspid="4219" ordinal="66" offset="1546" sl="84" sc="13" el="84" ec="61" bec="0" bev="0" fileid="20" />
                <SequencePoint vc="0" uspid="4220" ordinal="67" offset="1569" sl="85" sc="13" el="85" ec="61" bec="0" bev="0" fileid="20" />
                <SequencePoint vc="0" uspid="4221" ordinal="68" offset="1592" sl="86" sc="13" el="86" ec="61" bec="0" bev="0" fileid="20" />
                <SequencePoint vc="0" uspid="4222" ordinal="69" offset="1615" sl="87" sc="13" el="87" ec="61" bec="0" bev="0" fileid="20" />
                <SequencePoint vc="0" uspid="4223" ordinal="70" offset="1638" sl="88" sc="13" el="88" ec="61" bec="0" bev="0" fileid="20" />
                <SequencePoint vc="0" uspid="4224" ordinal="71" offset="1661" sl="89" sc="13" el="89" ec="105" bec="0" bev="0" fileid="20" />
                <SequencePoint vc="0" uspid="4225" ordinal="72" offset="1689" sl="90" sc="13" el="90" ec="61" bec="0" bev="0" fileid="20" />
                <SequencePoint vc="0" uspid="4226" ordinal="73" offset="1712" sl="91" sc="13" el="91" ec="61" bec="0" bev="0" fileid="20" />
                <SequencePoint vc="0" uspid="4227" ordinal="74" offset="1735" sl="92" sc="13" el="92" ec="61" bec="0" bev="0" fileid="20" />
                <SequencePoint vc="0" uspid="4228" ordinal="75" offset="1758" sl="93" sc="13" el="93" ec="61" bec="0" bev="0" fileid="20" />
                <SequencePoint vc="0" uspid="4229" ordinal="76" offset="1781" sl="94" sc="13" el="94" ec="61" bec="0" bev="0" fileid="20" />
                <SequencePoint vc="0" uspid="4230" ordinal="77" offset="1804" sl="95" sc="13" el="95" ec="61" bec="0" bev="0" fileid="20" />
                <SequencePoint vc="0" uspid="4231" ordinal="78" offset="1827" sl="96" sc="9" el="96" ec="10" bec="0" bev="0" fileid="20" />
              </SequencePoints>
              <BranchPoints />
              <MethodPoint xsi:type="SequencePoint" vc="0" uspid="4153" ordinal="0" offset="0" sl="18" sc="9" el="18" ec="10" bec="0" bev="0" fileid="20" />
            </Method>
            <Method visited="false" cyclomaticComplexity="1" nPathComplexity="0" sequenceCoverage="0" branchCoverage="0" crapScore="2" isConstructor="true" isStatic="false" isGetter="false" isSetter="false">
              <Summary numSequencePoints="2" visitedSequencePoints="0" numBranchPoints="1" visitedBranchPoints="0" sequenceCoverage="0" branchCoverage="0" maxCyclomaticComplexity="1" minCyclomaticComplexity="1" maxCrapScore="2" minCrapScore="2" visitedClasses="0" numClasses="0" visitedMethods="0" numMethods="1" />
              <MetadataToken>100663392</MetadataToken>
              <Name>System.Void Chordnomicon_Prototype_1.TabChordFactoryTest::.ctor()</Name>
              <FileRef uid="20" />
              <SequencePoints>
                <SequencePoint vc="0" uspid="4232" ordinal="0" offset="0" sl="13" sc="9" el="13" ec="52" bec="0" bev="0" fileid="20" />
                <SequencePoint vc="0" uspid="4233" ordinal="1" offset="11" sl="14" sc="9" el="14" ec="46" bec="0" bev="0" fileid="20" />
              </SequencePoints>
              <BranchPoints />
              <MethodPoint xsi:type="SequencePoint" vc="0" uspid="4232" ordinal="0" offset="0" sl="13" sc="9" el="13" ec="52" bec="0" bev="0" fileid="20" />
            </Method>
          </Methods>
        </Class>
        <Class>
          <Summary numSequencePoints="31" visitedSequencePoints="0" numBranchPoints="12" visitedBranchPoints="0" sequenceCoverage="0" branchCoverage="0" maxCyclomaticComplexity="8" minCyclomaticComplexity="1" maxCrapScore="72" minCrapScore="2" visitedClasses="0" numClasses="1" visitedMethods="0" numMethods="2" />
          <FullName>Chordnomicon_Prototype_1.TabController</FullName>
          <Methods>
            <Method visited="false" cyclomaticComplexity="1" nPathComplexity="0" sequenceCoverage="0" branchCoverage="0" crapScore="2" isConstructor="true" isStatic="false" isGetter="false" isSetter="false">
              <Summary numSequencePoints="3" visitedSequencePoints="0" numBranchPoints="1" visitedBranchPoints="0" sequenceCoverage="0" branchCoverage="0" maxCyclomaticComplexity="1" minCyclomaticComplexity="1" maxCrapScore="2" minCrapScore="2" visitedClasses="0" numClasses="0" visitedMethods="0" numMethods="1" />
              <MetadataToken>100663393</MetadataToken>
              <Name>System.Void Chordnomicon_Prototype_1.TabController::.ctor()</Name>
              <FileRef uid="21" />
              <SequencePoints>
                <SequencePoint vc="0" uspid="4234" ordinal="0" offset="0" sl="11" sc="9" el="11" ec="32" bec="0" bev="0" fileid="21" />
                <SequencePoint vc="0" uspid="4235" ordinal="1" offset="7" sl="11" sc="33" el="11" ec="34" bec="0" bev="0" fileid="21" />
                <SequencePoint vc="0" uspid="4236" ordinal="2" offset="8" sl="11" sc="35" el="11" ec="36" bec="0" bev="0" fileid="21" />
              </SequencePoints>
              <BranchPoints />
              <MethodPoint xsi:type="SequencePoint" vc="0" uspid="4234" ordinal="0" offset="0" sl="11" sc="9" el="11" ec="32" bec="0" bev="0" fileid="21" />
            </Method>
            <Method visited="false" cyclomaticComplexity="8" nPathComplexity="32" sequenceCoverage="0" branchCoverage="0" crapScore="72" isConstructor="false" isStatic="true" isGetter="false" isSetter="false">
              <Summary numSequencePoints="28" visitedSequencePoints="0" numBranchPoints="11" visitedBranchPoints="0" sequenceCoverage="0" branchCoverage="0" maxCyclomaticComplexity="8" minCyclomaticComplexity="8" maxCrapScore="72" minCrapScore="72" visitedClasses="0" numClasses="0" visitedMethods="0" numMethods="1" />
              <MetadataToken>100663394</MetadataToken>
              <Name>System.Boolean Chordnomicon_Prototype_1.TabController::checkPitchRange(System.Int32,Chordnomicon_Prototype_1.Note,Chordnomicon_Prototype_1.Guitar)</Name>
              <FileRef uid="21" />
              <SequencePoints>
                <SequencePoint vc="0" uspid="4237" ordinal="0" offset="0" sl="13" sc="9" el="13" ec="10" bec="0" bev="0" fileid="21" />
                <SequencePoint vc="0" uspid="4238" ordinal="1" offset="1" sl="14" sc="13" el="14" ec="34" bec="0" bev="0" fileid="21" />
                <SequencePoint vc="0" uspid="4239" ordinal="2" offset="3" sl="17" sc="18" el="17" ec="23" bec="0" bev="0" fileid="21" />
                <SequencePoint vc="0" uspid="4240" ordinal="3" offset="7" sl="18" sc="13" el="18" ec="14" bec="0" bev="0" fileid="21" />
                <SequencePoint vc="0" uspid="4241" ordinal="4" offset="8" sl="19" sc="22" el="19" ec="27" bec="0" bev="0" fileid="21" />
                <SequencePoint vc="0" uspid="4242" ordinal="5" offset="12" sl="20" sc="17" el="20" ec="18" bec="0" bev="0" fileid="21" />
                <SequencePoint vc="0" uspid="4243" ordinal="6" offset="13" sl="21" sc="21" el="21" ec="90" bec="2" bev="0" fileid="21" />
                <SequencePoint vc="0" uspid="4244" ordinal="7" offset="39" sl="22" sc="21" el="22" ec="22" bec="0" bev="0" fileid="21" />
                <SequencePoint vc="0" uspid="4245" ordinal="8" offset="40" sl="23" sc="25" el="23" ec="46" bec="2" bev="0" fileid="21" />
                <SequencePoint vc="0" uspid="4246" ordinal="9" offset="58" sl="23" sc="47" el="23" ec="48" bec="0" bev="0" fileid="21" />
                <SequencePoint vc="0" uspid="4247" ordinal="10" offset="59" sl="23" sc="49" el="23" ec="81" bec="0" bev="0" fileid="21" />
                <SequencePoint vc="0" uspid="4248" ordinal="11" offset="63" sl="23" sc="82" el="23" ec="83" bec="0" bev="0" fileid="21" />
                <SequencePoint vc="0" uspid="4249" ordinal="12" offset="66" sl="24" sc="30" el="24" ec="31" bec="0" bev="0" fileid="21" />
                <SequencePoint vc="0" uspid="4250" ordinal="13" offset="67" sl="24" sc="32" el="24" ec="64" bec="0" bev="0" fileid="21" />
                <SequencePoint vc="0" uspid="4251" ordinal="14" offset="71" sl="24" sc="65" el="24" ec="66" bec="0" bev="0" fileid="21" />
                <SequencePoint vc="0" uspid="4252" ordinal="15" offset="72" sl="25" sc="21" el="25" ec="22" bec="0" bev="0" fileid="21" />
                <SequencePoint vc="0" uspid="4253" ordinal="16" offset="73" sl="26" sc="17" el="26" ec="18" bec="0" bev="0" fileid="21" />
                <SequencePoint vc="0" uspid="4254" ordinal="17" offset="74" sl="19" sc="36" el="19" ec="39" bec="0" bev="0" fileid="21" />
                <SequencePoint vc="0" uspid="4255" ordinal="18" offset="78" sl="19" sc="29" el="19" ec="34" bec="2" bev="0" fileid="21" />
                <SequencePoint vc="0" uspid="4256" ordinal="19" offset="88" sl="27" sc="13" el="27" ec="14" bec="0" bev="0" fileid="21" />
                <SequencePoint vc="0" uspid="4257" ordinal="20" offset="89" sl="17" sc="33" el="17" ec="36" bec="0" bev="0" fileid="21" />
                <SequencePoint vc="0" uspid="4258" ordinal="21" offset="93" sl="17" sc="25" el="17" ec="31" bec="2" bev="0" fileid="21" />
                <SequencePoint vc="0" uspid="4259" ordinal="22" offset="104" sl="28" sc="13" el="28" ec="58" bec="2" bev="0" fileid="21" />
                <SequencePoint vc="0" uspid="4260" ordinal="23" offset="121" sl="28" sc="59" el="28" ec="60" bec="0" bev="0" fileid="21" />
                <SequencePoint vc="0" uspid="4261" ordinal="24" offset="122" sl="28" sc="61" el="28" ec="73" bec="0" bev="0" fileid="21" />
                <SequencePoint vc="0" uspid="4262" ordinal="25" offset="127" sl="29" sc="18" el="29" ec="19" bec="0" bev="0" fileid="21" />
                <SequencePoint vc="0" uspid="4263" ordinal="26" offset="128" sl="29" sc="20" el="29" ec="33" bec="0" bev="0" fileid="21" />
                <SequencePoint vc="0" uspid="4264" ordinal="27" offset="133" sl="30" sc="9" el="30" ec="10" bec="0" bev="0" fileid="21" />
              </SequencePoints>
              <BranchPoints>
                <BranchPoint vc="0" uspid="4265" ordinal="0" offset="37" sl="21" path="0" offsetend="39" fileid="21" />
                <BranchPoint vc="0" uspid="4266" ordinal="1" offset="37" sl="21" path="1" offsetend="73" fileid="21" />
                <BranchPoint vc="0" uspid="4269" ordinal="4" offset="56" sl="23" path="0" offsetend="58" fileid="21" />
                <BranchPoint vc="0" uspid="4270" ordinal="5" offset="56" sl="23" path="1" offsetend="66" fileid="21" />
                <BranchPoint vc="0" uspid="4271" ordinal="6" offset="86" sl="19" path="0" offsetend="88" fileid="21" />
                <BranchPoint vc="0" uspid="4272" ordinal="7" offset="86" sl="19" path="1" offsetend="12" fileid="21" />
                <BranchPoint vc="0" uspid="4273" ordinal="8" offset="102" sl="17" path="0" offsetend="104" fileid="21" />
                <BranchPoint vc="0" uspid="4274" ordinal="9" offset="102" sl="17" path="1" offsetend="7" fileid="21" />
                <BranchPoint vc="0" uspid="4277" ordinal="12" offset="119" sl="28" path="0" offsetend="121" fileid="21" />
                <BranchPoint vc="0" uspid="4278" ordinal="13" offset="119" sl="28" path="1" offsetend="127" fileid="21" />
              </BranchPoints>
              <MethodPoint xsi:type="SequencePoint" vc="0" uspid="4237" ordinal="0" offset="0" sl="13" sc="9" el="13" ec="10" bec="0" bev="0" fileid="21" />
            </Method>
          </Methods>
        </Class>
        <Class>
          <Summary numSequencePoints="7" visitedSequencePoints="0" numBranchPoints="2" visitedBranchPoints="0" sequenceCoverage="0" branchCoverage="0" maxCyclomaticComplexity="1" minCyclomaticComplexity="1" maxCrapScore="2" minCrapScore="2" visitedClasses="0" numClasses="1" visitedMethods="0" numMethods="2" />
          <FullName>Chordnomicon_Prototype_1.TabControllerTest</FullName>
          <Methods>
            <Method visited="false" cyclomaticComplexity="1" nPathComplexity="0" sequenceCoverage="0" branchCoverage="0" crapScore="2" isConstructor="false" isStatic="false" isGetter="false" isSetter="false">
              <Summary numSequencePoints="6" visitedSequencePoints="0" numBranchPoints="1" visitedBranchPoints="0" sequenceCoverage="0" branchCoverage="0" maxCyclomaticComplexity="1" minCyclomaticComplexity="1" maxCrapScore="2" minCrapScore="2" visitedClasses="0" numClasses="0" visitedMethods="0" numMethods="1" />
              <MetadataToken>100663395</MetadataToken>
              <Name>System.Void Chordnomicon_Prototype_1.TabControllerTest::TabController_checkPitchRangeTest()</Name>
              <FileRef uid="22" />
              <SequencePoints>
                <SequencePoint vc="0" uspid="4279" ordinal="0" offset="0" sl="16" sc="9" el="16" ec="10" bec="0" bev="0" fileid="22" />
                <SequencePoint vc="0" uspid="4280" ordinal="1" offset="1" sl="17" sc="13" el="17" ec="101" bec="0" bev="0" fileid="22" />
                <SequencePoint vc="0" uspid="4281" ordinal="2" offset="29" sl="18" sc="13" el="18" ec="102" bec="0" bev="0" fileid="22" />
                <SequencePoint vc="0" uspid="4282" ordinal="3" offset="57" sl="19" sc="13" el="19" ec="101" bec="0" bev="0" fileid="22" />
                <SequencePoint vc="0" uspid="4283" ordinal="4" offset="86" sl="20" sc="13" el="20" ec="103" bec="0" bev="0" fileid="22" />
                <SequencePoint vc="0" uspid="4284" ordinal="5" offset="115" sl="21" sc="9" el="21" ec="10" bec="0" bev="0" fileid="22" />
              </SequencePoints>
              <BranchPoints />
              <MethodPoint xsi:type="SequencePoint" vc="0" uspid="4279" ordinal="0" offset="0" sl="16" sc="9" el="16" ec="10" bec="0" bev="0" fileid="22" />
            </Method>
            <Method visited="false" cyclomaticComplexity="1" nPathComplexity="0" sequenceCoverage="0" branchCoverage="0" crapScore="2" isConstructor="true" isStatic="false" isGetter="false" isSetter="false">
              <Summary numSequencePoints="1" visitedSequencePoints="0" numBranchPoints="1" visitedBranchPoints="0" sequenceCoverage="0" branchCoverage="0" maxCyclomaticComplexity="1" minCyclomaticComplexity="1" maxCrapScore="2" minCrapScore="2" visitedClasses="0" numClasses="0" visitedMethods="0" numMethods="1" />
              <MetadataToken>100663396</MetadataToken>
              <Name>System.Void Chordnomicon_Prototype_1.TabControllerTest::.ctor()</Name>
              <FileRef uid="22" />
              <SequencePoints>
                <SequencePoint vc="0" uspid="4285" ordinal="0" offset="0" sl="13" sc="9" el="13" ec="46" bec="0" bev="0" fileid="22" />
              </SequencePoints>
              <BranchPoints />
              <MethodPoint xsi:type="SequencePoint" vc="0" uspid="4285" ordinal="0" offset="0" sl="13" sc="9" el="13" ec="46" bec="0" bev="0" fileid="22" />
            </Method>
          </Methods>
        </Class>
      </Classes>
      <TrackedMethods>
        <TrackedMethod uid="1" token="100663308" name="System.Void Chordnomicon_Prototype_1.ChordControllerTest::ChordController_checkChordNameTest()" strategy="NUnitTest" />
        <TrackedMethod uid="2" token="100663316" name="System.Void Chordnomicon_Prototype_1.ChordFactoryTest::ChordFactoryTest_getChrodByName()" strategy="NUnitTest" />
        <TrackedMethod uid="3" token="100663336" name="System.Void Chordnomicon_Prototype_1.ModeTest::Mode_containsIntervalTest()" strategy="NUnitTest" />
        <TrackedMethod uid="4" token="100663337" name="System.Void Chordnomicon_Prototype_1.ModeTest::Mode_containsNoteTest()" strategy="NUnitTest" />
        <TrackedMethod uid="5" token="100663350" name="System.Void Chordnomicon_Prototype_1.NoteFactoryTest::NoteFactoryTest_getNoteByName()" strategy="NUnitTest" />
        <TrackedMethod uid="6" token="100663351" name="System.Void Chordnomicon_Prototype_1.NoteFactoryTest::NoteFactoryTest_getNoteByValue()" strategy="NUnitTest" />
        <TrackedMethod uid="7" token="100663375" name="System.Void Chordnomicon_Prototype_1.ProgressionTest::ProgressionTest_getChordNames()" strategy="NUnitTest" />
        <TrackedMethod uid="8" token="100663376" name="System.Void Chordnomicon_Prototype_1.ProgressionTest::ProgressionTest_getChord()" strategy="NUnitTest" />
        <TrackedMethod uid="9" token="100663377" name="System.Void Chordnomicon_Prototype_1.ProgressionTest::ProgressionTest_replaceChord()" strategy="NUnitTest" />
        <TrackedMethod uid="10" token="100663378" name="System.Void Chordnomicon_Prototype_1.ProgressionTest::ProgressionTest_swapChords()" strategy="NUnitTest" />
        <TrackedMethod uid="11" token="100663379" name="System.Void Chordnomicon_Prototype_1.ProgressionTest::ProgressionTest_removeChord()" strategy="NUnitTest" />
        <TrackedMethod uid="12" token="100663380" name="System.Void Chordnomicon_Prototype_1.ProgressionTest::ProgressionTest_changeTuning()" strategy="NUnitTest" />
        <TrackedMethod uid="13" token="100663381" name="System.Void Chordnomicon_Prototype_1.ProgressionTest::ProgressionTest_getTabNumber()" strategy="NUnitTest" />
        <TrackedMethod uid="14" token="100663382" name="System.Void Chordnomicon_Prototype_1.ProgressionTest::ProgressionTest_changeTabPitch()" strategy="NUnitTest" />
        <TrackedMethod uid="15" token="100663391" name="System.Void Chordnomicon_Prototype_1.TabChordFactoryTest::TabChordFactory_getNoteByChord()" strategy="NUnitTest" />
        <TrackedMethod uid="16" token="100663395" name="System.Void Chordnomicon_Prototype_1.TabControllerTest::TabController_checkPitchRangeTest()" strategy="NUnitTest" />
      </TrackedMethods>
    </Module>
  </Modules>
</CoverageSession>