<?xml version="1.0" encoding="utf-8"?>
<CoverageSession xmlns:xsd="http://www.w3.org/2001/XMLSchema" xmlns:xsi="http://www.w3.org/2001/XMLSchema-instance" Version="4.6.0.0">
  <Summary numSequencePoints="1775" visitedSequencePoints="1213" numBranchPoints="506" visitedBranchPoints="300" sequenceCoverage="68.34" branchCoverage="59.29" maxCyclomaticComplexity="171" minCyclomaticComplexity="1" maxCrapScore="8212.43" minCrapScore="1" visitedClasses="15" numClasses="17" visitedMethods="45" numMethods="66" />
  <Modules>
    <Module hash="B1-34-60-38-27-00-EC-4E-4D-31-E4-8F-52-9A-B5-69-DC-D4-F4-66">
      <Summary numSequencePoints="1775" visitedSequencePoints="1213" numBranchPoints="506" visitedBranchPoints="300" sequenceCoverage="68.34" branchCoverage="59.29" maxCyclomaticComplexity="171" minCyclomaticComplexity="1" maxCrapScore="8212.43" minCrapScore="1" visitedClasses="15" numClasses="17" visitedMethods="45" numMethods="66" />
      <ModulePath>C:\Users\caleb\source\repos\Chordnomicon Prototype 1\Chordnomicon Prototype 1\bin\Debug\Chordnomicon Prototype 1.exe</ModulePath>
      <ModuleTime>2018-05-25T04:22:16.753199Z</ModuleTime>
      <ModuleName>Chordnomicon Prototype 1</ModuleName>
      <Files>
        <File uid="1" fullPath="C:\Users\caleb\source\repos\Chordnomicon Prototype 1\Chordnomicon Prototype 1\Chord.cs" />
        <File uid="2" fullPath="C:\Users\caleb\source\repos\Chordnomicon Prototype 1\Chordnomicon Prototype 1\ChordController.cs" />
        <File uid="3" fullPath="C:\Users\caleb\source\repos\Chordnomicon Prototype 1\Chordnomicon Prototype 1\ChordControllerTest.cs" />
        <File uid="4" fullPath="C:\Users\caleb\source\repos\Chordnomicon Prototype 1\Chordnomicon Prototype 1\ChordFactory.cs" />
        <File uid="5" fullPath="C:\Users\caleb\source\repos\Chordnomicon Prototype 1\Chordnomicon Prototype 1\ChordFactoryTest.cs" />
        <File uid="6" fullPath="C:\Users\caleb\source\repos\Chordnomicon Prototype 1\Chordnomicon Prototype 1\Guitar.cs" />
        <File uid="7" fullPath="C:\Users\caleb\source\repos\Chordnomicon Prototype 1\Chordnomicon Prototype 1\Mode.cs" />
        <File uid="8" fullPath="C:\Users\caleb\source\repos\Chordnomicon Prototype 1\Chordnomicon Prototype 1\Note.cs" />
        <File uid="9" fullPath="C:\Users\caleb\source\repos\Chordnomicon Prototype 1\Chordnomicon Prototype 1\NoteController.cs" />
        <File uid="10" fullPath="C:\Users\caleb\source\repos\Chordnomicon Prototype 1\Chordnomicon Prototype 1\NoteFactory.cs" />
        <File uid="11" fullPath="C:\Users\caleb\source\repos\Chordnomicon Prototype 1\Chordnomicon Prototype 1\NoteFactoryTest.cs" />
        <File uid="12" fullPath="C:\Users\caleb\source\repos\Chordnomicon Prototype 1\Chordnomicon Prototype 1\Program.cs" />
        <File uid="13" fullPath="C:\Users\caleb\source\repos\Chordnomicon Prototype 1\Chordnomicon Prototype 1\Progression.cs" />
        <File uid="14" fullPath="C:\Users\caleb\source\repos\Chordnomicon Prototype 1\Chordnomicon Prototype 1\ProgressionTest.cs" />
        <File uid="15" fullPath="C:\Users\caleb\source\repos\Chordnomicon Prototype 1\Chordnomicon Prototype 1\TabChord.cs" />
        <File uid="16" fullPath="C:\Users\caleb\source\repos\Chordnomicon Prototype 1\Chordnomicon Prototype 1\TabChordFactory.cs" />
        <File uid="17" fullPath="C:\Users\caleb\source\repos\Chordnomicon Prototype 1\Chordnomicon Prototype 1\TabChordFactoryTest.cs" />
      </Files>
      <Classes>
        <Class>
          <Summary numSequencePoints="32" visitedSequencePoints="29" numBranchPoints="10" visitedBranchPoints="9" sequenceCoverage="90.62" branchCoverage="90" maxCyclomaticComplexity="2" minCyclomaticComplexity="1" maxCrapScore="2" minCrapScore="1" visitedClasses="1" numClasses="1" visitedMethods="7" numMethods="8" />
          <FullName>Chordnomicon_Prototype_1.Chord</FullName>
          <Methods>
            <Method visited="true" cyclomaticComplexity="1" nPathComplexity="0" sequenceCoverage="100" branchCoverage="100" crapScore="1" isConstructor="true" isStatic="false" isGetter="false" isSetter="false">
              <Summary numSequencePoints="4" visitedSequencePoints="4" numBranchPoints="1" visitedBranchPoints="1" sequenceCoverage="100" branchCoverage="100" maxCyclomaticComplexity="1" minCyclomaticComplexity="1" maxCrapScore="1" minCrapScore="1" visitedClasses="0" numClasses="0" visitedMethods="1" numMethods="1" />
              <MetadataToken>100663297</MetadataToken>
              <Name>System.Void Chordnomicon_Prototype_1.Chord::.ctor()</Name>
              <FileRef uid="1" />
              <SequencePoints>
                <SequencePoint vc="73" uspid="1" ordinal="0" offset="0" sl="18" sc="9" el="18" ec="45" bec="0" bev="0" fileid="1">
                  <TrackedMethodRefs>
                    <TrackedMethodRef uid="2" vc="43" />
                    <TrackedMethodRef uid="11" vc="1" />
                    <TrackedMethodRef uid="6" vc="3" />
                    <TrackedMethodRef uid="5" vc="3" />
                    <TrackedMethodRef uid="10" vc="1" />
                    <TrackedMethodRef uid="9" vc="3" />
                    <TrackedMethodRef uid="7" vc="4" />
                    <TrackedMethodRef uid="8" vc="3" />
                    <TrackedMethodRef uid="12" vc="11" />
                  </TrackedMethodRefs>
                </SequencePoint>
                <SequencePoint vc="73" uspid="2" ordinal="1" offset="11" sl="12" sc="9" el="12" ec="23" bec="0" bev="0" fileid="1">
                  <TrackedMethodRefs>
                    <TrackedMethodRef uid="2" vc="43" />
                    <TrackedMethodRef uid="11" vc="1" />
                    <TrackedMethodRef uid="6" vc="3" />
                    <TrackedMethodRef uid="5" vc="3" />
                    <TrackedMethodRef uid="10" vc="1" />
                    <TrackedMethodRef uid="9" vc="3" />
                    <TrackedMethodRef uid="7" vc="4" />
                    <TrackedMethodRef uid="8" vc="3" />
                    <TrackedMethodRef uid="12" vc="11" />
                  </TrackedMethodRefs>
                </SequencePoint>
                <SequencePoint vc="73" uspid="3" ordinal="2" offset="18" sl="12" sc="24" el="12" ec="25" bec="0" bev="0" fileid="1">
                  <TrackedMethodRefs>
                    <TrackedMethodRef uid="2" vc="43" />
                    <TrackedMethodRef uid="11" vc="1" />
                    <TrackedMethodRef uid="6" vc="3" />
                    <TrackedMethodRef uid="5" vc="3" />
                    <TrackedMethodRef uid="10" vc="1" />
                    <TrackedMethodRef uid="9" vc="3" />
                    <TrackedMethodRef uid="7" vc="4" />
                    <TrackedMethodRef uid="8" vc="3" />
                    <TrackedMethodRef uid="12" vc="11" />
                  </TrackedMethodRefs>
                </SequencePoint>
                <SequencePoint vc="73" uspid="4" ordinal="3" offset="19" sl="12" sc="26" el="12" ec="27" bec="0" bev="0" fileid="1">
                  <TrackedMethodRefs>
                    <TrackedMethodRef uid="2" vc="43" />
                    <TrackedMethodRef uid="11" vc="1" />
                    <TrackedMethodRef uid="6" vc="3" />
                    <TrackedMethodRef uid="5" vc="3" />
                    <TrackedMethodRef uid="10" vc="1" />
                    <TrackedMethodRef uid="9" vc="3" />
                    <TrackedMethodRef uid="7" vc="4" />
                    <TrackedMethodRef uid="8" vc="3" />
                    <TrackedMethodRef uid="12" vc="11" />
                  </TrackedMethodRefs>
                </SequencePoint>
              </SequencePoints>
              <BranchPoints />
              <MethodPoint xsi:type="SequencePoint" vc="73" uspid="1" ordinal="0" offset="0" sl="18" sc="9" el="18" ec="45" bec="0" bev="0" fileid="1">
                <TrackedMethodRefs>
                  <TrackedMethodRef uid="2" vc="43" />
                  <TrackedMethodRef uid="11" vc="1" />
                  <TrackedMethodRef uid="6" vc="3" />
                  <TrackedMethodRef uid="5" vc="3" />
                  <TrackedMethodRef uid="10" vc="1" />
                  <TrackedMethodRef uid="9" vc="3" />
                  <TrackedMethodRef uid="7" vc="4" />
                  <TrackedMethodRef uid="8" vc="3" />
                  <TrackedMethodRef uid="12" vc="11" />
                </TrackedMethodRefs>
              </MethodPoint>
            </Method>
            <Method visited="true" cyclomaticComplexity="1" nPathComplexity="0" sequenceCoverage="100" branchCoverage="100" crapScore="1" isConstructor="false" isStatic="false" isGetter="false" isSetter="false">
              <Summary numSequencePoints="3" visitedSequencePoints="3" numBranchPoints="1" visitedBranchPoints="1" sequenceCoverage="100" branchCoverage="100" maxCyclomaticComplexity="1" minCyclomaticComplexity="1" maxCrapScore="1" minCrapScore="1" visitedClasses="0" numClasses="0" visitedMethods="1" numMethods="1" />
              <MetadataToken>100663298</MetadataToken>
              <Name>System.String Chordnomicon_Prototype_1.Chord::getName()</Name>
              <FileRef uid="1" />
              <SequencePoints>
                <SequencePoint vc="15" uspid="5" ordinal="0" offset="0" sl="15" sc="33" el="15" ec="34" bec="0" bev="0" fileid="1">
                  <TrackedMethodRefs>
                    <TrackedMethodRef uid="2" vc="1" />
                    <TrackedMethodRef uid="5" vc="6" />
                    <TrackedMethodRef uid="9" vc="2" />
                    <TrackedMethodRef uid="7" vc="3" />
                    <TrackedMethodRef uid="8" vc="3" />
                  </TrackedMethodRefs>
                </SequencePoint>
                <SequencePoint vc="15" uspid="6" ordinal="1" offset="1" sl="15" sc="35" el="15" ec="48" bec="0" bev="0" fileid="1">
                  <TrackedMethodRefs>
                    <TrackedMethodRef uid="2" vc="1" />
                    <TrackedMethodRef uid="5" vc="6" />
                    <TrackedMethodRef uid="9" vc="2" />
                    <TrackedMethodRef uid="7" vc="3" />
                    <TrackedMethodRef uid="8" vc="3" />
                  </TrackedMethodRefs>
                </SequencePoint>
                <SequencePoint vc="15" uspid="7" ordinal="2" offset="10" sl="15" sc="49" el="15" ec="50" bec="0" bev="0" fileid="1">
                  <TrackedMethodRefs>
                    <TrackedMethodRef uid="2" vc="1" />
                    <TrackedMethodRef uid="5" vc="6" />
                    <TrackedMethodRef uid="9" vc="2" />
                    <TrackedMethodRef uid="7" vc="3" />
                    <TrackedMethodRef uid="8" vc="3" />
                  </TrackedMethodRefs>
                </SequencePoint>
              </SequencePoints>
              <BranchPoints />
              <MethodPoint xsi:type="SequencePoint" vc="15" uspid="5" ordinal="0" offset="0" sl="15" sc="33" el="15" ec="34" bec="0" bev="0" fileid="1">
                <TrackedMethodRefs>
                  <TrackedMethodRef uid="2" vc="1" />
                  <TrackedMethodRef uid="5" vc="6" />
                  <TrackedMethodRef uid="9" vc="2" />
                  <TrackedMethodRef uid="7" vc="3" />
                  <TrackedMethodRef uid="8" vc="3" />
                </TrackedMethodRefs>
              </MethodPoint>
            </Method>
            <Method visited="true" cyclomaticComplexity="1" nPathComplexity="0" sequenceCoverage="100" branchCoverage="100" crapScore="1" isConstructor="false" isStatic="false" isGetter="false" isSetter="false">
              <Summary numSequencePoints="3" visitedSequencePoints="3" numBranchPoints="1" visitedBranchPoints="1" sequenceCoverage="100" branchCoverage="100" maxCyclomaticComplexity="1" minCyclomaticComplexity="1" maxCrapScore="1" minCrapScore="1" visitedClasses="0" numClasses="0" visitedMethods="1" numMethods="1" />
              <MetadataToken>100663299</MetadataToken>
              <Name>System.Void Chordnomicon_Prototype_1.Chord::setName(System.String)</Name>
              <FileRef uid="1" />
              <SequencePoints>
                <SequencePoint vc="72" uspid="8" ordinal="0" offset="0" sl="16" sc="42" el="16" ec="43" bec="0" bev="0" fileid="1">
                  <TrackedMethodRefs>
                    <TrackedMethodRef uid="2" vc="43" />
                    <TrackedMethodRef uid="11" vc="1" />
                    <TrackedMethodRef uid="6" vc="3" />
                    <TrackedMethodRef uid="5" vc="3" />
                    <TrackedMethodRef uid="10" vc="1" />
                    <TrackedMethodRef uid="9" vc="3" />
                    <TrackedMethodRef uid="7" vc="4" />
                    <TrackedMethodRef uid="8" vc="3" />
                    <TrackedMethodRef uid="12" vc="11" />
                  </TrackedMethodRefs>
                </SequencePoint>
                <SequencePoint vc="72" uspid="9" ordinal="1" offset="1" sl="16" sc="44" el="16" ec="57" bec="0" bev="0" fileid="1">
                  <TrackedMethodRefs>
                    <TrackedMethodRef uid="2" vc="43" />
                    <TrackedMethodRef uid="11" vc="1" />
                    <TrackedMethodRef uid="6" vc="3" />
                    <TrackedMethodRef uid="5" vc="3" />
                    <TrackedMethodRef uid="10" vc="1" />
                    <TrackedMethodRef uid="9" vc="3" />
                    <TrackedMethodRef uid="7" vc="4" />
                    <TrackedMethodRef uid="8" vc="3" />
                    <TrackedMethodRef uid="12" vc="11" />
                  </TrackedMethodRefs>
                </SequencePoint>
                <SequencePoint vc="72" uspid="10" ordinal="2" offset="8" sl="16" sc="58" el="16" ec="59" bec="0" bev="0" fileid="1">
                  <TrackedMethodRefs>
                    <TrackedMethodRef uid="2" vc="43" />
                    <TrackedMethodRef uid="11" vc="1" />
                    <TrackedMethodRef uid="6" vc="3" />
                    <TrackedMethodRef uid="5" vc="3" />
                    <TrackedMethodRef uid="10" vc="1" />
                    <TrackedMethodRef uid="9" vc="3" />
                    <TrackedMethodRef uid="7" vc="4" />
                    <TrackedMethodRef uid="8" vc="3" />
                    <TrackedMethodRef uid="12" vc="11" />
                  </TrackedMethodRefs>
                </SequencePoint>
              </SequencePoints>
              <BranchPoints />
              <MethodPoint xsi:type="SequencePoint" vc="72" uspid="8" ordinal="0" offset="0" sl="16" sc="42" el="16" ec="43" bec="0" bev="0" fileid="1">
                <TrackedMethodRefs>
                  <TrackedMethodRef uid="2" vc="43" />
                  <TrackedMethodRef uid="11" vc="1" />
                  <TrackedMethodRef uid="6" vc="3" />
                  <TrackedMethodRef uid="5" vc="3" />
                  <TrackedMethodRef uid="10" vc="1" />
                  <TrackedMethodRef uid="9" vc="3" />
                  <TrackedMethodRef uid="7" vc="4" />
                  <TrackedMethodRef uid="8" vc="3" />
                  <TrackedMethodRef uid="12" vc="11" />
                </TrackedMethodRefs>
              </MethodPoint>
            </Method>
            <Method visited="true" cyclomaticComplexity="1" nPathComplexity="0" sequenceCoverage="100" branchCoverage="100" crapScore="1" isConstructor="false" isStatic="false" isGetter="false" isSetter="false">
              <Summary numSequencePoints="3" visitedSequencePoints="3" numBranchPoints="1" visitedBranchPoints="1" sequenceCoverage="100" branchCoverage="100" maxCyclomaticComplexity="1" minCyclomaticComplexity="1" maxCrapScore="1" minCrapScore="1" visitedClasses="0" numClasses="0" visitedMethods="1" numMethods="1" />
              <MetadataToken>100663300</MetadataToken>
              <Name>System.Void Chordnomicon_Prototype_1.Chord::addNote(Chordnomicon_Prototype_1.Note)</Name>
              <FileRef uid="1" />
              <SequencePoints>
                <SequencePoint vc="281" uspid="11" ordinal="0" offset="0" sl="19" sc="40" el="19" ec="41" bec="0" bev="0" fileid="1">
                  <TrackedMethodRefs>
                    <TrackedMethodRef uid="2" vc="178" />
                    <TrackedMethodRef uid="11" vc="3" />
                    <TrackedMethodRef uid="6" vc="11" />
                    <TrackedMethodRef uid="5" vc="11" />
                    <TrackedMethodRef uid="10" vc="3" />
                    <TrackedMethodRef uid="9" vc="11" />
                    <TrackedMethodRef uid="7" vc="16" />
                    <TrackedMethodRef uid="8" vc="11" />
                    <TrackedMethodRef uid="12" vc="37" />
                  </TrackedMethodRefs>
                </SequencePoint>
                <SequencePoint vc="281" uspid="12" ordinal="1" offset="1" sl="19" sc="42" el="19" ec="58" bec="0" bev="0" fileid="1">
                  <TrackedMethodRefs>
                    <TrackedMethodRef uid="2" vc="178" />
                    <TrackedMethodRef uid="11" vc="3" />
                    <TrackedMethodRef uid="6" vc="11" />
                    <TrackedMethodRef uid="5" vc="11" />
                    <TrackedMethodRef uid="10" vc="3" />
                    <TrackedMethodRef uid="9" vc="11" />
                    <TrackedMethodRef uid="7" vc="16" />
                    <TrackedMethodRef uid="8" vc="11" />
                    <TrackedMethodRef uid="12" vc="37" />
                  </TrackedMethodRefs>
                </SequencePoint>
                <SequencePoint vc="281" uspid="13" ordinal="2" offset="14" sl="19" sc="59" el="19" ec="60" bec="0" bev="0" fileid="1">
                  <TrackedMethodRefs>
                    <TrackedMethodRef uid="2" vc="178" />
                    <TrackedMethodRef uid="11" vc="3" />
                    <TrackedMethodRef uid="6" vc="11" />
                    <TrackedMethodRef uid="5" vc="11" />
                    <TrackedMethodRef uid="10" vc="3" />
                    <TrackedMethodRef uid="9" vc="11" />
                    <TrackedMethodRef uid="7" vc="16" />
                    <TrackedMethodRef uid="8" vc="11" />
                    <TrackedMethodRef uid="12" vc="37" />
                  </TrackedMethodRefs>
                </SequencePoint>
              </SequencePoints>
              <BranchPoints />
              <MethodPoint xsi:type="SequencePoint" vc="281" uspid="11" ordinal="0" offset="0" sl="19" sc="40" el="19" ec="41" bec="0" bev="0" fileid="1">
                <TrackedMethodRefs>
                  <TrackedMethodRef uid="2" vc="178" />
                  <TrackedMethodRef uid="11" vc="3" />
                  <TrackedMethodRef uid="6" vc="11" />
                  <TrackedMethodRef uid="5" vc="11" />
                  <TrackedMethodRef uid="10" vc="3" />
                  <TrackedMethodRef uid="9" vc="11" />
                  <TrackedMethodRef uid="7" vc="16" />
                  <TrackedMethodRef uid="8" vc="11" />
                  <TrackedMethodRef uid="12" vc="37" />
                </TrackedMethodRefs>
              </MethodPoint>
            </Method>
            <Method visited="true" cyclomaticComplexity="2" nPathComplexity="2" sequenceCoverage="100" branchCoverage="100" crapScore="2" isConstructor="false" isStatic="false" isGetter="false" isSetter="false">
              <Summary numSequencePoints="10" visitedSequencePoints="10" numBranchPoints="3" visitedBranchPoints="3" sequenceCoverage="100" branchCoverage="100" maxCyclomaticComplexity="2" minCyclomaticComplexity="2" maxCrapScore="2" minCrapScore="2" visitedClasses="0" numClasses="0" visitedMethods="1" numMethods="1" />
              <MetadataToken>100663301</MetadataToken>
              <Name>System.String Chordnomicon_Prototype_1.Chord::getNotes()</Name>
              <FileRef uid="1" />
              <SequencePoints>
                <SequencePoint vc="44" uspid="14" ordinal="0" offset="0" sl="21" sc="9" el="21" ec="10" bec="0" bev="0" fileid="1">
                  <TrackedMethodRefs>
                    <TrackedMethodRef uid="2" vc="43" />
                    <TrackedMethodRef uid="6" vc="1" />
                  </TrackedMethodRefs>
                </SequencePoint>
                <SequencePoint vc="44" uspid="15" ordinal="1" offset="1" sl="22" sc="13" el="22" ec="64" bec="0" bev="0" fileid="1">
                  <TrackedMethodRefs>
                    <TrackedMethodRef uid="2" vc="43" />
                    <TrackedMethodRef uid="6" vc="1" />
                  </TrackedMethodRefs>
                </SequencePoint>
                <SequencePoint vc="44" uspid="16" ordinal="2" offset="19" sl="23" sc="18" el="23" ec="27" bec="0" bev="0" fileid="1">
                  <TrackedMethodRefs>
                    <TrackedMethodRef uid="2" vc="43" />
                    <TrackedMethodRef uid="6" vc="1" />
                  </TrackedMethodRefs>
                </SequencePoint>
                <SequencePoint vc="138" uspid="17" ordinal="3" offset="23" sl="24" sc="13" el="24" ec="14" bec="0" bev="0" fileid="1">
                  <TrackedMethodRefs>
                    <TrackedMethodRef uid="2" vc="135" />
                    <TrackedMethodRef uid="6" vc="3" />
                  </TrackedMethodRefs>
                </SequencePoint>
                <SequencePoint vc="138" uspid="18" ordinal="4" offset="24" sl="25" sc="17" el="25" ec="83" bec="0" bev="0" fileid="1">
                  <TrackedMethodRefs>
                    <TrackedMethodRef uid="2" vc="135" />
                    <TrackedMethodRef uid="6" vc="3" />
                  </TrackedMethodRefs>
                </SequencePoint>
                <SequencePoint vc="138" uspid="19" ordinal="5" offset="53" sl="26" sc="13" el="26" ec="14" bec="0" bev="0" fileid="1">
                  <TrackedMethodRefs>
                    <TrackedMethodRef uid="2" vc="135" />
                    <TrackedMethodRef uid="6" vc="3" />
                  </TrackedMethodRefs>
                </SequencePoint>
                <SequencePoint vc="138" uspid="20" ordinal="6" offset="54" sl="23" sc="48" el="23" ec="51" bec="0" bev="0" fileid="1">
                  <TrackedMethodRefs>
                    <TrackedMethodRef uid="2" vc="135" />
                    <TrackedMethodRef uid="6" vc="3" />
                  </TrackedMethodRefs>
                </SequencePoint>
                <SequencePoint vc="182" uspid="21" ordinal="7" offset="58" sl="23" sc="29" el="23" ec="46" bec="2" bev="2" fileid="1">
                  <TrackedMethodRefs>
                    <TrackedMethodRef uid="2" vc="178" />
                    <TrackedMethodRef uid="6" vc="4" />
                  </TrackedMethodRefs>
                </SequencePoint>
                <SequencePoint vc="44" uspid="22" ordinal="8" offset="76" sl="27" sc="13" el="27" ec="33" bec="0" bev="0" fileid="1">
                  <TrackedMethodRefs>
                    <TrackedMethodRef uid="2" vc="43" />
                    <TrackedMethodRef uid="6" vc="1" />
                  </TrackedMethodRefs>
                </SequencePoint>
                <SequencePoint vc="44" uspid="23" ordinal="9" offset="80" sl="28" sc="9" el="28" ec="10" bec="0" bev="0" fileid="1">
                  <TrackedMethodRefs>
                    <TrackedMethodRef uid="2" vc="43" />
                    <TrackedMethodRef uid="6" vc="1" />
                  </TrackedMethodRefs>
                </SequencePoint>
              </SequencePoints>
              <BranchPoints>
                <BranchPoint vc="44" uspid="24" ordinal="0" offset="74" sl="23" path="0" offsetend="76" fileid="1">
                  <TrackedMethodRefs>
                    <TrackedMethodRef uid="2" vc="43" />
                    <TrackedMethodRef uid="6" vc="1" />
                  </TrackedMethodRefs>
                </BranchPoint>
                <BranchPoint vc="138" uspid="25" ordinal="1" offset="74" sl="23" path="1" offsetend="23" fileid="1">
                  <TrackedMethodRefs>
                    <TrackedMethodRef uid="2" vc="135" />
                    <TrackedMethodRef uid="6" vc="3" />
                  </TrackedMethodRefs>
                </BranchPoint>
              </BranchPoints>
              <MethodPoint xsi:type="SequencePoint" vc="44" uspid="14" ordinal="0" offset="0" sl="21" sc="9" el="21" ec="10" bec="0" bev="0" fileid="1">
                <TrackedMethodRefs>
                  <TrackedMethodRef uid="2" vc="43" />
                  <TrackedMethodRef uid="6" vc="1" />
                </TrackedMethodRefs>
              </MethodPoint>
            </Method>
            <Method visited="true" cyclomaticComplexity="1" nPathComplexity="0" sequenceCoverage="100" branchCoverage="100" crapScore="1" isConstructor="false" isStatic="false" isGetter="false" isSetter="false">
              <Summary numSequencePoints="3" visitedSequencePoints="3" numBranchPoints="1" visitedBranchPoints="1" sequenceCoverage="100" branchCoverage="100" maxCyclomaticComplexity="1" minCyclomaticComplexity="1" maxCrapScore="1" minCrapScore="1" visitedClasses="0" numClasses="0" visitedMethods="1" numMethods="1" />
              <MetadataToken>100663302</MetadataToken>
              <Name>System.Int32 Chordnomicon_Prototype_1.Chord::getSize()</Name>
              <FileRef uid="1" />
              <SequencePoints>
                <SequencePoint vc="2284" uspid="26" ordinal="0" offset="0" sl="29" sc="30" el="29" ec="31" bec="0" bev="0" fileid="1">
                  <TrackedMethodRefs>
                    <TrackedMethodRef uid="11" vc="128" />
                    <TrackedMethodRef uid="6" vc="244" />
                    <TrackedMethodRef uid="5" vc="244" />
                    <TrackedMethodRef uid="10" vc="64" />
                    <TrackedMethodRef uid="9" vc="244" />
                    <TrackedMethodRef uid="7" vc="340" />
                    <TrackedMethodRef uid="8" vc="244" />
                    <TrackedMethodRef uid="12" vc="776" />
                  </TrackedMethodRefs>
                </SequencePoint>
                <SequencePoint vc="2284" uspid="27" ordinal="1" offset="1" sl="29" sc="32" el="29" ec="51" bec="0" bev="0" fileid="1">
                  <TrackedMethodRefs>
                    <TrackedMethodRef uid="11" vc="128" />
                    <TrackedMethodRef uid="6" vc="244" />
                    <TrackedMethodRef uid="5" vc="244" />
                    <TrackedMethodRef uid="10" vc="64" />
                    <TrackedMethodRef uid="9" vc="244" />
                    <TrackedMethodRef uid="7" vc="340" />
                    <TrackedMethodRef uid="8" vc="244" />
                    <TrackedMethodRef uid="12" vc="776" />
                  </TrackedMethodRefs>
                </SequencePoint>
                <SequencePoint vc="2284" uspid="28" ordinal="2" offset="15" sl="29" sc="52" el="29" ec="53" bec="0" bev="0" fileid="1">
                  <TrackedMethodRefs>
                    <TrackedMethodRef uid="11" vc="128" />
                    <TrackedMethodRef uid="6" vc="244" />
                    <TrackedMethodRef uid="5" vc="244" />
                    <TrackedMethodRef uid="10" vc="64" />
                    <TrackedMethodRef uid="9" vc="244" />
                    <TrackedMethodRef uid="7" vc="340" />
                    <TrackedMethodRef uid="8" vc="244" />
                    <TrackedMethodRef uid="12" vc="776" />
                  </TrackedMethodRefs>
                </SequencePoint>
              </SequencePoints>
              <BranchPoints />
              <MethodPoint xsi:type="SequencePoint" vc="2284" uspid="26" ordinal="0" offset="0" sl="29" sc="30" el="29" ec="31" bec="0" bev="0" fileid="1">
                <TrackedMethodRefs>
                  <TrackedMethodRef uid="11" vc="128" />
                  <TrackedMethodRef uid="6" vc="244" />
                  <TrackedMethodRef uid="5" vc="244" />
                  <TrackedMethodRef uid="10" vc="64" />
                  <TrackedMethodRef uid="9" vc="244" />
                  <TrackedMethodRef uid="7" vc="340" />
                  <TrackedMethodRef uid="8" vc="244" />
                  <TrackedMethodRef uid="12" vc="776" />
                </TrackedMethodRefs>
              </MethodPoint>
            </Method>
            <Method visited="false" cyclomaticComplexity="1" nPathComplexity="0" sequenceCoverage="0" branchCoverage="0" crapScore="2" isConstructor="false" isStatic="false" isGetter="false" isSetter="false">
              <Summary numSequencePoints="3" visitedSequencePoints="0" numBranchPoints="1" visitedBranchPoints="0" sequenceCoverage="0" branchCoverage="0" maxCyclomaticComplexity="1" minCyclomaticComplexity="1" maxCrapScore="2" minCrapScore="2" visitedClasses="0" numClasses="0" visitedMethods="0" numMethods="1" />
              <MetadataToken>100663303</MetadataToken>
              <Name>System.Int32 Chordnomicon_Prototype_1.Chord::getTonicValue()</Name>
              <FileRef uid="1" />
              <SequencePoints>
                <SequencePoint vc="0" uspid="29" ordinal="0" offset="0" sl="30" sc="36" el="30" ec="37" bec="0" bev="0" fileid="1" />
                <SequencePoint vc="0" uspid="30" ordinal="1" offset="1" sl="30" sc="38" el="30" ec="75" bec="0" bev="0" fileid="1" />
                <SequencePoint vc="0" uspid="31" ordinal="2" offset="21" sl="30" sc="76" el="30" ec="77" bec="0" bev="0" fileid="1" />
              </SequencePoints>
              <BranchPoints />
              <MethodPoint xsi:type="SequencePoint" vc="0" uspid="29" ordinal="0" offset="0" sl="30" sc="36" el="30" ec="37" bec="0" bev="0" fileid="1" />
            </Method>
            <Method visited="true" cyclomaticComplexity="1" nPathComplexity="0" sequenceCoverage="100" branchCoverage="100" crapScore="1" isConstructor="false" isStatic="false" isGetter="false" isSetter="false">
              <Summary numSequencePoints="3" visitedSequencePoints="3" numBranchPoints="1" visitedBranchPoints="1" sequenceCoverage="100" branchCoverage="100" maxCyclomaticComplexity="1" minCyclomaticComplexity="1" maxCrapScore="1" minCrapScore="1" visitedClasses="0" numClasses="0" visitedMethods="1" numMethods="1" />
              <MetadataToken>100663304</MetadataToken>
              <Name>Chordnomicon_Prototype_1.Note Chordnomicon_Prototype_1.Chord::getNoteAt(System.Int32)</Name>
              <FileRef uid="1" />
              <SequencePoints>
                <SequencePoint vc="4094" uspid="32" ordinal="0" offset="0" sl="31" sc="45" el="31" ec="46" bec="0" bev="0" fileid="1">
                  <TrackedMethodRefs>
                    <TrackedMethodRef uid="11" vc="236" />
                    <TrackedMethodRef uid="6" vc="436" />
                    <TrackedMethodRef uid="5" vc="436" />
                    <TrackedMethodRef uid="10" vc="118" />
                    <TrackedMethodRef uid="9" vc="436" />
                    <TrackedMethodRef uid="7" vc="624" />
                    <TrackedMethodRef uid="8" vc="436" />
                    <TrackedMethodRef uid="12" vc="1372" />
                  </TrackedMethodRefs>
                </SequencePoint>
                <SequencePoint vc="4094" uspid="33" ordinal="1" offset="1" sl="31" sc="47" el="31" ec="80" bec="0" bev="0" fileid="1">
                  <TrackedMethodRefs>
                    <TrackedMethodRef uid="11" vc="236" />
                    <TrackedMethodRef uid="6" vc="436" />
                    <TrackedMethodRef uid="5" vc="436" />
                    <TrackedMethodRef uid="10" vc="118" />
                    <TrackedMethodRef uid="9" vc="436" />
                    <TrackedMethodRef uid="7" vc="624" />
                    <TrackedMethodRef uid="8" vc="436" />
                    <TrackedMethodRef uid="12" vc="1372" />
                  </TrackedMethodRefs>
                </SequencePoint>
                <SequencePoint vc="4094" uspid="34" ordinal="2" offset="16" sl="31" sc="81" el="31" ec="82" bec="0" bev="0" fileid="1">
                  <TrackedMethodRefs>
                    <TrackedMethodRef uid="11" vc="236" />
                    <TrackedMethodRef uid="6" vc="436" />
                    <TrackedMethodRef uid="5" vc="436" />
                    <TrackedMethodRef uid="10" vc="118" />
                    <TrackedMethodRef uid="9" vc="436" />
                    <TrackedMethodRef uid="7" vc="624" />
                    <TrackedMethodRef uid="8" vc="436" />
                    <TrackedMethodRef uid="12" vc="1372" />
                  </TrackedMethodRefs>
                </SequencePoint>
              </SequencePoints>
              <BranchPoints />
              <MethodPoint xsi:type="SequencePoint" vc="4094" uspid="32" ordinal="0" offset="0" sl="31" sc="45" el="31" ec="46" bec="0" bev="0" fileid="1">
                <TrackedMethodRefs>
                  <TrackedMethodRef uid="11" vc="236" />
                  <TrackedMethodRef uid="6" vc="436" />
                  <TrackedMethodRef uid="5" vc="436" />
                  <TrackedMethodRef uid="10" vc="118" />
                  <TrackedMethodRef uid="9" vc="436" />
                  <TrackedMethodRef uid="7" vc="624" />
                  <TrackedMethodRef uid="8" vc="436" />
                  <TrackedMethodRef uid="12" vc="1372" />
                </TrackedMethodRefs>
              </MethodPoint>
            </Method>
          </Methods>
        </Class>
        <Class>
          <Summary numSequencePoints="186" visitedSequencePoints="64" numBranchPoints="102" visitedBranchPoints="37" sequenceCoverage="34.41" branchCoverage="36.27" maxCyclomaticComplexity="171" minCyclomaticComplexity="1" maxCrapScore="8212.43" minCrapScore="2" visitedClasses="1" numClasses="1" visitedMethods="1" numMethods="2" />
          <FullName>Chordnomicon_Prototype_1.ChordController</FullName>
          <Methods>
            <Method visited="false" cyclomaticComplexity="1" nPathComplexity="0" sequenceCoverage="0" branchCoverage="0" crapScore="2" isConstructor="true" isStatic="false" isGetter="false" isSetter="false">
              <Summary numSequencePoints="3" visitedSequencePoints="0" numBranchPoints="1" visitedBranchPoints="0" sequenceCoverage="0" branchCoverage="0" maxCyclomaticComplexity="1" minCyclomaticComplexity="1" maxCrapScore="2" minCrapScore="2" visitedClasses="0" numClasses="0" visitedMethods="0" numMethods="1" />
              <MetadataToken>100663305</MetadataToken>
              <Name>System.Void Chordnomicon_Prototype_1.ChordController::.ctor()</Name>
              <FileRef uid="2" />
              <SequencePoints>
                <SequencePoint vc="0" uspid="35" ordinal="0" offset="0" sl="11" sc="9" el="11" ec="34" bec="0" bev="0" fileid="2" />
                <SequencePoint vc="0" uspid="36" ordinal="1" offset="7" sl="11" sc="35" el="11" ec="36" bec="0" bev="0" fileid="2" />
                <SequencePoint vc="0" uspid="37" ordinal="2" offset="8" sl="11" sc="37" el="11" ec="38" bec="0" bev="0" fileid="2" />
              </SequencePoints>
              <BranchPoints />
              <MethodPoint xsi:type="SequencePoint" vc="0" uspid="35" ordinal="0" offset="0" sl="11" sc="9" el="11" ec="34" bec="0" bev="0" fileid="2" />
            </Method>
            <Method visited="true" cyclomaticComplexity="171" nPathComplexity="262144" sequenceCoverage="34.97" branchCoverage="36.63" crapScore="8212.43" isConstructor="false" isStatic="true" isGetter="false" isSetter="false">
              <Summary numSequencePoints="183" visitedSequencePoints="64" numBranchPoints="101" visitedBranchPoints="37" sequenceCoverage="34.97" branchCoverage="36.63" maxCyclomaticComplexity="171" minCyclomaticComplexity="171" maxCrapScore="8212.43" minCrapScore="8212.43" visitedClasses="0" numClasses="0" visitedMethods="1" numMethods="1" />
              <MetadataToken>100663306</MetadataToken>
              <Name>System.Boolean Chordnomicon_Prototype_1.ChordController::checkChordName(System.String)</Name>
              <FileRef uid="2" />
              <SequencePoints>
                <SequencePoint vc="11" uspid="38" ordinal="0" offset="0" sl="13" sc="9" el="13" ec="10" bec="0" bev="0" fileid="2">
                  <TrackedMethodRefs>
                    <TrackedMethodRef uid="1" vc="11" />
                  </TrackedMethodRefs>
                </SequencePoint>
                <SequencePoint vc="11" uspid="39" ordinal="1" offset="1" sl="14" sc="13" el="14" ec="52" bec="0" bev="0" fileid="2">
                  <TrackedMethodRefs>
                    <TrackedMethodRef uid="1" vc="11" />
                  </TrackedMethodRefs>
                </SequencePoint>
                <SequencePoint vc="11" uspid="40" ordinal="2" offset="8" sl="18" sc="13" el="18" ec="42" bec="2" bev="1" fileid="2">
                  <TrackedMethodRefs>
                    <TrackedMethodRef uid="1" vc="11" />
                  </TrackedMethodRefs>
                </SequencePoint>
                <SequencePoint vc="0" uspid="41" ordinal="3" offset="21" sl="18" sc="43" el="18" ec="44" bec="0" bev="0" fileid="2" />
                <SequencePoint vc="0" uspid="42" ordinal="4" offset="22" sl="18" sc="45" el="18" ec="58" bec="0" bev="0" fileid="2" />
                <SequencePoint vc="11" uspid="43" ordinal="5" offset="30" sl="20" sc="13" el="21" ec="95" bec="2" bev="1" fileid="2">
                  <TrackedMethodRefs>
                    <TrackedMethodRef uid="1" vc="11" />
                  </TrackedMethodRefs>
                </SequencePoint>
                <SequencePoint vc="11" uspid="44" ordinal="6" offset="88" sl="22" sc="13" el="22" ec="14" bec="0" bev="0" fileid="2">
                  <TrackedMethodRefs>
                    <TrackedMethodRef uid="1" vc="11" />
                  </TrackedMethodRefs>
                </SequencePoint>
                <SequencePoint vc="11" uspid="45" ordinal="7" offset="89" sl="23" sc="17" el="23" ec="73" bec="0" bev="0" fileid="2">
                  <TrackedMethodRefs>
                    <TrackedMethodRef uid="1" vc="11" />
                  </TrackedMethodRefs>
                </SequencePoint>
                <SequencePoint vc="11" uspid="46" ordinal="8" offset="103" sl="24" sc="22" el="24" ec="31" bec="0" bev="0" fileid="2">
                  <TrackedMethodRefs>
                    <TrackedMethodRef uid="1" vc="11" />
                  </TrackedMethodRefs>
                </SequencePoint>
                <SequencePoint vc="6" uspid="47" ordinal="9" offset="108" sl="24" sc="69" el="24" ec="70" bec="0" bev="0" fileid="2">
                  <TrackedMethodRefs>
                    <TrackedMethodRef uid="1" vc="6" />
                  </TrackedMethodRefs>
                </SequencePoint>
                <SequencePoint vc="6" uspid="48" ordinal="10" offset="109" sl="24" sc="71" el="24" ec="115" bec="0" bev="0" fileid="2">
                  <TrackedMethodRefs>
                    <TrackedMethodRef uid="1" vc="6" />
                  </TrackedMethodRefs>
                </SequencePoint>
                <SequencePoint vc="6" uspid="49" ordinal="11" offset="119" sl="24" sc="116" el="24" ec="117" bec="0" bev="0" fileid="2">
                  <TrackedMethodRefs>
                    <TrackedMethodRef uid="1" vc="6" />
                  </TrackedMethodRefs>
                </SequencePoint>
                <SequencePoint vc="6" uspid="50" ordinal="12" offset="120" sl="24" sc="64" el="24" ec="67" bec="0" bev="0" fileid="2">
                  <TrackedMethodRefs>
                    <TrackedMethodRef uid="1" vc="6" />
                  </TrackedMethodRefs>
                </SequencePoint>
                <SequencePoint vc="17" uspid="51" ordinal="13" offset="126" sl="24" sc="33" el="24" ec="62" bec="2" bev="2" fileid="2">
                  <TrackedMethodRefs>
                    <TrackedMethodRef uid="1" vc="17" />
                  </TrackedMethodRefs>
                </SequencePoint>
                <SequencePoint vc="11" uspid="52" ordinal="14" offset="144" sl="25" sc="13" el="25" ec="14" bec="0" bev="0" fileid="2">
                  <TrackedMethodRefs>
                    <TrackedMethodRef uid="1" vc="11" />
                  </TrackedMethodRefs>
                </SequencePoint>
                <SequencePoint vc="0" uspid="53" ordinal="15" offset="147" sl="26" sc="18" el="26" ec="19" bec="0" bev="0" fileid="2" />
                <SequencePoint vc="0" uspid="54" ordinal="16" offset="148" sl="26" sc="20" el="26" ec="33" bec="0" bev="0" fileid="2" />
                <SequencePoint vc="11" uspid="55" ordinal="17" offset="156" sl="28" sc="13" el="28" ec="48" bec="2" bev="2" fileid="2">
                  <TrackedMethodRefs>
                    <TrackedMethodRef uid="1" vc="11" />
                  </TrackedMethodRefs>
                </SequencePoint>
                <SequencePoint vc="7" uspid="56" ordinal="18" offset="171" sl="28" sc="49" el="28" ec="50" bec="0" bev="0" fileid="2">
                  <TrackedMethodRefs>
                    <TrackedMethodRef uid="1" vc="7" />
                  </TrackedMethodRefs>
                </SequencePoint>
                <SequencePoint vc="7" uspid="57" ordinal="19" offset="172" sl="28" sc="51" el="28" ec="63" bec="0" bev="0" fileid="2">
                  <TrackedMethodRefs>
                    <TrackedMethodRef uid="1" vc="7" />
                  </TrackedMethodRefs>
                </SequencePoint>
                <SequencePoint vc="4" uspid="58" ordinal="20" offset="180" sl="29" sc="18" el="29" ec="81" bec="2" bev="1" fileid="2">
                  <TrackedMethodRefs>
                    <TrackedMethodRef uid="1" vc="4" />
                  </TrackedMethodRefs>
                </SequencePoint>
                <SequencePoint vc="4" uspid="59" ordinal="21" offset="203" sl="30" sc="13" el="30" ec="14" bec="0" bev="0" fileid="2">
                  <TrackedMethodRefs>
                    <TrackedMethodRef uid="1" vc="4" />
                  </TrackedMethodRefs>
                </SequencePoint>
                <SequencePoint vc="4" uspid="60" ordinal="22" offset="204" sl="31" sc="17" el="31" ec="75" bec="0" bev="0" fileid="2">
                  <TrackedMethodRefs>
                    <TrackedMethodRef uid="1" vc="4" />
                  </TrackedMethodRefs>
                </SequencePoint>
                <SequencePoint vc="4" uspid="61" ordinal="23" offset="218" sl="32" sc="22" el="32" ec="31" bec="0" bev="0" fileid="2">
                  <TrackedMethodRefs>
                    <TrackedMethodRef uid="1" vc="4" />
                  </TrackedMethodRefs>
                </SequencePoint>
                <SequencePoint vc="2" uspid="62" ordinal="24" offset="223" sl="33" sc="17" el="33" ec="18" bec="0" bev="0" fileid="2">
                  <TrackedMethodRefs>
                    <TrackedMethodRef uid="1" vc="2" />
                  </TrackedMethodRefs>
                </SequencePoint>
                <SequencePoint vc="2" uspid="63" ordinal="25" offset="224" sl="33" sc="19" el="33" ec="65" bec="0" bev="0" fileid="2">
                  <TrackedMethodRefs>
                    <TrackedMethodRef uid="1" vc="2" />
                  </TrackedMethodRefs>
                </SequencePoint>
                <SequencePoint vc="2" uspid="64" ordinal="26" offset="234" sl="33" sc="66" el="33" ec="67" bec="0" bev="0" fileid="2">
                  <TrackedMethodRefs>
                    <TrackedMethodRef uid="1" vc="2" />
                  </TrackedMethodRefs>
                </SequencePoint>
                <SequencePoint vc="2" uspid="65" ordinal="27" offset="235" sl="32" sc="68" el="32" ec="71" bec="0" bev="0" fileid="2">
                  <TrackedMethodRefs>
                    <TrackedMethodRef uid="1" vc="2" />
                  </TrackedMethodRefs>
                </SequencePoint>
                <SequencePoint vc="6" uspid="66" ordinal="28" offset="241" sl="32" sc="33" el="32" ec="66" bec="2" bev="2" fileid="2">
                  <TrackedMethodRefs>
                    <TrackedMethodRef uid="1" vc="6" />
                  </TrackedMethodRefs>
                </SequencePoint>
                <SequencePoint vc="4" uspid="67" ordinal="29" offset="259" sl="34" sc="13" el="34" ec="14" bec="0" bev="0" fileid="2">
                  <TrackedMethodRefs>
                    <TrackedMethodRef uid="1" vc="4" />
                  </TrackedMethodRefs>
                </SequencePoint>
                <SequencePoint vc="0" uspid="68" ordinal="30" offset="262" sl="35" sc="18" el="35" ec="19" bec="0" bev="0" fileid="2" />
                <SequencePoint vc="0" uspid="69" ordinal="31" offset="263" sl="35" sc="20" el="35" ec="56" bec="0" bev="0" fileid="2" />
                <SequencePoint vc="0" uspid="70" ordinal="32" offset="265" sl="35" sc="57" el="35" ec="58" bec="0" bev="0" fileid="2" />
                <SequencePoint vc="4" uspid="71" ordinal="33" offset="266" sl="37" sc="13" el="37" ec="46" bec="2" bev="2" fileid="2">
                  <TrackedMethodRefs>
                    <TrackedMethodRef uid="1" vc="4" />
                  </TrackedMethodRefs>
                </SequencePoint>
                <SequencePoint vc="2" uspid="72" ordinal="34" offset="281" sl="37" sc="47" el="37" ec="48" bec="0" bev="0" fileid="2">
                  <TrackedMethodRefs>
                    <TrackedMethodRef uid="1" vc="2" />
                  </TrackedMethodRefs>
                </SequencePoint>
                <SequencePoint vc="2" uspid="73" ordinal="35" offset="282" sl="37" sc="49" el="37" ec="61" bec="0" bev="0" fileid="2">
                  <TrackedMethodRefs>
                    <TrackedMethodRef uid="1" vc="2" />
                  </TrackedMethodRefs>
                </SequencePoint>
                <SequencePoint vc="2" uspid="74" ordinal="36" offset="290" sl="40" sc="13" el="40" ec="74" bec="2" bev="1" fileid="2">
                  <TrackedMethodRefs>
                    <TrackedMethodRef uid="1" vc="2" />
                  </TrackedMethodRefs>
                </SequencePoint>
                <SequencePoint vc="0" uspid="75" ordinal="37" offset="312" sl="41" sc="13" el="41" ec="14" bec="0" bev="0" fileid="2" />
                <SequencePoint vc="0" uspid="76" ordinal="38" offset="313" sl="42" sc="17" el="42" ec="29" bec="0" bev="0" fileid="2" />
                <SequencePoint vc="2" uspid="77" ordinal="39" offset="321" sl="45" sc="18" el="45" ec="166" bec="2" bev="1" fileid="2">
                  <TrackedMethodRefs>
                    <TrackedMethodRef uid="1" vc="2" />
                  </TrackedMethodRefs>
                </SequencePoint>
                <SequencePoint vc="0" uspid="78" ordinal="40" offset="364" sl="46" sc="13" el="46" ec="14" bec="0" bev="0" fileid="2" />
                <SequencePoint vc="0" uspid="79" ordinal="41" offset="365" sl="47" sc="17" el="47" ec="29" bec="0" bev="0" fileid="2" />
                <SequencePoint vc="2" uspid="80" ordinal="42" offset="373" sl="50" sc="18" el="50" ec="137" bec="2" bev="1" fileid="2">
                  <TrackedMethodRefs>
                    <TrackedMethodRef uid="1" vc="2" />
                  </TrackedMethodRefs>
                </SequencePoint>
                <SequencePoint vc="0" uspid="81" ordinal="43" offset="409" sl="51" sc="13" el="51" ec="14" bec="0" bev="0" fileid="2" />
                <SequencePoint vc="0" uspid="82" ordinal="44" offset="410" sl="52" sc="17" el="52" ec="29" bec="0" bev="0" fileid="2" />
                <SequencePoint vc="2" uspid="83" ordinal="45" offset="418" sl="55" sc="18" el="55" ec="166" bec="2" bev="1" fileid="2">
                  <TrackedMethodRefs>
                    <TrackedMethodRef uid="1" vc="2" />
                  </TrackedMethodRefs>
                </SequencePoint>
                <SequencePoint vc="0" uspid="84" ordinal="46" offset="461" sl="56" sc="13" el="56" ec="14" bec="0" bev="0" fileid="2" />
                <SequencePoint vc="0" uspid="85" ordinal="47" offset="462" sl="57" sc="17" el="57" ec="29" bec="0" bev="0" fileid="2" />
                <SequencePoint vc="2" uspid="86" ordinal="48" offset="470" sl="60" sc="18" el="60" ec="166" bec="2" bev="1" fileid="2">
                  <TrackedMethodRefs>
                    <TrackedMethodRef uid="1" vc="2" />
                  </TrackedMethodRefs>
                </SequencePoint>
                <SequencePoint vc="0" uspid="87" ordinal="49" offset="513" sl="61" sc="13" el="61" ec="14" bec="0" bev="0" fileid="2" />
                <SequencePoint vc="0" uspid="88" ordinal="50" offset="514" sl="62" sc="17" el="62" ec="29" bec="0" bev="0" fileid="2" />
                <SequencePoint vc="2" uspid="89" ordinal="51" offset="522" sl="65" sc="18" el="65" ec="108" bec="2" bev="1" fileid="2">
                  <TrackedMethodRefs>
                    <TrackedMethodRef uid="1" vc="2" />
                  </TrackedMethodRefs>
                </SequencePoint>
                <SequencePoint vc="0" uspid="90" ordinal="52" offset="551" sl="66" sc="13" el="66" ec="14" bec="0" bev="0" fileid="2" />
                <SequencePoint vc="0" uspid="91" ordinal="53" offset="552" sl="67" sc="17" el="67" ec="29" bec="0" bev="0" fileid="2" />
                <SequencePoint vc="2" uspid="92" ordinal="54" offset="560" sl="70" sc="18" el="70" ec="137" bec="2" bev="1" fileid="2">
                  <TrackedMethodRefs>
                    <TrackedMethodRef uid="1" vc="2" />
                  </TrackedMethodRefs>
                </SequencePoint>
                <SequencePoint vc="0" uspid="93" ordinal="55" offset="596" sl="71" sc="13" el="71" ec="14" bec="0" bev="0" fileid="2" />
                <SequencePoint vc="0" uspid="94" ordinal="56" offset="597" sl="72" sc="17" el="72" ec="29" bec="0" bev="0" fileid="2" />
                <SequencePoint vc="2" uspid="95" ordinal="57" offset="605" sl="75" sc="18" el="75" ec="137" bec="2" bev="1" fileid="2">
                  <TrackedMethodRefs>
                    <TrackedMethodRef uid="1" vc="2" />
                  </TrackedMethodRefs>
                </SequencePoint>
                <SequencePoint vc="0" uspid="96" ordinal="58" offset="641" sl="76" sc="13" el="76" ec="14" bec="0" bev="0" fileid="2" />
                <SequencePoint vc="0" uspid="97" ordinal="59" offset="642" sl="77" sc="17" el="77" ec="29" bec="0" bev="0" fileid="2" />
                <SequencePoint vc="2" uspid="98" ordinal="60" offset="650" sl="80" sc="18" el="81" ec="101" bec="2" bev="1" fileid="2">
                  <TrackedMethodRefs>
                    <TrackedMethodRef uid="1" vc="2" />
                  </TrackedMethodRefs>
                </SequencePoint>
                <SequencePoint vc="0" uspid="99" ordinal="61" offset="707" sl="82" sc="13" el="82" ec="14" bec="0" bev="0" fileid="2" />
                <SequencePoint vc="0" uspid="100" ordinal="62" offset="708" sl="83" sc="17" el="83" ec="29" bec="0" bev="0" fileid="2" />
                <SequencePoint vc="2" uspid="101" ordinal="63" offset="716" sl="86" sc="18" el="86" ec="79" bec="2" bev="2" fileid="2">
                  <TrackedMethodRefs>
                    <TrackedMethodRef uid="1" vc="2" />
                  </TrackedMethodRefs>
                </SequencePoint>
                <SequencePoint vc="1" uspid="102" ordinal="64" offset="741" sl="87" sc="13" el="87" ec="14" bec="0" bev="0" fileid="2">
                  <TrackedMethodRefs>
                    <TrackedMethodRef uid="1" vc="1" />
                  </TrackedMethodRefs>
                </SequencePoint>
                <SequencePoint vc="1" uspid="103" ordinal="65" offset="742" sl="88" sc="17" el="88" ec="49" bec="2" bev="1" fileid="2">
                  <TrackedMethodRefs>
                    <TrackedMethodRef uid="1" vc="1" />
                  </TrackedMethodRefs>
                </SequencePoint>
                <SequencePoint vc="1" uspid="104" ordinal="66" offset="754" sl="89" sc="17" el="89" ec="18" bec="0" bev="0" fileid="2">
                  <TrackedMethodRefs>
                    <TrackedMethodRef uid="1" vc="1" />
                  </TrackedMethodRefs>
                </SequencePoint>
                <SequencePoint vc="1" uspid="105" ordinal="67" offset="755" sl="90" sc="21" el="90" ec="33" bec="0" bev="0" fileid="2">
                  <TrackedMethodRefs>
                    <TrackedMethodRef uid="1" vc="1" />
                  </TrackedMethodRefs>
                </SequencePoint>
                <SequencePoint vc="0" uspid="106" ordinal="68" offset="763" sl="92" sc="22" el="92" ec="52" bec="2" bev="0" fileid="2" />
                <SequencePoint vc="0" uspid="107" ordinal="69" offset="776" sl="93" sc="17" el="93" ec="18" bec="0" bev="0" fileid="2" />
                <SequencePoint vc="0" uspid="108" ordinal="70" offset="777" sl="94" sc="21" el="94" ec="52" bec="2" bev="0" fileid="2" />
                <SequencePoint vc="0" uspid="109" ordinal="71" offset="789" sl="95" sc="21" el="95" ec="22" bec="0" bev="0" fileid="2" />
                <SequencePoint vc="0" uspid="110" ordinal="72" offset="790" sl="96" sc="25" el="96" ec="37" bec="0" bev="0" fileid="2" />
                <SequencePoint vc="0" uspid="111" ordinal="73" offset="798" sl="98" sc="26" el="98" ec="174" bec="2" bev="0" fileid="2" />
                <SequencePoint vc="0" uspid="112" ordinal="74" offset="841" sl="99" sc="21" el="99" ec="22" bec="0" bev="0" fileid="2" />
                <SequencePoint vc="0" uspid="113" ordinal="75" offset="842" sl="100" sc="25" el="100" ec="37" bec="0" bev="0" fileid="2" />
                <SequencePoint vc="0" uspid="114" ordinal="76" offset="850" sl="102" sc="26" el="102" ec="27" bec="0" bev="0" fileid="2" />
                <SequencePoint vc="0" uspid="115" ordinal="77" offset="851" sl="102" sc="28" el="102" ec="41" bec="0" bev="0" fileid="2" />
                <SequencePoint vc="0" uspid="116" ordinal="78" offset="859" sl="104" sc="22" el="105" ec="77" bec="2" bev="0" fileid="2" />
                <SequencePoint vc="0" uspid="117" ordinal="79" offset="909" sl="106" sc="17" el="106" ec="18" bec="0" bev="0" fileid="2" />
                <SequencePoint vc="0" uspid="118" ordinal="80" offset="910" sl="107" sc="21" el="108" ec="76" bec="2" bev="0" fileid="2" />
                <SequencePoint vc="0" uspid="119" ordinal="81" offset="953" sl="109" sc="21" el="109" ec="22" bec="0" bev="0" fileid="2" />
                <SequencePoint vc="0" uspid="120" ordinal="82" offset="954" sl="110" sc="25" el="110" ec="37" bec="0" bev="0" fileid="2" />
                <SequencePoint vc="0" uspid="121" ordinal="83" offset="962" sl="112" sc="26" el="113" ec="76" bec="2" bev="0" fileid="2" />
                <SequencePoint vc="0" uspid="122" ordinal="84" offset="1005" sl="114" sc="21" el="114" ec="22" bec="0" bev="0" fileid="2" />
                <SequencePoint vc="0" uspid="123" ordinal="85" offset="1006" sl="115" sc="25" el="115" ec="37" bec="0" bev="0" fileid="2" />
                <SequencePoint vc="0" uspid="124" ordinal="86" offset="1014" sl="117" sc="26" el="117" ec="27" bec="0" bev="0" fileid="2" />
                <SequencePoint vc="0" uspid="125" ordinal="87" offset="1015" sl="117" sc="28" el="117" ec="41" bec="0" bev="0" fileid="2" />
                <SequencePoint vc="0" uspid="126" ordinal="88" offset="1023" sl="119" sc="22" el="120" ec="76" bec="2" bev="0" fileid="2" />
                <SequencePoint vc="0" uspid="127" ordinal="89" offset="1066" sl="121" sc="17" el="121" ec="18" bec="0" bev="0" fileid="2" />
                <SequencePoint vc="0" uspid="128" ordinal="90" offset="1067" sl="122" sc="21" el="122" ec="33" bec="0" bev="0" fileid="2" />
                <SequencePoint vc="0" uspid="129" ordinal="91" offset="1075" sl="124" sc="22" el="124" ec="23" bec="0" bev="0" fileid="2" />
                <SequencePoint vc="0" uspid="130" ordinal="92" offset="1076" sl="124" sc="24" el="124" ec="37" bec="0" bev="0" fileid="2" />
                <SequencePoint vc="1" uspid="131" ordinal="93" offset="1084" sl="127" sc="18" el="127" ec="137" bec="2" bev="1" fileid="2">
                  <TrackedMethodRefs>
                    <TrackedMethodRef uid="1" vc="1" />
                  </TrackedMethodRefs>
                </SequencePoint>
                <SequencePoint vc="0" uspid="132" ordinal="94" offset="1120" sl="128" sc="13" el="128" ec="14" bec="0" bev="0" fileid="2" />
                <SequencePoint vc="0" uspid="133" ordinal="95" offset="1121" sl="129" sc="17" el="129" ec="78" bec="2" bev="0" fileid="2" />
                <SequencePoint vc="0" uspid="134" ordinal="96" offset="1143" sl="129" sc="79" el="129" ec="80" bec="0" bev="0" fileid="2" />
                <SequencePoint vc="0" uspid="135" ordinal="97" offset="1144" sl="129" sc="81" el="129" ec="93" bec="0" bev="0" fileid="2" />
                <SequencePoint vc="0" uspid="136" ordinal="98" offset="1152" sl="130" sc="22" el="130" ec="83" bec="2" bev="0" fileid="2" />
                <SequencePoint vc="0" uspid="137" ordinal="99" offset="1174" sl="130" sc="84" el="130" ec="85" bec="0" bev="0" fileid="2" />
                <SequencePoint vc="0" uspid="138" ordinal="100" offset="1175" sl="130" sc="86" el="130" ec="98" bec="0" bev="0" fileid="2" />
                <SequencePoint vc="0" uspid="139" ordinal="101" offset="1183" sl="131" sc="22" el="131" ec="170" bec="2" bev="0" fileid="2" />
                <SequencePoint vc="0" uspid="140" ordinal="102" offset="1226" sl="132" sc="17" el="132" ec="18" bec="0" bev="0" fileid="2" />
                <SequencePoint vc="0" uspid="141" ordinal="103" offset="1227" sl="132" sc="19" el="132" ec="31" bec="0" bev="0" fileid="2" />
                <SequencePoint vc="0" uspid="142" ordinal="104" offset="1235" sl="133" sc="22" el="133" ec="23" bec="0" bev="0" fileid="2" />
                <SequencePoint vc="0" uspid="143" ordinal="105" offset="1236" sl="133" sc="24" el="133" ec="37" bec="0" bev="0" fileid="2" />
                <SequencePoint vc="1" uspid="144" ordinal="106" offset="1244" sl="136" sc="18" el="137" ec="130" bec="2" bev="1" fileid="2">
                  <TrackedMethodRefs>
                    <TrackedMethodRef uid="1" vc="1" />
                  </TrackedMethodRefs>
                </SequencePoint>
                <SequencePoint vc="0" uspid="145" ordinal="107" offset="1308" sl="138" sc="13" el="138" ec="14" bec="0" bev="0" fileid="2" />
                <SequencePoint vc="0" uspid="146" ordinal="108" offset="1309" sl="139" sc="17" el="139" ec="29" bec="0" bev="0" fileid="2" />
                <SequencePoint vc="1" uspid="147" ordinal="109" offset="1317" sl="142" sc="18" el="142" ec="79" bec="2" bev="1" fileid="2">
                  <TrackedMethodRefs>
                    <TrackedMethodRef uid="1" vc="1" />
                  </TrackedMethodRefs>
                </SequencePoint>
                <SequencePoint vc="0" uspid="148" ordinal="110" offset="1339" sl="143" sc="13" el="143" ec="14" bec="0" bev="0" fileid="2" />
                <SequencePoint vc="0" uspid="149" ordinal="111" offset="1340" sl="144" sc="17" el="144" ec="78" bec="2" bev="0" fileid="2" />
                <SequencePoint vc="0" uspid="150" ordinal="112" offset="1362" sl="145" sc="17" el="145" ec="18" bec="0" bev="0" fileid="2" />
                <SequencePoint vc="0" uspid="151" ordinal="113" offset="1363" sl="146" sc="21" el="146" ec="33" bec="0" bev="0" fileid="2" />
                <SequencePoint vc="0" uspid="152" ordinal="114" offset="1371" sl="148" sc="22" el="149" ec="79" bec="2" bev="0" fileid="2" />
                <SequencePoint vc="0" uspid="153" ordinal="115" offset="1421" sl="150" sc="17" el="150" ec="18" bec="0" bev="0" fileid="2" />
                <SequencePoint vc="0" uspid="154" ordinal="116" offset="1422" sl="151" sc="21" el="151" ec="33" bec="0" bev="0" fileid="2" />
                <SequencePoint vc="0" uspid="155" ordinal="117" offset="1430" sl="153" sc="22" el="153" ec="23" bec="0" bev="0" fileid="2" />
                <SequencePoint vc="0" uspid="156" ordinal="118" offset="1431" sl="153" sc="24" el="153" ec="37" bec="0" bev="0" fileid="2" />
                <SequencePoint vc="1" uspid="157" ordinal="119" offset="1439" sl="156" sc="18" el="157" ec="159" bec="2" bev="1" fileid="2">
                  <TrackedMethodRefs>
                    <TrackedMethodRef uid="1" vc="1" />
                  </TrackedMethodRefs>
                </SequencePoint>
                <SequencePoint vc="0" uspid="158" ordinal="120" offset="1510" sl="158" sc="13" el="158" ec="14" bec="0" bev="0" fileid="2" />
                <SequencePoint vc="0" uspid="159" ordinal="121" offset="1511" sl="159" sc="17" el="159" ec="29" bec="0" bev="0" fileid="2" />
                <SequencePoint vc="1" uspid="160" ordinal="122" offset="1519" sl="162" sc="18" el="162" ec="108" bec="2" bev="1" fileid="2">
                  <TrackedMethodRefs>
                    <TrackedMethodRef uid="1" vc="1" />
                  </TrackedMethodRefs>
                </SequencePoint>
                <SequencePoint vc="0" uspid="161" ordinal="123" offset="1548" sl="163" sc="13" el="163" ec="14" bec="0" bev="0" fileid="2" />
                <SequencePoint vc="0" uspid="162" ordinal="124" offset="1549" sl="164" sc="17" el="164" ec="29" bec="0" bev="0" fileid="2" />
                <SequencePoint vc="1" uspid="163" ordinal="125" offset="1557" sl="167" sc="18" el="167" ec="137" bec="2" bev="1" fileid="2">
                  <TrackedMethodRefs>
                    <TrackedMethodRef uid="1" vc="1" />
                  </TrackedMethodRefs>
                </SequencePoint>
                <SequencePoint vc="0" uspid="164" ordinal="126" offset="1593" sl="168" sc="13" el="168" ec="14" bec="0" bev="0" fileid="2" />
                <SequencePoint vc="0" uspid="165" ordinal="127" offset="1594" sl="169" sc="17" el="169" ec="29" bec="0" bev="0" fileid="2" />
                <SequencePoint vc="1" uspid="166" ordinal="128" offset="1602" sl="172" sc="18" el="172" ec="108" bec="2" bev="1" fileid="2">
                  <TrackedMethodRefs>
                    <TrackedMethodRef uid="1" vc="1" />
                  </TrackedMethodRefs>
                </SequencePoint>
                <SequencePoint vc="0" uspid="167" ordinal="129" offset="1631" sl="173" sc="13" el="173" ec="14" bec="0" bev="0" fileid="2" />
                <SequencePoint vc="0" uspid="168" ordinal="130" offset="1632" sl="174" sc="17" el="174" ec="29" bec="0" bev="0" fileid="2" />
                <SequencePoint vc="1" uspid="169" ordinal="131" offset="1640" sl="177" sc="18" el="178" ec="104" bec="2" bev="1" fileid="2">
                  <TrackedMethodRefs>
                    <TrackedMethodRef uid="1" vc="1" />
                  </TrackedMethodRefs>
                </SequencePoint>
                <SequencePoint vc="0" uspid="170" ordinal="132" offset="1697" sl="179" sc="13" el="179" ec="14" bec="0" bev="0" fileid="2" />
                <SequencePoint vc="0" uspid="171" ordinal="133" offset="1698" sl="180" sc="17" el="180" ec="29" bec="0" bev="0" fileid="2" />
                <SequencePoint vc="1" uspid="172" ordinal="134" offset="1706" sl="183" sc="18" el="184" ec="159" bec="2" bev="1" fileid="2">
                  <TrackedMethodRefs>
                    <TrackedMethodRef uid="1" vc="1" />
                  </TrackedMethodRefs>
                </SequencePoint>
                <SequencePoint vc="0" uspid="173" ordinal="135" offset="1777" sl="185" sc="13" el="185" ec="14" bec="0" bev="0" fileid="2" />
                <SequencePoint vc="0" uspid="174" ordinal="136" offset="1778" sl="186" sc="17" el="186" ec="29" bec="0" bev="0" fileid="2" />
                <SequencePoint vc="1" uspid="175" ordinal="137" offset="1786" sl="190" sc="18" el="190" ec="50" bec="2" bev="1" fileid="2">
                  <TrackedMethodRefs>
                    <TrackedMethodRef uid="1" vc="1" />
                  </TrackedMethodRefs>
                </SequencePoint>
                <SequencePoint vc="1" uspid="176" ordinal="138" offset="1804" sl="191" sc="13" el="191" ec="14" bec="0" bev="0" fileid="2">
                  <TrackedMethodRefs>
                    <TrackedMethodRef uid="1" vc="1" />
                  </TrackedMethodRefs>
                </SequencePoint>
                <SequencePoint vc="1" uspid="177" ordinal="139" offset="1805" sl="193" sc="17" el="193" ec="47" bec="2" bev="1" fileid="2">
                  <TrackedMethodRefs>
                    <TrackedMethodRef uid="1" vc="1" />
                  </TrackedMethodRefs>
                </SequencePoint>
                <SequencePoint vc="1" uspid="178" ordinal="140" offset="1818" sl="194" sc="17" el="194" ec="18" bec="0" bev="0" fileid="2">
                  <TrackedMethodRefs>
                    <TrackedMethodRef uid="1" vc="1" />
                  </TrackedMethodRefs>
                </SequencePoint>
                <SequencePoint vc="1" uspid="179" ordinal="141" offset="1819" sl="195" sc="21" el="195" ec="79" bec="0" bev="0" fileid="2">
                  <TrackedMethodRefs>
                    <TrackedMethodRef uid="1" vc="1" />
                  </TrackedMethodRefs>
                </SequencePoint>
                <SequencePoint vc="1" uspid="180" ordinal="142" offset="1831" sl="196" sc="26" el="196" ec="35" bec="0" bev="0" fileid="2">
                  <TrackedMethodRefs>
                    <TrackedMethodRef uid="1" vc="1" />
                  </TrackedMethodRefs>
                </SequencePoint>
                <SequencePoint vc="0" uspid="181" ordinal="143" offset="1836" sl="196" sc="74" el="196" ec="75" bec="0" bev="0" fileid="2" />
                <SequencePoint vc="0" uspid="182" ordinal="144" offset="1837" sl="196" sc="76" el="196" ec="123" bec="0" bev="0" fileid="2" />
                <SequencePoint vc="0" uspid="183" ordinal="145" offset="1848" sl="196" sc="124" el="196" ec="125" bec="0" bev="0" fileid="2" />
                <SequencePoint vc="0" uspid="184" ordinal="146" offset="1849" sl="196" sc="69" el="196" ec="72" bec="0" bev="0" fileid="2" />
                <SequencePoint vc="1" uspid="185" ordinal="147" offset="1855" sl="196" sc="37" el="196" ec="67" bec="2" bev="1" fileid="2">
                  <TrackedMethodRefs>
                    <TrackedMethodRef uid="1" vc="1" />
                  </TrackedMethodRefs>
                </SequencePoint>
                <SequencePoint vc="1" uspid="186" ordinal="148" offset="1870" sl="197" sc="17" el="197" ec="18" bec="0" bev="0" fileid="2">
                  <TrackedMethodRefs>
                    <TrackedMethodRef uid="1" vc="1" />
                  </TrackedMethodRefs>
                </SequencePoint>
                <SequencePoint vc="0" uspid="187" ordinal="149" offset="1873" sl="199" sc="17" el="199" ec="18" bec="0" bev="0" fileid="2" />
                <SequencePoint vc="0" uspid="188" ordinal="150" offset="1874" sl="200" sc="21" el="200" ec="58" bec="0" bev="0" fileid="2" />
                <SequencePoint vc="0" uspid="189" ordinal="151" offset="1877" sl="201" sc="17" el="201" ec="18" bec="0" bev="0" fileid="2" />
                <SequencePoint vc="1" uspid="190" ordinal="152" offset="1878" sl="203" sc="17" el="203" ec="52" bec="2" bev="1" fileid="2">
                  <TrackedMethodRefs>
                    <TrackedMethodRef uid="1" vc="1" />
                  </TrackedMethodRefs>
                </SequencePoint>
                <SequencePoint vc="1" uspid="191" ordinal="153" offset="1890" sl="204" sc="17" el="204" ec="18" bec="0" bev="0" fileid="2">
                  <TrackedMethodRefs>
                    <TrackedMethodRef uid="1" vc="1" />
                  </TrackedMethodRefs>
                </SequencePoint>
                <SequencePoint vc="1" uspid="192" ordinal="154" offset="1891" sl="205" sc="21" el="205" ec="33" bec="0" bev="0" fileid="2">
                  <TrackedMethodRefs>
                    <TrackedMethodRef uid="1" vc="1" />
                  </TrackedMethodRefs>
                </SequencePoint>
                <SequencePoint vc="0" uspid="193" ordinal="155" offset="1899" sl="208" sc="22" el="208" ec="89" bec="2" bev="0" fileid="2" />
                <SequencePoint vc="0" uspid="194" ordinal="156" offset="1923" sl="209" sc="17" el="209" ec="18" bec="0" bev="0" fileid="2" />
                <SequencePoint vc="0" uspid="195" ordinal="157" offset="1924" sl="210" sc="21" el="210" ec="33" bec="0" bev="0" fileid="2" />
                <SequencePoint vc="0" uspid="196" ordinal="158" offset="1932" sl="213" sc="22" el="213" ec="89" bec="2" bev="0" fileid="2" />
                <SequencePoint vc="0" uspid="197" ordinal="159" offset="1956" sl="214" sc="17" el="214" ec="18" bec="0" bev="0" fileid="2" />
                <SequencePoint vc="0" uspid="198" ordinal="160" offset="1957" sl="215" sc="21" el="215" ec="56" bec="2" bev="0" fileid="2" />
                <SequencePoint vc="0" uspid="199" ordinal="161" offset="1970" sl="215" sc="57" el="215" ec="58" bec="0" bev="0" fileid="2" />
                <SequencePoint vc="0" uspid="200" ordinal="162" offset="1971" sl="215" sc="59" el="215" ec="71" bec="0" bev="0" fileid="2" />
                <SequencePoint vc="0" uspid="201" ordinal="163" offset="1979" sl="216" sc="26" el="216" ec="125" bec="2" bev="0" fileid="2" />
                <SequencePoint vc="0" uspid="202" ordinal="164" offset="2011" sl="217" sc="21" el="217" ec="22" bec="0" bev="0" fileid="2" />
                <SequencePoint vc="0" uspid="203" ordinal="165" offset="2012" sl="217" sc="23" el="217" ec="35" bec="0" bev="0" fileid="2" />
                <SequencePoint vc="0" uspid="204" ordinal="166" offset="2017" sl="218" sc="26" el="218" ec="27" bec="0" bev="0" fileid="2" />
                <SequencePoint vc="0" uspid="205" ordinal="167" offset="2018" sl="218" sc="28" el="218" ec="41" bec="0" bev="0" fileid="2" />
                <SequencePoint vc="0" uspid="206" ordinal="168" offset="2023" sl="221" sc="22" el="221" ec="89" bec="2" bev="0" fileid="2" />
                <SequencePoint vc="0" uspid="207" ordinal="169" offset="2047" sl="222" sc="17" el="222" ec="18" bec="0" bev="0" fileid="2" />
                <SequencePoint vc="0" uspid="208" ordinal="170" offset="2048" sl="223" sc="21" el="223" ec="56" bec="2" bev="0" fileid="2" />
                <SequencePoint vc="0" uspid="209" ordinal="171" offset="2061" sl="223" sc="57" el="223" ec="58" bec="0" bev="0" fileid="2" />
                <SequencePoint vc="0" uspid="210" ordinal="172" offset="2062" sl="223" sc="59" el="223" ec="71" bec="0" bev="0" fileid="2" />
                <SequencePoint vc="0" uspid="211" ordinal="173" offset="2067" sl="224" sc="26" el="224" ec="189" bec="2" bev="0" fileid="2" />
                <SequencePoint vc="0" uspid="212" ordinal="174" offset="2115" sl="225" sc="21" el="225" ec="22" bec="0" bev="0" fileid="2" />
                <SequencePoint vc="0" uspid="213" ordinal="175" offset="2116" sl="226" sc="25" el="226" ec="37" bec="0" bev="0" fileid="2" />
                <SequencePoint vc="0" uspid="214" ordinal="176" offset="2121" sl="228" sc="26" el="228" ec="27" bec="0" bev="0" fileid="2" />
                <SequencePoint vc="0" uspid="215" ordinal="177" offset="2122" sl="228" sc="28" el="228" ec="41" bec="0" bev="0" fileid="2" />
                <SequencePoint vc="0" uspid="216" ordinal="178" offset="2127" sl="230" sc="22" el="230" ec="23" bec="0" bev="0" fileid="2" />
                <SequencePoint vc="0" uspid="217" ordinal="179" offset="2128" sl="230" sc="24" el="230" ec="37" bec="0" bev="0" fileid="2" />
                <SequencePoint vc="0" uspid="218" ordinal="180" offset="2133" sl="232" sc="18" el="232" ec="19" bec="0" bev="0" fileid="2" />
                <SequencePoint vc="0" uspid="219" ordinal="181" offset="2134" sl="232" sc="20" el="232" ec="33" bec="0" bev="0" fileid="2" />
                <SequencePoint vc="11" uspid="220" ordinal="182" offset="2139" sl="234" sc="9" el="234" ec="10" bec="0" bev="0" fileid="2">
                  <TrackedMethodRefs>
                    <TrackedMethodRef uid="1" vc="11" />
                  </TrackedMethodRefs>
                </SequencePoint>
              </SequencePoints>
              <BranchPoints>
                <BranchPoint vc="0" uspid="221" ordinal="0" offset="19" sl="18" path="0" offsetend="21" fileid="2" />
                <BranchPoint vc="11" uspid="222" ordinal="1" offset="19" sl="18" path="1" offsetend="30" fileid="2">
                  <TrackedMethodRefs>
                    <TrackedMethodRef uid="1" vc="11" />
                  </TrackedMethodRefs>
                </BranchPoint>
                <BranchPoint vc="11" uspid="235" ordinal="14" offset="86" sl="20" path="0" offsetend="88" fileid="2">
                  <TrackedMethodRefs>
                    <TrackedMethodRef uid="1" vc="11" />
                  </TrackedMethodRefs>
                </BranchPoint>
                <BranchPoint vc="0" uspid="236" ordinal="15" offset="86" sl="20" path="1" offsetend="147" fileid="2" />
                <BranchPoint vc="11" uspid="237" ordinal="16" offset="142" sl="24" path="0" offsetend="144" fileid="2">
                  <TrackedMethodRefs>
                    <TrackedMethodRef uid="1" vc="11" />
                  </TrackedMethodRefs>
                </BranchPoint>
                <BranchPoint vc="6" uspid="238" ordinal="17" offset="142" sl="24" path="1" offsetend="108" fileid="2">
                  <TrackedMethodRefs>
                    <TrackedMethodRef uid="1" vc="6" />
                  </TrackedMethodRefs>
                </BranchPoint>
                <BranchPoint vc="7" uspid="239" ordinal="18" offset="169" sl="28" path="0" offsetend="171" fileid="2">
                  <TrackedMethodRefs>
                    <TrackedMethodRef uid="1" vc="7" />
                  </TrackedMethodRefs>
                </BranchPoint>
                <BranchPoint vc="4" uspid="240" ordinal="19" offset="169" sl="28" path="1" offsetend="180" fileid="2">
                  <TrackedMethodRefs>
                    <TrackedMethodRef uid="1" vc="4" />
                  </TrackedMethodRefs>
                </BranchPoint>
                <BranchPoint vc="4" uspid="243" ordinal="22" offset="201" sl="29" path="0" offsetend="203" fileid="2">
                  <TrackedMethodRefs>
                    <TrackedMethodRef uid="1" vc="4" />
                  </TrackedMethodRefs>
                </BranchPoint>
                <BranchPoint vc="0" uspid="244" ordinal="23" offset="201" sl="29" path="1" offsetend="262" fileid="2" />
                <BranchPoint vc="4" uspid="245" ordinal="24" offset="257" sl="32" path="0" offsetend="259" fileid="2">
                  <TrackedMethodRefs>
                    <TrackedMethodRef uid="1" vc="4" />
                  </TrackedMethodRefs>
                </BranchPoint>
                <BranchPoint vc="2" uspid="246" ordinal="25" offset="257" sl="32" path="1" offsetend="223" fileid="2">
                  <TrackedMethodRefs>
                    <TrackedMethodRef uid="1" vc="2" />
                  </TrackedMethodRefs>
                </BranchPoint>
                <BranchPoint vc="2" uspid="247" ordinal="26" offset="279" sl="37" path="0" offsetend="281" fileid="2">
                  <TrackedMethodRefs>
                    <TrackedMethodRef uid="1" vc="2" />
                  </TrackedMethodRefs>
                </BranchPoint>
                <BranchPoint vc="2" uspid="248" ordinal="27" offset="279" sl="37" path="1" offsetend="290" fileid="2">
                  <TrackedMethodRefs>
                    <TrackedMethodRef uid="1" vc="2" />
                  </TrackedMethodRefs>
                </BranchPoint>
                <BranchPoint vc="0" uspid="251" ordinal="30" offset="310" sl="40" path="0" offsetend="312" fileid="2" />
                <BranchPoint vc="2" uspid="252" ordinal="31" offset="310" sl="40" path="1" offsetend="321" fileid="2">
                  <TrackedMethodRefs>
                    <TrackedMethodRef uid="1" vc="2" />
                  </TrackedMethodRefs>
                </BranchPoint>
                <BranchPoint vc="0" uspid="261" ordinal="40" offset="362" sl="45" path="0" offsetend="364" fileid="2" />
                <BranchPoint vc="2" uspid="262" ordinal="41" offset="362" sl="45" path="1" offsetend="373" fileid="2">
                  <TrackedMethodRefs>
                    <TrackedMethodRef uid="1" vc="2" />
                  </TrackedMethodRefs>
                </BranchPoint>
                <BranchPoint vc="0" uspid="269" ordinal="48" offset="407" sl="50" path="0" offsetend="409" fileid="2" />
                <BranchPoint vc="2" uspid="270" ordinal="49" offset="407" sl="50" path="1" offsetend="418" fileid="2">
                  <TrackedMethodRefs>
                    <TrackedMethodRef uid="1" vc="2" />
                  </TrackedMethodRefs>
                </BranchPoint>
                <BranchPoint vc="0" uspid="279" ordinal="58" offset="459" sl="55" path="0" offsetend="461" fileid="2" />
                <BranchPoint vc="2" uspid="280" ordinal="59" offset="459" sl="55" path="1" offsetend="470" fileid="2">
                  <TrackedMethodRefs>
                    <TrackedMethodRef uid="1" vc="2" />
                  </TrackedMethodRefs>
                </BranchPoint>
                <BranchPoint vc="0" uspid="289" ordinal="68" offset="511" sl="60" path="0" offsetend="513" fileid="2" />
                <BranchPoint vc="2" uspid="290" ordinal="69" offset="511" sl="60" path="1" offsetend="522" fileid="2">
                  <TrackedMethodRefs>
                    <TrackedMethodRef uid="1" vc="2" />
                  </TrackedMethodRefs>
                </BranchPoint>
                <BranchPoint vc="0" uspid="295" ordinal="74" offset="549" sl="65" path="0" offsetend="551" fileid="2" />
                <BranchPoint vc="2" uspid="296" ordinal="75" offset="549" sl="65" path="1" offsetend="560" fileid="2">
                  <TrackedMethodRefs>
                    <TrackedMethodRef uid="1" vc="2" />
                  </TrackedMethodRefs>
                </BranchPoint>
                <BranchPoint vc="0" uspid="303" ordinal="82" offset="594" sl="70" path="0" offsetend="596" fileid="2" />
                <BranchPoint vc="2" uspid="304" ordinal="83" offset="594" sl="70" path="1" offsetend="605" fileid="2">
                  <TrackedMethodRefs>
                    <TrackedMethodRef uid="1" vc="2" />
                  </TrackedMethodRefs>
                </BranchPoint>
                <BranchPoint vc="0" uspid="311" ordinal="90" offset="639" sl="75" path="0" offsetend="641" fileid="2" />
                <BranchPoint vc="2" uspid="312" ordinal="91" offset="639" sl="75" path="1" offsetend="650" fileid="2">
                  <TrackedMethodRefs>
                    <TrackedMethodRef uid="1" vc="2" />
                  </TrackedMethodRefs>
                </BranchPoint>
                <BranchPoint vc="0" uspid="325" ordinal="104" offset="705" sl="80" path="0" offsetend="707" fileid="2" />
                <BranchPoint vc="2" uspid="326" ordinal="105" offset="705" sl="80" path="1" offsetend="716" fileid="2">
                  <TrackedMethodRefs>
                    <TrackedMethodRef uid="1" vc="2" />
                  </TrackedMethodRefs>
                </BranchPoint>
                <BranchPoint vc="1" uspid="329" ordinal="108" offset="736" sl="86" path="0" offsetend="741" fileid="2">
                  <TrackedMethodRefs>
                    <TrackedMethodRef uid="1" vc="1" />
                  </TrackedMethodRefs>
                </BranchPoint>
                <BranchPoint vc="1" uspid="330" ordinal="109" offset="736" sl="86" path="1" offsetend="1084" fileid="2">
                  <TrackedMethodRefs>
                    <TrackedMethodRef uid="1" vc="1" />
                  </TrackedMethodRefs>
                </BranchPoint>
                <BranchPoint vc="1" uspid="331" ordinal="110" offset="752" sl="88" path="0" offsetend="754" fileid="2">
                  <TrackedMethodRefs>
                    <TrackedMethodRef uid="1" vc="1" />
[...]
                  <TrackedMethodRefs>
                    <TrackedMethodRef uid="12" vc="1" />
                  </TrackedMethodRefs>
                </SequencePoint>
                <SequencePoint vc="1" uspid="2710" ordinal="27" offset="619" sl="45" sc="13" el="45" ec="61" bec="0" bev="0" fileid="17">
                  <TrackedMethodRefs>
                    <TrackedMethodRef uid="12" vc="1" />
                  </TrackedMethodRefs>
                </SequencePoint>
                <SequencePoint vc="1" uspid="2711" ordinal="28" offset="642" sl="46" sc="13" el="46" ec="61" bec="0" bev="0" fileid="17">
                  <TrackedMethodRefs>
                    <TrackedMethodRef uid="12" vc="1" />
                  </TrackedMethodRefs>
                </SequencePoint>
                <SequencePoint vc="1" uspid="2712" ordinal="29" offset="665" sl="47" sc="13" el="47" ec="99" bec="0" bev="0" fileid="17">
                  <TrackedMethodRefs>
                    <TrackedMethodRef uid="12" vc="1" />
                  </TrackedMethodRefs>
                </SequencePoint>
                <SequencePoint vc="1" uspid="2713" ordinal="30" offset="693" sl="48" sc="13" el="48" ec="61" bec="0" bev="0" fileid="17">
                  <TrackedMethodRefs>
                    <TrackedMethodRef uid="12" vc="1" />
                  </TrackedMethodRefs>
                </SequencePoint>
                <SequencePoint vc="1" uspid="2714" ordinal="31" offset="716" sl="49" sc="13" el="49" ec="61" bec="0" bev="0" fileid="17">
                  <TrackedMethodRefs>
                    <TrackedMethodRef uid="12" vc="1" />
                  </TrackedMethodRefs>
                </SequencePoint>
                <SequencePoint vc="1" uspid="2715" ordinal="32" offset="739" sl="50" sc="13" el="50" ec="61" bec="0" bev="0" fileid="17">
                  <TrackedMethodRefs>
                    <TrackedMethodRef uid="12" vc="1" />
                  </TrackedMethodRefs>
                </SequencePoint>
                <SequencePoint vc="1" uspid="2716" ordinal="33" offset="762" sl="51" sc="13" el="51" ec="61" bec="0" bev="0" fileid="17">
                  <TrackedMethodRefs>
                    <TrackedMethodRef uid="12" vc="1" />
                  </TrackedMethodRefs>
                </SequencePoint>
                <SequencePoint vc="1" uspid="2717" ordinal="34" offset="785" sl="52" sc="13" el="52" ec="61" bec="0" bev="0" fileid="17">
                  <TrackedMethodRefs>
                    <TrackedMethodRef uid="12" vc="1" />
                  </TrackedMethodRefs>
                </SequencePoint>
                <SequencePoint vc="1" uspid="2718" ordinal="35" offset="808" sl="53" sc="13" el="53" ec="61" bec="0" bev="0" fileid="17">
                  <TrackedMethodRefs>
                    <TrackedMethodRef uid="12" vc="1" />
                  </TrackedMethodRefs>
                </SequencePoint>
                <SequencePoint vc="1" uspid="2719" ordinal="36" offset="831" sl="54" sc="13" el="54" ec="99" bec="0" bev="0" fileid="17">
                  <TrackedMethodRefs>
                    <TrackedMethodRef uid="12" vc="1" />
                  </TrackedMethodRefs>
                </SequencePoint>
                <SequencePoint vc="1" uspid="2720" ordinal="37" offset="859" sl="55" sc="13" el="55" ec="61" bec="0" bev="0" fileid="17">
                  <TrackedMethodRefs>
                    <TrackedMethodRef uid="12" vc="1" />
                  </TrackedMethodRefs>
                </SequencePoint>
                <SequencePoint vc="1" uspid="2721" ordinal="38" offset="882" sl="56" sc="13" el="56" ec="61" bec="0" bev="0" fileid="17">
                  <TrackedMethodRefs>
                    <TrackedMethodRef uid="12" vc="1" />
                  </TrackedMethodRefs>
                </SequencePoint>
                <SequencePoint vc="1" uspid="2722" ordinal="39" offset="905" sl="57" sc="13" el="57" ec="61" bec="0" bev="0" fileid="17">
                  <TrackedMethodRefs>
                    <TrackedMethodRef uid="12" vc="1" />
                  </TrackedMethodRefs>
                </SequencePoint>
                <SequencePoint vc="1" uspid="2723" ordinal="40" offset="928" sl="58" sc="13" el="58" ec="61" bec="0" bev="0" fileid="17">
                  <TrackedMethodRefs>
                    <TrackedMethodRef uid="12" vc="1" />
                  </TrackedMethodRefs>
                </SequencePoint>
                <SequencePoint vc="1" uspid="2724" ordinal="41" offset="951" sl="59" sc="13" el="59" ec="61" bec="0" bev="0" fileid="17">
                  <TrackedMethodRefs>
                    <TrackedMethodRef uid="12" vc="1" />
                  </TrackedMethodRefs>
                </SequencePoint>
                <SequencePoint vc="1" uspid="2725" ordinal="42" offset="974" sl="60" sc="13" el="60" ec="61" bec="0" bev="0" fileid="17">
                  <TrackedMethodRefs>
                    <TrackedMethodRef uid="12" vc="1" />
                  </TrackedMethodRefs>
                </SequencePoint>
                <SequencePoint vc="1" uspid="2726" ordinal="43" offset="997" sl="61" sc="13" el="61" ec="99" bec="0" bev="0" fileid="17">
                  <TrackedMethodRefs>
                    <TrackedMethodRef uid="12" vc="1" />
                  </TrackedMethodRefs>
                </SequencePoint>
                <SequencePoint vc="1" uspid="2727" ordinal="44" offset="1025" sl="62" sc="13" el="62" ec="61" bec="0" bev="0" fileid="17">
                  <TrackedMethodRefs>
                    <TrackedMethodRef uid="12" vc="1" />
                  </TrackedMethodRefs>
                </SequencePoint>
                <SequencePoint vc="1" uspid="2728" ordinal="45" offset="1048" sl="63" sc="13" el="63" ec="61" bec="0" bev="0" fileid="17">
                  <TrackedMethodRefs>
                    <TrackedMethodRef uid="12" vc="1" />
                  </TrackedMethodRefs>
                </SequencePoint>
                <SequencePoint vc="1" uspid="2729" ordinal="46" offset="1071" sl="64" sc="13" el="64" ec="61" bec="0" bev="0" fileid="17">
                  <TrackedMethodRefs>
                    <TrackedMethodRef uid="12" vc="1" />
                  </TrackedMethodRefs>
                </SequencePoint>
                <SequencePoint vc="1" uspid="2730" ordinal="47" offset="1094" sl="65" sc="13" el="65" ec="61" bec="0" bev="0" fileid="17">
                  <TrackedMethodRefs>
                    <TrackedMethodRef uid="12" vc="1" />
                  </TrackedMethodRefs>
                </SequencePoint>
                <SequencePoint vc="1" uspid="2731" ordinal="48" offset="1117" sl="66" sc="13" el="66" ec="61" bec="0" bev="0" fileid="17">
                  <TrackedMethodRefs>
                    <TrackedMethodRef uid="12" vc="1" />
                  </TrackedMethodRefs>
                </SequencePoint>
                <SequencePoint vc="1" uspid="2732" ordinal="49" offset="1140" sl="67" sc="13" el="67" ec="61" bec="0" bev="0" fileid="17">
                  <TrackedMethodRefs>
                    <TrackedMethodRef uid="12" vc="1" />
                  </TrackedMethodRefs>
                </SequencePoint>
                <SequencePoint vc="1" uspid="2733" ordinal="50" offset="1163" sl="68" sc="13" el="68" ec="99" bec="0" bev="0" fileid="17">
                  <TrackedMethodRefs>
                    <TrackedMethodRef uid="12" vc="1" />
                  </TrackedMethodRefs>
                </SequencePoint>
                <SequencePoint vc="1" uspid="2734" ordinal="51" offset="1191" sl="69" sc="13" el="69" ec="61" bec="0" bev="0" fileid="17">
                  <TrackedMethodRefs>
                    <TrackedMethodRef uid="12" vc="1" />
                  </TrackedMethodRefs>
                </SequencePoint>
                <SequencePoint vc="1" uspid="2735" ordinal="52" offset="1214" sl="70" sc="13" el="70" ec="61" bec="0" bev="0" fileid="17">
                  <TrackedMethodRefs>
                    <TrackedMethodRef uid="12" vc="1" />
                  </TrackedMethodRefs>
                </SequencePoint>
                <SequencePoint vc="1" uspid="2736" ordinal="53" offset="1237" sl="71" sc="13" el="71" ec="61" bec="0" bev="0" fileid="17">
                  <TrackedMethodRefs>
                    <TrackedMethodRef uid="12" vc="1" />
                  </TrackedMethodRefs>
                </SequencePoint>
                <SequencePoint vc="1" uspid="2737" ordinal="54" offset="1260" sl="72" sc="13" el="72" ec="61" bec="0" bev="0" fileid="17">
                  <TrackedMethodRefs>
                    <TrackedMethodRef uid="12" vc="1" />
                  </TrackedMethodRefs>
                </SequencePoint>
                <SequencePoint vc="1" uspid="2738" ordinal="55" offset="1283" sl="73" sc="13" el="73" ec="61" bec="0" bev="0" fileid="17">
                  <TrackedMethodRefs>
                    <TrackedMethodRef uid="12" vc="1" />
                  </TrackedMethodRefs>
                </SequencePoint>
                <SequencePoint vc="1" uspid="2739" ordinal="56" offset="1306" sl="74" sc="13" el="74" ec="61" bec="0" bev="0" fileid="17">
                  <TrackedMethodRefs>
                    <TrackedMethodRef uid="12" vc="1" />
                  </TrackedMethodRefs>
                </SequencePoint>
                <SequencePoint vc="1" uspid="2740" ordinal="57" offset="1329" sl="75" sc="13" el="75" ec="103" bec="0" bev="0" fileid="17">
                  <TrackedMethodRefs>
                    <TrackedMethodRef uid="12" vc="1" />
                  </TrackedMethodRefs>
                </SequencePoint>
                <SequencePoint vc="1" uspid="2741" ordinal="58" offset="1357" sl="76" sc="13" el="76" ec="61" bec="0" bev="0" fileid="17">
                  <TrackedMethodRefs>
                    <TrackedMethodRef uid="12" vc="1" />
                  </TrackedMethodRefs>
                </SequencePoint>
                <SequencePoint vc="1" uspid="2742" ordinal="59" offset="1380" sl="77" sc="13" el="77" ec="61" bec="0" bev="0" fileid="17">
                  <TrackedMethodRefs>
                    <TrackedMethodRef uid="12" vc="1" />
                  </TrackedMethodRefs>
                </SequencePoint>
                <SequencePoint vc="1" uspid="2743" ordinal="60" offset="1403" sl="78" sc="13" el="78" ec="61" bec="0" bev="0" fileid="17">
                  <TrackedMethodRefs>
                    <TrackedMethodRef uid="12" vc="1" />
                  </TrackedMethodRefs>
                </SequencePoint>
                <SequencePoint vc="1" uspid="2744" ordinal="61" offset="1426" sl="79" sc="13" el="79" ec="61" bec="0" bev="0" fileid="17">
                  <TrackedMethodRefs>
                    <TrackedMethodRef uid="12" vc="1" />
                  </TrackedMethodRefs>
                </SequencePoint>
                <SequencePoint vc="1" uspid="2745" ordinal="62" offset="1449" sl="80" sc="13" el="80" ec="61" bec="0" bev="0" fileid="17">
                  <TrackedMethodRefs>
                    <TrackedMethodRef uid="12" vc="1" />
                  </TrackedMethodRefs>
                </SequencePoint>
                <SequencePoint vc="1" uspid="2746" ordinal="63" offset="1472" sl="81" sc="13" el="81" ec="61" bec="0" bev="0" fileid="17">
                  <TrackedMethodRefs>
                    <TrackedMethodRef uid="12" vc="1" />
                  </TrackedMethodRefs>
                </SequencePoint>
                <SequencePoint vc="1" uspid="2747" ordinal="64" offset="1495" sl="82" sc="13" el="82" ec="101" bec="0" bev="0" fileid="17">
                  <TrackedMethodRefs>
                    <TrackedMethodRef uid="12" vc="1" />
                  </TrackedMethodRefs>
                </SequencePoint>
                <SequencePoint vc="1" uspid="2748" ordinal="65" offset="1523" sl="83" sc="13" el="83" ec="61" bec="0" bev="0" fileid="17">
                  <TrackedMethodRefs>
                    <TrackedMethodRef uid="12" vc="1" />
                  </TrackedMethodRefs>
                </SequencePoint>
                <SequencePoint vc="1" uspid="2749" ordinal="66" offset="1546" sl="84" sc="13" el="84" ec="61" bec="0" bev="0" fileid="17">
                  <TrackedMethodRefs>
                    <TrackedMethodRef uid="12" vc="1" />
                  </TrackedMethodRefs>
                </SequencePoint>
                <SequencePoint vc="1" uspid="2750" ordinal="67" offset="1569" sl="85" sc="13" el="85" ec="61" bec="0" bev="0" fileid="17">
                  <TrackedMethodRefs>
                    <TrackedMethodRef uid="12" vc="1" />
                  </TrackedMethodRefs>
                </SequencePoint>
                <SequencePoint vc="1" uspid="2751" ordinal="68" offset="1592" sl="86" sc="13" el="86" ec="61" bec="0" bev="0" fileid="17">
                  <TrackedMethodRefs>
                    <TrackedMethodRef uid="12" vc="1" />
                  </TrackedMethodRefs>
                </SequencePoint>
                <SequencePoint vc="1" uspid="2752" ordinal="69" offset="1615" sl="87" sc="13" el="87" ec="61" bec="0" bev="0" fileid="17">
                  <TrackedMethodRefs>
                    <TrackedMethodRef uid="12" vc="1" />
                  </TrackedMethodRefs>
                </SequencePoint>
                <SequencePoint vc="1" uspid="2753" ordinal="70" offset="1638" sl="88" sc="13" el="88" ec="61" bec="0" bev="0" fileid="17">
                  <TrackedMethodRefs>
                    <TrackedMethodRef uid="12" vc="1" />
                  </TrackedMethodRefs>
                </SequencePoint>
                <SequencePoint vc="1" uspid="2754" ordinal="71" offset="1661" sl="89" sc="13" el="89" ec="105" bec="0" bev="0" fileid="17">
                  <TrackedMethodRefs>
                    <TrackedMethodRef uid="12" vc="1" />
                  </TrackedMethodRefs>
                </SequencePoint>
                <SequencePoint vc="1" uspid="2755" ordinal="72" offset="1689" sl="90" sc="13" el="90" ec="61" bec="0" bev="0" fileid="17">
                  <TrackedMethodRefs>
                    <TrackedMethodRef uid="12" vc="1" />
                  </TrackedMethodRefs>
                </SequencePoint>
                <SequencePoint vc="1" uspid="2756" ordinal="73" offset="1712" sl="91" sc="13" el="91" ec="61" bec="0" bev="0" fileid="17">
                  <TrackedMethodRefs>
                    <TrackedMethodRef uid="12" vc="1" />
                  </TrackedMethodRefs>
                </SequencePoint>
                <SequencePoint vc="1" uspid="2757" ordinal="74" offset="1735" sl="92" sc="13" el="92" ec="61" bec="0" bev="0" fileid="17">
                  <TrackedMethodRefs>
                    <TrackedMethodRef uid="12" vc="1" />
                  </TrackedMethodRefs>
                </SequencePoint>
                <SequencePoint vc="1" uspid="2758" ordinal="75" offset="1758" sl="93" sc="13" el="93" ec="61" bec="0" bev="0" fileid="17">
                  <TrackedMethodRefs>
                    <TrackedMethodRef uid="12" vc="1" />
                  </TrackedMethodRefs>
                </SequencePoint>
                <SequencePoint vc="1" uspid="2759" ordinal="76" offset="1781" sl="94" sc="13" el="94" ec="61" bec="0" bev="0" fileid="17">
                  <TrackedMethodRefs>
                    <TrackedMethodRef uid="12" vc="1" />
                  </TrackedMethodRefs>
                </SequencePoint>
                <SequencePoint vc="1" uspid="2760" ordinal="77" offset="1804" sl="95" sc="13" el="95" ec="61" bec="0" bev="0" fileid="17">
                  <TrackedMethodRefs>
                    <TrackedMethodRef uid="12" vc="1" />
                  </TrackedMethodRefs>
                </SequencePoint>
                <SequencePoint vc="1" uspid="2761" ordinal="78" offset="1827" sl="96" sc="9" el="96" ec="10" bec="0" bev="0" fileid="17">
                  <TrackedMethodRefs>
                    <TrackedMethodRef uid="12" vc="1" />
                  </TrackedMethodRefs>
                </SequencePoint>
              </SequencePoints>
              <BranchPoints />
              <MethodPoint xsi:type="SequencePoint" vc="1" uspid="2683" ordinal="0" offset="0" sl="18" sc="9" el="18" ec="10" bec="0" bev="0" fileid="17">
                <TrackedMethodRefs>
                  <TrackedMethodRef uid="12" vc="1" />
                </TrackedMethodRefs>
              </MethodPoint>
            </Method>
            <Method visited="true" cyclomaticComplexity="1" nPathComplexity="0" sequenceCoverage="100" branchCoverage="100" crapScore="1" isConstructor="true" isStatic="false" isGetter="false" isSetter="false">
              <Summary numSequencePoints="2" visitedSequencePoints="2" numBranchPoints="1" visitedBranchPoints="1" sequenceCoverage="100" branchCoverage="100" maxCyclomaticComplexity="1" minCyclomaticComplexity="1" maxCrapScore="1" minCrapScore="1" visitedClasses="0" numClasses="0" visitedMethods="1" numMethods="1" />
              <MetadataToken>100663370</MetadataToken>
              <Name>System.Void Chordnomicon_Prototype_1.TabChordFactoryTest::.ctor()</Name>
              <FileRef uid="17" />
              <SequencePoints>
                <SequencePoint vc="1" uspid="2762" ordinal="0" offset="0" sl="13" sc="9" el="13" ec="52" bec="0" bev="0" fileid="17" />
                <SequencePoint vc="1" uspid="2763" ordinal="1" offset="11" sl="14" sc="9" el="14" ec="46" bec="0" bev="0" fileid="17" />
              </SequencePoints>
              <BranchPoints />
              <MethodPoint xsi:type="SequencePoint" vc="1" uspid="2762" ordinal="0" offset="0" sl="13" sc="9" el="13" ec="52" bec="0" bev="0" fileid="17" />
            </Method>
          </Methods>
        </Class>
      </Classes>
      <TrackedMethods>
        <TrackedMethod uid="1" token="100663307" name="System.Void Chordnomicon_Prototype_1.ChordControllerTest::ChordController_checkChordNameTest()" strategy="NUnitTest" />
        <TrackedMethod uid="2" token="100663312" name="System.Void Chordnomicon_Prototype_1.ChordFactoryTest::ChordFactoryTest_getChrodByName()" strategy="NUnitTest" />
        <TrackedMethod uid="3" token="100663333" name="System.Void Chordnomicon_Prototype_1.NoteFactoryTest::NoteFactoryTest_getNoteByName()" strategy="NUnitTest" />
        <TrackedMethod uid="4" token="100663334" name="System.Void Chordnomicon_Prototype_1.NoteFactoryTest::NoteFactoryTest_getNoteByValue()" strategy="NUnitTest" />
        <TrackedMethod uid="5" token="100663356" name="System.Void Chordnomicon_Prototype_1.ProgressionTest::ProgressionTest_getChordNames()" strategy="NUnitTest" />
        <TrackedMethod uid="6" token="100663357" name="System.Void Chordnomicon_Prototype_1.ProgressionTest::ProgressionTest_getChord()" strategy="NUnitTest" />
        <TrackedMethod uid="7" token="100663358" name="System.Void Chordnomicon_Prototype_1.ProgressionTest::ProgressionTest_replaceChord()" strategy="NUnitTest" />
        <TrackedMethod uid="8" token="100663359" name="System.Void Chordnomicon_Prototype_1.ProgressionTest::ProgressionTest_swapChords()" strategy="NUnitTest" />
        <TrackedMethod uid="9" token="100663360" name="System.Void Chordnomicon_Prototype_1.ProgressionTest::ProgressionTest_removeChord()" strategy="NUnitTest" />
        <TrackedMethod uid="10" token="100663361" name="System.Void Chordnomicon_Prototype_1.ProgressionTest::ProgressionTest_getTabNumber()" strategy="NUnitTest" />
        <TrackedMethod uid="11" token="100663362" name="System.Void Chordnomicon_Prototype_1.ProgressionTest::ProgressionTest_changeTabPitch()" strategy="NUnitTest" />
        <TrackedMethod uid="12" token="100663369" name="System.Void Chordnomicon_Prototype_1.TabChordFactoryTest::TabChordFactory_getNoteByChord()" strategy="NUnitTest" />
      </TrackedMethods>
    </Module>
  </Modules>
</CoverageSession>